0 verbose cli /usr/local/bin/node /usr/local/bin/npm
1 info using npm@10.8.2
2 info using node@v20.18.0
3 silly config load:file:/usr/local/lib/node_modules/npm/npmrc
4 silly config load:file:/data/.npmrc
5 silly config load:file:/usr/src/node-red/.npmrc
6 silly config load:file:/usr/local/etc/npmrc
7 verbose title npm install node-red-node-sqlite@1.1.0
8 verbose argv "install" "--no-audit" "--no-update-notifier" "--no-fund" "--save" "--save-prefix" "~" "--omit" "dev" "--engine-strict" "node-red-node-sqlite@1.1.0"
9 verbose logfile logs-max:10 dir:/data/.npm/_logs/2024-12-08T12_24_16_078Z-
10 verbose logfile /data/.npm/_logs/2024-12-08T12_24_16_078Z-debug-0.log
11 silly packumentCache heap:2197815296 maxSize:549453824 maxEntrySize:274726912
12 silly logfile done cleaning log files
13 silly idealTree buildDeps
14 silly fetch manifest node-red-node-sqlite@1.1.0
15 silly packumentCache full:https://registry.npmjs.org/node-red-node-sqlite cache-miss
16 http fetch GET 200 https://registry.npmjs.org/node-red-node-sqlite 1221ms (cache miss)
17 silly packumentCache full:https://registry.npmjs.org/node-red-node-sqlite set size:undefined disposed:false
18 silly placeDep ROOT node-red-node-sqlite@1.1.0 OK for: node-red-project@0.0.1 want: 1.1.0
19 silly fetch manifest sqlite3@^5.1.6
20 silly packumentCache full:https://registry.npmjs.org/sqlite3 cache-miss
21 http fetch GET 200 https://registry.npmjs.org/sqlite3 259ms (cache miss)
22 silly packumentCache full:https://registry.npmjs.org/sqlite3 set size:undefined disposed:false
23 silly placeDep ROOT sqlite3@5.1.7 OK for: node-red-node-sqlite@1.1.0 want: ^5.1.6
24 silly fetch manifest bindings@^1.5.0
25 silly packumentCache full:https://registry.npmjs.org/bindings cache-miss
26 silly fetch manifest node-addon-api@^7.0.0
27 silly packumentCache full:https://registry.npmjs.org/node-addon-api cache-miss
28 silly fetch manifest prebuild-install@^7.1.1
29 silly packumentCache full:https://registry.npmjs.org/prebuild-install cache-miss
30 silly fetch manifest tar@^6.1.11
31 silly packumentCache full:https://registry.npmjs.org/tar cache-miss
32 silly fetch manifest node-gyp@8.x
33 silly packumentCache full:https://registry.npmjs.org/node-gyp cache-miss
34 http fetch GET 200 https://registry.npmjs.org/bindings 172ms (cache miss)
35 silly packumentCache full:https://registry.npmjs.org/bindings set size:undefined disposed:false
36 http fetch GET 200 https://registry.npmjs.org/node-addon-api 745ms (cache miss)
37 silly packumentCache full:https://registry.npmjs.org/node-addon-api set size:undefined disposed:false
38 http fetch GET 200 https://registry.npmjs.org/prebuild-install 783ms (cache miss)
39 silly packumentCache full:https://registry.npmjs.org/prebuild-install set size:undefined disposed:false
40 http fetch GET 200 https://registry.npmjs.org/node-gyp 826ms (cache miss)
41 silly packumentCache full:https://registry.npmjs.org/node-gyp set size:undefined disposed:false
42 http fetch GET 200 https://registry.npmjs.org/tar 833ms (cache miss)
43 silly packumentCache full:https://registry.npmjs.org/tar set size:undefined disposed:false
44 silly placeDep ROOT bindings@1.5.0 OK for: sqlite3@5.1.7 want: ^1.5.0
45 silly placeDep ROOT node-addon-api@7.1.1 OK for: sqlite3@5.1.7 want: ^7.0.0
46 silly placeDep ROOT node-gyp@8.4.1 OK for: sqlite3@5.1.7 want: 8.x
47 silly placeDep ROOT prebuild-install@7.1.2 OK for: sqlite3@5.1.7 want: ^7.1.1
48 silly placeDep ROOT tar@6.2.1 OK for: sqlite3@5.1.7 want: ^6.1.11
49 silly fetch manifest file-uri-to-path@1.0.0
50 silly packumentCache full:https://registry.npmjs.org/file-uri-to-path cache-miss
51 silly fetch manifest tar@^6.1.2
52 silly packumentCache full:https://registry.npmjs.org/tar cache-miss
53 silly fetch manifest glob@^7.1.4
54 silly packumentCache full:https://registry.npmjs.org/glob cache-miss
55 silly fetch manifest nopt@^5.0.0
56 silly packumentCache full:https://registry.npmjs.org/nopt cache-miss
57 silly fetch manifest which@^2.0.2
58 silly packumentCache full:https://registry.npmjs.org/which cache-miss
59 silly fetch manifest npmlog@^6.0.0
60 silly packumentCache full:https://registry.npmjs.org/npmlog cache-miss
61 silly fetch manifest rimraf@^3.0.2
62 silly packumentCache full:https://registry.npmjs.org/rimraf cache-miss
63 http fetch GET 200 https://registry.npmjs.org/tar 52ms (cache hit)
64 silly packumentCache full:https://registry.npmjs.org/tar set size:398957 disposed:false
65 silly fetch manifest semver@^7.3.5
66 silly packumentCache full:https://registry.npmjs.org/semver cache-miss
67 http fetch GET 200 https://registry.npmjs.org/which 140ms (cache miss)
68 silly packumentCache full:https://registry.npmjs.org/which set size:undefined disposed:false
69 silly fetch manifest env-paths@^2.2.0
70 silly packumentCache full:https://registry.npmjs.org/env-paths cache-miss
71 http fetch GET 200 https://registry.npmjs.org/file-uri-to-path 148ms (cache miss)
72 silly packumentCache full:https://registry.npmjs.org/file-uri-to-path set size:undefined disposed:false
73 silly fetch manifest graceful-fs@^4.2.6
74 silly packumentCache full:https://registry.npmjs.org/graceful-fs cache-miss
75 http fetch GET 200 https://registry.npmjs.org/nopt 148ms (cache miss)
76 silly packumentCache full:https://registry.npmjs.org/nopt set size:undefined disposed:false
77 silly fetch manifest make-fetch-happen@^9.1.0
78 silly packumentCache full:https://registry.npmjs.org/make-fetch-happen cache-miss
79 http fetch GET 200 https://registry.npmjs.org/npmlog 151ms (cache miss)
80 silly packumentCache full:https://registry.npmjs.org/npmlog set size:undefined disposed:false
81 silly fetch manifest detect-libc@^2.0.0
82 silly packumentCache full:https://registry.npmjs.org/detect-libc cache-miss
83 http fetch GET 200 https://registry.npmjs.org/glob 259ms (cache miss)
84 silly packumentCache full:https://registry.npmjs.org/glob set size:undefined disposed:false
85 silly fetch manifest expand-template@^2.0.3
86 silly packumentCache full:https://registry.npmjs.org/expand-template cache-miss
87 http fetch GET 200 https://registry.npmjs.org/env-paths 128ms (cache miss)
88 silly packumentCache full:https://registry.npmjs.org/env-paths set size:undefined disposed:false
89 silly fetch manifest github-from-package@0.0.0
90 silly packumentCache full:https://registry.npmjs.org/github-from-package cache-miss
91 http fetch GET 200 https://registry.npmjs.org/detect-libc 143ms (cache miss)
92 silly packumentCache full:https://registry.npmjs.org/detect-libc set size:undefined disposed:false
93 silly fetch manifest minimist@^1.2.3
94 silly packumentCache full:https://registry.npmjs.org/minimist cache-miss
95 http fetch GET 200 https://registry.npmjs.org/graceful-fs 154ms (cache miss)
96 silly packumentCache full:https://registry.npmjs.org/graceful-fs set size:undefined disposed:false
97 silly fetch manifest mkdirp-classic@^0.5.3
98 silly packumentCache full:https://registry.npmjs.org/mkdirp-classic cache-miss
99 http fetch GET 200 https://registry.npmjs.org/make-fetch-happen 177ms (cache miss)
100 silly packumentCache full:https://registry.npmjs.org/make-fetch-happen set size:undefined disposed:false
101 silly fetch manifest napi-build-utils@^1.0.1
102 silly packumentCache full:https://registry.npmjs.org/napi-build-utils cache-miss
103 http fetch GET 200 https://registry.npmjs.org/minimist 130ms (cache miss)
104 silly packumentCache full:https://registry.npmjs.org/minimist set size:undefined disposed:false
105 silly fetch manifest node-abi@^3.3.0
106 silly packumentCache full:https://registry.npmjs.org/node-abi cache-miss
107 http fetch GET 200 https://registry.npmjs.org/expand-template 178ms (cache miss)
108 silly packumentCache full:https://registry.npmjs.org/expand-template set size:undefined disposed:false
109 silly fetch manifest pump@^3.0.0
110 silly packumentCache full:https://registry.npmjs.org/pump cache-miss
111 http fetch GET 200 https://registry.npmjs.org/github-from-package 174ms (cache miss)
112 silly packumentCache full:https://registry.npmjs.org/github-from-package set size:undefined disposed:false
113 silly fetch manifest rc@^1.2.7
114 silly packumentCache full:https://registry.npmjs.org/rc cache-miss
115 http fetch GET 200 https://registry.npmjs.org/rimraf 483ms (cache miss)
116 silly packumentCache full:https://registry.npmjs.org/rimraf set size:undefined disposed:false
117 silly fetch manifest simple-get@^4.0.0
118 silly packumentCache full:https://registry.npmjs.org/simple-get cache-miss
119 http fetch GET 200 https://registry.npmjs.org/napi-build-utils 166ms (cache miss)
120 silly packumentCache full:https://registry.npmjs.org/napi-build-utils set size:undefined disposed:false
121 silly fetch manifest tar-fs@^2.0.0
122 silly packumentCache full:https://registry.npmjs.org/tar-fs cache-miss
123 http fetch GET 200 https://registry.npmjs.org/mkdirp-classic 197ms (cache miss)
124 silly packumentCache full:https://registry.npmjs.org/mkdirp-classic set size:undefined disposed:false
125 silly fetch manifest tunnel-agent@^0.6.0
126 silly packumentCache full:https://registry.npmjs.org/tunnel-agent cache-miss
127 http fetch GET 200 https://registry.npmjs.org/semver 477ms (cache miss)
128 silly packumentCache full:https://registry.npmjs.org/semver set size:undefined disposed:false
129 silly fetch manifest chownr@^2.0.0
130 silly packumentCache full:https://registry.npmjs.org/chownr cache-miss
131 http fetch GET 200 https://registry.npmjs.org/pump 165ms (cache miss)
132 silly packumentCache full:https://registry.npmjs.org/pump set size:undefined disposed:false
133 silly fetch manifest mkdirp@^1.0.3
134 silly packumentCache full:https://registry.npmjs.org/mkdirp cache-miss
135 http fetch GET 200 https://registry.npmjs.org/tunnel-agent 136ms (cache miss)
136 silly packumentCache full:https://registry.npmjs.org/tunnel-agent set size:undefined disposed:false
137 silly fetch manifest yallist@^4.0.0
138 silly packumentCache full:https://registry.npmjs.org/yallist cache-miss
139 http fetch GET 200 https://registry.npmjs.org/rc 202ms (cache miss)
140 silly packumentCache full:https://registry.npmjs.org/rc set size:undefined disposed:false
141 silly fetch manifest minipass@^5.0.0
142 silly packumentCache full:https://registry.npmjs.org/minipass cache-miss
143 http fetch GET 200 https://registry.npmjs.org/tar-fs 159ms (cache miss)
144 silly packumentCache full:https://registry.npmjs.org/tar-fs set size:undefined disposed:false
145 silly fetch manifest minizlib@^2.1.1
146 silly packumentCache full:https://registry.npmjs.org/minizlib cache-miss
147 http fetch GET 200 https://registry.npmjs.org/node-abi 254ms (cache miss)
148 silly packumentCache full:https://registry.npmjs.org/node-abi set size:undefined disposed:false
149 silly fetch manifest fs-minipass@^2.0.0
150 silly packumentCache full:https://registry.npmjs.org/fs-minipass cache-miss
151 http fetch GET 200 https://registry.npmjs.org/chownr 163ms (cache miss)
152 silly packumentCache full:https://registry.npmjs.org/chownr set size:undefined disposed:false
153 http fetch GET 200 https://registry.npmjs.org/simple-get 210ms (cache miss)
154 silly packumentCache full:https://registry.npmjs.org/simple-get set size:undefined disposed:false
155 http fetch GET 200 https://registry.npmjs.org/mkdirp 158ms (cache miss)
156 silly packumentCache full:https://registry.npmjs.org/mkdirp set size:undefined disposed:false
157 http fetch GET 200 https://registry.npmjs.org/yallist 127ms (cache miss)
158 silly packumentCache full:https://registry.npmjs.org/yallist set size:undefined disposed:false
159 http fetch GET 200 https://registry.npmjs.org/minizlib 131ms (cache miss)
160 silly packumentCache full:https://registry.npmjs.org/minizlib set size:undefined disposed:false
161 http fetch GET 200 https://registry.npmjs.org/fs-minipass 119ms (cache miss)
162 silly packumentCache full:https://registry.npmjs.org/fs-minipass set size:undefined disposed:false
163 http fetch GET 200 https://registry.npmjs.org/minipass 400ms (cache miss)
164 silly packumentCache full:https://registry.npmjs.org/minipass set size:undefined disposed:false
165 silly placeDep ROOT file-uri-to-path@1.0.0 OK for: bindings@1.5.0 want: 1.0.0
166 silly placeDep ROOT env-paths@2.2.1 OK for: node-gyp@8.4.1 want: ^2.2.0
167 silly placeDep ROOT glob@7.2.3 OK for: node-gyp@8.4.1 want: ^7.1.4
168 silly placeDep ROOT graceful-fs@4.2.11 OK for: node-gyp@8.4.1 want: ^4.2.6
169 silly placeDep ROOT make-fetch-happen@9.1.0 OK for: node-gyp@8.4.1 want: ^9.1.0
170 silly placeDep ROOT nopt@5.0.0 OK for: node-gyp@8.4.1 want: ^5.0.0
171 silly placeDep ROOT npmlog@6.0.2 OK for: node-gyp@8.4.1 want: ^6.0.0
172 silly placeDep ROOT rimraf@3.0.2 OK for: node-gyp@8.4.1 want: ^3.0.2
173 silly placeDep ROOT semver@7.6.3 OK for: node-gyp@8.4.1 want: ^7.3.5
174 silly placeDep ROOT which@2.0.2 OK for: node-gyp@8.4.1 want: ^2.0.2
175 silly fetch manifest once@^1.3.0
176 silly packumentCache full:https://registry.npmjs.org/once cache-miss
177 silly fetch manifest inflight@^1.0.4
178 silly packumentCache full:https://registry.npmjs.org/inflight cache-miss
179 silly fetch manifest inherits@2
180 silly packumentCache full:https://registry.npmjs.org/inherits cache-miss
181 silly fetch manifest minimatch@^3.1.1
182 silly packumentCache full:https://registry.npmjs.org/minimatch cache-miss
183 silly fetch manifest fs.realpath@^1.0.0
184 silly packumentCache full:https://registry.npmjs.org/fs.realpath cache-miss
185 silly fetch manifest path-is-absolute@^1.0.0
186 silly packumentCache full:https://registry.npmjs.org/path-is-absolute cache-miss
187 silly fetch manifest ssri@^8.0.0
188 silly packumentCache full:https://registry.npmjs.org/ssri cache-miss
189 http fetch GET 200 https://registry.npmjs.org/path-is-absolute 2198ms (cache miss)
190 silly packumentCache full:https://registry.npmjs.org/path-is-absolute set size:undefined disposed:false
191 silly fetch manifest cacache@^15.2.0
192 silly packumentCache full:https://registry.npmjs.org/cacache cache-miss
193 http fetch GET 200 https://registry.npmjs.org/inflight 2341ms (cache miss)
194 silly packumentCache full:https://registry.npmjs.org/inflight set size:undefined disposed:false
195 silly fetch manifest minipass@^3.1.3
196 silly packumentCache full:https://registry.npmjs.org/minipass cache-miss
197 http fetch GET 200 https://registry.npmjs.org/inherits 2343ms (cache miss)
198 silly packumentCache full:https://registry.npmjs.org/inherits set size:undefined disposed:false
199 silly fetch manifest is-lambda@^1.0.1
200 silly packumentCache full:https://registry.npmjs.org/is-lambda cache-miss
201 http fetch GET 200 https://registry.npmjs.org/once 2349ms (cache miss)
202 silly packumentCache full:https://registry.npmjs.org/once set size:undefined disposed:false
203 silly fetch manifest lru-cache@^6.0.0
204 silly packumentCache full:https://registry.npmjs.org/lru-cache cache-miss
205 http fetch GET 200 https://registry.npmjs.org/cacache 147ms (cache miss)
206 silly packumentCache full:https://registry.npmjs.org/cacache set size:undefined disposed:false
207 silly fetch manifest negotiator@^0.6.2
208 silly packumentCache full:https://registry.npmjs.org/negotiator cache-miss
209 http fetch GET 200 https://registry.npmjs.org/minipass 50ms (cache hit)
210 silly packumentCache full:https://registry.npmjs.org/minipass set size:490195 disposed:false
211 silly fetch manifest promise-retry@^2.0.1
212 silly packumentCache full:https://registry.npmjs.org/promise-retry cache-miss
213 http fetch GET 200 https://registry.npmjs.org/minimatch 2438ms (cache miss)
214 silly packumentCache full:https://registry.npmjs.org/minimatch set size:undefined disposed:false
215 silly fetch manifest agentkeepalive@^4.1.3
216 silly packumentCache full:https://registry.npmjs.org/agentkeepalive cache-miss
217 http fetch GET 200 https://registry.npmjs.org/is-lambda 112ms (cache miss)
218 silly packumentCache full:https://registry.npmjs.org/is-lambda set size:undefined disposed:false
219 silly fetch manifest minipass-fetch@^1.3.2
220 silly packumentCache full:https://registry.npmjs.org/minipass-fetch cache-miss
221 http fetch GET 200 https://registry.npmjs.org/negotiator 128ms (cache miss)
222 silly packumentCache full:https://registry.npmjs.org/negotiator set size:undefined disposed:false
223 silly fetch manifest minipass-flush@^1.0.5
224 silly packumentCache full:https://registry.npmjs.org/minipass-flush cache-miss
225 http fetch GET 200 https://registry.npmjs.org/lru-cache 170ms (cache miss)
226 silly packumentCache full:https://registry.npmjs.org/lru-cache set size:undefined disposed:false
227 silly fetch manifest http-proxy-agent@^4.0.1
228 silly packumentCache full:https://registry.npmjs.org/http-proxy-agent cache-miss
229 http fetch GET 200 https://registry.npmjs.org/promise-retry 134ms (cache miss)
230 silly packumentCache full:https://registry.npmjs.org/promise-retry set size:undefined disposed:false
231 silly fetch manifest minipass-collect@^1.0.2
232 silly packumentCache full:https://registry.npmjs.org/minipass-collect cache-miss
233 http fetch GET 200 https://registry.npmjs.org/minipass-fetch 116ms (cache miss)
234 silly packumentCache full:https://registry.npmjs.org/minipass-fetch set size:undefined disposed:false
235 silly fetch manifest https-proxy-agent@^5.0.0
236 silly packumentCache full:https://registry.npmjs.org/https-proxy-agent cache-miss
237 http fetch GET 200 https://registry.npmjs.org/minipass-collect 215ms (cache miss)
238 silly packumentCache full:https://registry.npmjs.org/minipass-collect set size:undefined disposed:false
239 silly fetch manifest minipass-pipeline@^1.2.4
240 silly packumentCache full:https://registry.npmjs.org/minipass-pipeline cache-miss
241 http fetch GET 200 https://registry.npmjs.org/minipass-flush 261ms (cache miss)
242 silly packumentCache full:https://registry.npmjs.org/minipass-flush set size:undefined disposed:false
243 silly fetch manifest socks-proxy-agent@^6.0.0
244 silly packumentCache full:https://registry.npmjs.org/socks-proxy-agent cache-miss
245 http fetch GET 200 https://registry.npmjs.org/agentkeepalive 309ms (cache miss)
246 silly packumentCache full:https://registry.npmjs.org/agentkeepalive set size:undefined disposed:false
247 silly fetch manifest http-cache-semantics@^4.1.0
248 silly packumentCache full:https://registry.npmjs.org/http-cache-semantics cache-miss
249 http fetch GET 200 https://registry.npmjs.org/http-proxy-agent 237ms (cache miss)
250 silly packumentCache full:https://registry.npmjs.org/http-proxy-agent set size:undefined disposed:false
251 silly fetch manifest abbrev@1
252 silly packumentCache full:https://registry.npmjs.org/abbrev cache-miss
253 http fetch GET 200 https://registry.npmjs.org/https-proxy-agent 233ms (cache miss)
254 silly packumentCache full:https://registry.npmjs.org/https-proxy-agent set size:undefined disposed:false
255 silly fetch manifest gauge@^4.0.3
256 silly packumentCache full:https://registry.npmjs.org/gauge cache-miss
257 http fetch GET 200 https://registry.npmjs.org/minipass-pipeline 112ms (cache miss)
258 silly packumentCache full:https://registry.npmjs.org/minipass-pipeline set size:undefined disposed:false
259 silly fetch manifest set-blocking@^2.0.0
260 silly packumentCache full:https://registry.npmjs.org/set-blocking cache-miss
261 http fetch GET 200 https://registry.npmjs.org/socks-proxy-agent 123ms (cache miss)
262 silly packumentCache full:https://registry.npmjs.org/socks-proxy-agent set size:undefined disposed:false
263 silly fetch manifest are-we-there-yet@^3.0.0
264 silly packumentCache full:https://registry.npmjs.org/are-we-there-yet cache-miss
265 http fetch GET 200 https://registry.npmjs.org/abbrev 143ms (cache miss)
266 silly packumentCache full:https://registry.npmjs.org/abbrev set size:undefined disposed:false
267 silly fetch manifest console-control-strings@^1.1.0
268 silly packumentCache full:https://registry.npmjs.org/console-control-strings cache-miss
269 http fetch GET 200 https://registry.npmjs.org/http-cache-semantics 152ms (cache miss)
270 silly packumentCache full:https://registry.npmjs.org/http-cache-semantics set size:undefined disposed:false
271 silly fetch manifest isexe@^2.0.0
272 silly packumentCache full:https://registry.npmjs.org/isexe cache-miss
273 http fetch GET 200 https://registry.npmjs.org/ssri 3062ms (cache miss)
274 silly packumentCache full:https://registry.npmjs.org/ssri set size:undefined disposed:false
275 http fetch GET 200 https://registry.npmjs.org/gauge 256ms (cache miss)
276 silly packumentCache full:https://registry.npmjs.org/gauge set size:undefined disposed:false
277 http fetch GET 200 https://registry.npmjs.org/set-blocking 207ms (cache miss)
278 silly packumentCache full:https://registry.npmjs.org/set-blocking set size:undefined disposed:false
279 http fetch GET 200 https://registry.npmjs.org/console-control-strings 197ms (cache miss)
280 silly packumentCache full:https://registry.npmjs.org/console-control-strings set size:undefined disposed:false
281 http fetch GET 200 https://registry.npmjs.org/isexe 198ms (cache miss)
282 silly packumentCache full:https://registry.npmjs.org/isexe set size:undefined disposed:false
283 http fetch GET 200 https://registry.npmjs.org/are-we-there-yet 232ms (cache miss)
284 silly packumentCache full:https://registry.npmjs.org/are-we-there-yet set size:undefined disposed:false
285 http fetch GET 200 https://registry.npmjs.org/fs.realpath 3198ms (cache miss)
286 silly packumentCache full:https://registry.npmjs.org/fs.realpath set size:undefined disposed:false
287 silly placeDep ROOT fs.realpath@1.0.0 OK for: glob@7.2.3 want: ^1.0.0
288 silly placeDep ROOT inflight@1.0.6 OK for: glob@7.2.3 want: ^1.0.4
289 silly placeDep ROOT inherits@2.0.4 OK for: glob@7.2.3 want: 2
290 silly placeDep ROOT minimatch@3.1.2 OK for: glob@7.2.3 want: ^3.1.1
291 silly placeDep ROOT once@1.4.0 OK for: glob@7.2.3 want: ^1.3.0
292 silly placeDep ROOT path-is-absolute@1.0.1 OK for: glob@7.2.3 want: ^1.0.0
293 silly fetch manifest wrappy@1
294 silly packumentCache full:https://registry.npmjs.org/wrappy cache-miss
295 silly fetch manifest brace-expansion@^1.1.7
296 silly packumentCache full:https://registry.npmjs.org/brace-expansion cache-miss
297 silly fetch manifest wrappy@1
298 silly packumentCache full:https://registry.npmjs.org/wrappy cache-miss
299 http fetch GET 200 https://registry.npmjs.org/wrappy 122ms (cache miss)
300 silly packumentCache full:https://registry.npmjs.org/wrappy set size:undefined disposed:false
301 http fetch GET 200 https://registry.npmjs.org/brace-expansion 123ms (cache miss)
302 silly packumentCache full:https://registry.npmjs.org/brace-expansion set size:undefined disposed:false
303 http fetch GET 200 https://registry.npmjs.org/wrappy 123ms (cache miss)
304 silly packumentCache full:https://registry.npmjs.org/wrappy set size:undefined disposed:false
305 silly placeDep ROOT wrappy@1.0.2 OK for: inflight@1.0.6 want: 1
306 silly placeDep ROOT agentkeepalive@4.5.0 OK for: make-fetch-happen@9.1.0 want: ^4.1.3
307 silly placeDep ROOT cacache@15.3.0 OK for: make-fetch-happen@9.1.0 want: ^15.2.0
308 silly placeDep ROOT http-cache-semantics@4.1.1 OK for: make-fetch-happen@9.1.0 want: ^4.1.0
309 silly placeDep ROOT http-proxy-agent@4.0.1 OK for: make-fetch-happen@9.1.0 want: ^4.0.1
310 silly placeDep ROOT https-proxy-agent@5.0.1 OK for: make-fetch-happen@9.1.0 want: ^5.0.0
311 silly placeDep ROOT is-lambda@1.0.1 OK for: make-fetch-happen@9.1.0 want: ^1.0.1
312 silly placeDep ROOT lru-cache@6.0.0 OK for: make-fetch-happen@9.1.0 want: ^6.0.0
313 silly placeDep ROOT minipass@3.3.6 OK for: make-fetch-happen@9.1.0 want: ^3.1.3
314 silly placeDep ROOT minipass-collect@1.0.2 OK for: make-fetch-happen@9.1.0 want: ^1.0.2
315 silly placeDep ROOT minipass-fetch@1.4.1 OK for: make-fetch-happen@9.1.0 want: ^1.3.2
316 silly placeDep ROOT minipass-flush@1.0.5 OK for: make-fetch-happen@9.1.0 want: ^1.0.5
317 silly placeDep ROOT minipass-pipeline@1.2.4 OK for: make-fetch-happen@9.1.0 want: ^1.2.4
318 silly placeDep ROOT negotiator@0.6.4 OK for: make-fetch-happen@9.1.0 want: ^0.6.2
319 silly placeDep ROOT promise-retry@2.0.1 OK for: make-fetch-happen@9.1.0 want: ^2.0.1
320 silly placeDep ROOT socks-proxy-agent@6.2.1 OK for: make-fetch-happen@9.1.0 want: ^6.0.0
321 silly placeDep ROOT ssri@8.0.1 OK for: make-fetch-happen@9.1.0 want: ^8.0.0
322 silly fetch manifest humanize-ms@^1.2.1
323 silly packumentCache full:https://registry.npmjs.org/humanize-ms cache-miss
324 silly fetch manifest ssri@^8.0.1
325 silly packumentCache full:https://registry.npmjs.org/ssri cache-miss
326 silly fetch manifest p-map@^4.0.0
327 silly packumentCache full:https://registry.npmjs.org/p-map cache-miss
328 silly fetch manifest minipass@^3.1.1
329 silly packumentCache full:https://registry.npmjs.org/minipass cache-hit
330 silly fetch manifest @npmcli/fs@^1.0.0
331 silly packumentCache full:https://registry.npmjs.org/@npmcli%2ffs cache-miss
332 silly fetch manifest infer-owner@^1.0.4
333 silly packumentCache full:https://registry.npmjs.org/infer-owner cache-miss
334 silly fetch manifest unique-filename@^1.1.1
335 silly packumentCache full:https://registry.npmjs.org/unique-filename cache-miss
336 silly fetch manifest promise-inflight@^1.0.1
337 silly packumentCache full:https://registry.npmjs.org/promise-inflight cache-miss
338 http fetch GET 200 https://registry.npmjs.org/ssri 54ms (cache hit)
339 silly packumentCache full:https://registry.npmjs.org/ssri set size:130395 disposed:false
340 silly fetch manifest @npmcli/move-file@^1.0.1
341 silly packumentCache full:https://registry.npmjs.org/@npmcli%2fmove-file cache-miss
342 http fetch GET 200 https://registry.npmjs.org/unique-filename 133ms (cache miss)
343 silly packumentCache full:https://registry.npmjs.org/unique-filename set size:undefined disposed:false
344 silly fetch manifest minipass-pipeline@^1.2.2
345 silly packumentCache full:https://registry.npmjs.org/minipass-pipeline cache-miss
346 http fetch GET 200 https://registry.npmjs.org/humanize-ms 148ms (cache miss)
347 silly packumentCache full:https://registry.npmjs.org/humanize-ms set size:undefined disposed:false
348 silly fetch manifest @tootallnate/once@1
349 silly packumentCache full:https://registry.npmjs.org/@tootallnate%2fonce cache-miss
350 http fetch GET 200 https://registry.npmjs.org/infer-owner 141ms (cache miss)
351 silly packumentCache full:https://registry.npmjs.org/infer-owner set size:undefined disposed:false
352 silly fetch manifest agent-base@6
353 silly packumentCache full:https://registry.npmjs.org/agent-base cache-miss
354 http fetch GET 200 https://registry.npmjs.org/@npmcli%2ffs 145ms (cache miss)
355 silly packumentCache full:https://registry.npmjs.org/@npmcli%2ffs set size:undefined disposed:false
356 silly fetch manifest debug@4
357 silly packumentCache full:https://registry.npmjs.org/debug cache-miss
358 http fetch GET 200 https://registry.npmjs.org/promise-inflight 162ms (cache miss)
359 silly packumentCache full:https://registry.npmjs.org/promise-inflight set size:undefined disposed:false
360 silly fetch manifest debug@4
361 silly packumentCache full:https://registry.npmjs.org/debug cache-miss
362 http fetch GET 200 https://registry.npmjs.org/p-map 184ms (cache miss)
363 silly packumentCache full:https://registry.npmjs.org/p-map set size:undefined disposed:false
364 silly fetch manifest agent-base@6
365 silly packumentCache full:https://registry.npmjs.org/agent-base cache-miss
366 http fetch GET 200 https://registry.npmjs.org/minipass-pipeline 57ms (cache hit)
367 silly packumentCache full:https://registry.npmjs.org/minipass-pipeline set size:27941 disposed:false
368 silly fetch manifest minizlib@^2.0.0
369 silly packumentCache full:https://registry.npmjs.org/minizlib cache-miss
370 http fetch GET 200 https://registry.npmjs.org/minizlib 34ms (cache hit)
371 silly packumentCache full:https://registry.npmjs.org/minizlib set size:57871 disposed:false
372 silly fetch manifest minipass-sized@^1.0.3
373 silly packumentCache full:https://registry.npmjs.org/minipass-sized cache-miss
374 http fetch GET 200 https://registry.npmjs.org/@npmcli%2fmove-file 186ms (cache miss)
375 silly packumentCache full:https://registry.npmjs.org/@npmcli%2fmove-file set size:undefined disposed:false
376 silly fetch manifest encoding@^0.1.12
377 silly packumentCache full:https://registry.npmjs.org/encoding cache-miss
378 http fetch GET 200 https://registry.npmjs.org/agent-base 166ms (cache miss)
379 silly packumentCache full:https://registry.npmjs.org/agent-base set size:undefined disposed:false
380 silly fetch manifest err-code@^2.0.2
381 silly packumentCache full:https://registry.npmjs.org/err-code cache-miss
382 http fetch GET 200 https://registry.npmjs.org/encoding 151ms (cache miss)
383 silly packumentCache full:https://registry.npmjs.org/encoding set size:undefined disposed:false
384 silly fetch manifest retry@^0.12.0
385 silly packumentCache full:https://registry.npmjs.org/retry cache-miss
386 http fetch GET 200 https://registry.npmjs.org/minipass-sized 158ms (cache miss)
387 silly packumentCache full:https://registry.npmjs.org/minipass-sized set size:undefined disposed:false
388 silly fetch manifest debug@^4.3.3
389 silly packumentCache full:https://registry.npmjs.org/debug cache-miss
390 http fetch GET 200 https://registry.npmjs.org/@tootallnate%2fonce 288ms (cache miss)
391 silly packumentCache full:https://registry.npmjs.org/@tootallnate%2fonce set size:undefined disposed:false
392 silly fetch manifest socks@^2.6.2
393 silly packumentCache full:https://registry.npmjs.org/socks cache-miss
394 http fetch GET 200 https://registry.npmjs.org/err-code 127ms (cache miss)
395 silly packumentCache full:https://registry.npmjs.org/err-code set size:undefined disposed:false
396 silly fetch manifest agent-base@^6.0.2
397 silly packumentCache full:https://registry.npmjs.org/agent-base cache-miss
398 http fetch GET 200 https://registry.npmjs.org/debug 305ms (cache miss)
399 silly packumentCache full:https://registry.npmjs.org/debug set size:undefined disposed:false
400 http fetch GET 200 https://registry.npmjs.org/agent-base 291ms (cache miss)
401 silly packumentCache full:https://registry.npmjs.org/agent-base set size:undefined disposed:false
402 http fetch GET 200 https://registry.npmjs.org/debug 309ms (cache miss)
403 silly packumentCache full:https://registry.npmjs.org/debug set size:undefined disposed:false
404 http fetch GET 200 https://registry.npmjs.org/agent-base 39ms (cache hit)
405 silly packumentCache full:https://registry.npmjs.org/agent-base set size:65276 disposed:false
406 http fetch GET 200 https://registry.npmjs.org/retry 110ms (cache miss)
407 silly packumentCache full:https://registry.npmjs.org/retry set size:undefined disposed:false
408 http fetch GET 200 https://registry.npmjs.org/debug 191ms (cache miss)
409 silly packumentCache full:https://registry.npmjs.org/debug set size:undefined disposed:false
410 http fetch GET 200 https://registry.npmjs.org/socks 170ms (cache miss)
411 silly packumentCache full:https://registry.npmjs.org/socks set size:undefined disposed:false
412 silly placeDep ROOT humanize-ms@1.2.1 OK for: agentkeepalive@4.5.0 want: ^1.2.1
413 silly fetch manifest ms@^2.0.0
414 silly packumentCache full:https://registry.npmjs.org/ms cache-miss
415 http fetch GET 200 https://registry.npmjs.org/ms 119ms (cache miss)
416 silly packumentCache full:https://registry.npmjs.org/ms set size:undefined disposed:false
417 silly placeDep ROOT @npmcli/fs@1.1.1 OK for: cacache@15.3.0 want: ^1.0.0
418 silly placeDep ROOT @npmcli/move-file@1.1.2 OK for: cacache@15.3.0 want: ^1.0.1
419 silly placeDep ROOT chownr@2.0.0 OK for: cacache@15.3.0 want: ^2.0.0
420 silly placeDep ROOT fs-minipass@2.1.0 OK for: cacache@15.3.0 want: ^2.0.0
421 silly placeDep ROOT infer-owner@1.0.4 OK for: cacache@15.3.0 want: ^1.0.4
422 silly placeDep ROOT mkdirp@1.0.4 OK for: cacache@15.3.0 want: ^1.0.3
423 silly placeDep ROOT p-map@4.0.0 OK for: cacache@15.3.0 want: ^4.0.0
424 silly placeDep ROOT promise-inflight@1.0.1 OK for: cacache@15.3.0 want: ^1.0.1
425 silly placeDep ROOT unique-filename@1.1.1 OK for: cacache@15.3.0 want: ^1.1.1
426 silly fetch manifest @gar/promisify@^1.0.1
427 silly packumentCache full:https://registry.npmjs.org/@gar%2fpromisify cache-miss
428 silly fetch manifest mkdirp@^1.0.4
429 silly packumentCache full:https://registry.npmjs.org/mkdirp cache-miss
430 silly fetch manifest aggregate-error@^3.0.0
431 silly packumentCache full:https://registry.npmjs.org/aggregate-error cache-miss
432 silly fetch manifest unique-slug@^2.0.0
433 silly packumentCache full:https://registry.npmjs.org/unique-slug cache-miss
434 http fetch GET 200 https://registry.npmjs.org/mkdirp 37ms (cache hit)
435 silly packumentCache full:https://registry.npmjs.org/mkdirp set size:116455 disposed:false
436 http fetch GET 200 https://registry.npmjs.org/aggregate-error 107ms (cache miss)
437 silly packumentCache full:https://registry.npmjs.org/aggregate-error set size:undefined disposed:false
438 http fetch GET 200 https://registry.npmjs.org/unique-slug 109ms (cache miss)
439 silly packumentCache full:https://registry.npmjs.org/unique-slug set size:undefined disposed:false
440 http fetch GET 200 https://registry.npmjs.org/@gar%2fpromisify 316ms (cache miss)
441 silly packumentCache full:https://registry.npmjs.org/@gar%2fpromisify set size:undefined disposed:false
442 silly placeDep ROOT @gar/promisify@1.1.3 OK for: @npmcli/fs@1.1.1 want: ^1.0.1
443 silly placeDep ROOT @tootallnate/once@1.1.2 OK for: http-proxy-agent@4.0.1 want: 1
444 silly placeDep ROOT agent-base@6.0.2 OK for: http-proxy-agent@4.0.1 want: 6
445 silly placeDep ROOT debug@4.4.0 OK for: http-proxy-agent@4.0.1 want: 4
446 silly fetch manifest ms@^2.1.3
447 silly packumentCache full:https://registry.npmjs.org/ms cache-miss
448 http fetch GET 200 https://registry.npmjs.org/ms 51ms (cache hit)
449 silly packumentCache full:https://registry.npmjs.org/ms set size:84885 disposed:false
450 silly placeDep ROOT ms@2.1.3 OK for: debug@4.4.0 want: ^2.1.3
451 silly placeDep ROOT yallist@4.0.0 OK for: lru-cache@6.0.0 want: ^4.0.0
452 silly placeDep ROOT brace-expansion@1.1.11 OK for: minimatch@3.1.2 want: ^1.1.7
453 silly fetch manifest balanced-match@^1.0.0
454 silly packumentCache full:https://registry.npmjs.org/balanced-match cache-miss
455 silly fetch manifest concat-map@0.0.1
456 silly packumentCache full:https://registry.npmjs.org/concat-map cache-miss
457 http fetch GET 200 https://registry.npmjs.org/balanced-match 124ms (cache miss)
458 silly packumentCache full:https://registry.npmjs.org/balanced-match set size:undefined disposed:false
459 http fetch GET 200 https://registry.npmjs.org/concat-map 132ms (cache miss)
460 silly packumentCache full:https://registry.npmjs.org/concat-map set size:undefined disposed:false
461 silly placeDep ROOT balanced-match@1.0.2 OK for: brace-expansion@1.1.11 want: ^1.0.0
462 silly placeDep ROOT concat-map@0.0.1 OK for: brace-expansion@1.1.11 want: 0.0.1
463 silly placeDep ROOT encoding@0.1.13 OK for: minipass-fetch@1.4.1 want: ^0.1.12
464 silly placeDep ROOT minipass-sized@1.0.3 OK for: minipass-fetch@1.4.1 want: ^1.0.3
465 silly placeDep ROOT minizlib@2.1.2 OK for: minipass-fetch@1.4.1 want: ^2.0.0
466 silly fetch manifest iconv-lite@^0.6.2
467 silly packumentCache full:https://registry.npmjs.org/iconv-lite cache-miss
468 http fetch GET 200 https://registry.npmjs.org/iconv-lite 173ms (cache miss)
469 silly packumentCache full:https://registry.npmjs.org/iconv-lite set size:undefined disposed:false
470 silly placeDep ROOT iconv-lite@0.6.3 OK for: encoding@0.1.13 want: ^0.6.2
471 silly fetch manifest safer-buffer@>= 2.1.2 < 3.0.0
472 silly packumentCache full:https://registry.npmjs.org/safer-buffer cache-miss
473 http fetch GET 200 https://registry.npmjs.org/safer-buffer 134ms (cache miss)
474 silly packumentCache full:https://registry.npmjs.org/safer-buffer set size:undefined disposed:false
475 silly placeDep ROOT safer-buffer@2.1.2 OK for: iconv-lite@0.6.3 want: >= 2.1.2 < 3.0.0
476 silly placeDep ROOT abbrev@1.1.1 OK for: nopt@5.0.0 want: 1
477 silly placeDep ROOT are-we-there-yet@3.0.1 OK for: npmlog@6.0.2 want: ^3.0.0
478 silly placeDep ROOT console-control-strings@1.1.0 OK for: npmlog@6.0.2 want: ^1.1.0
479 silly placeDep ROOT gauge@4.0.4 OK for: npmlog@6.0.2 want: ^4.0.3
480 silly placeDep ROOT set-blocking@2.0.0 OK for: npmlog@6.0.2 want: ^2.0.0
481 silly fetch manifest delegates@^1.0.0
482 silly packumentCache full:https://registry.npmjs.org/delegates cache-miss
483 silly fetch manifest readable-stream@^3.6.0
484 silly packumentCache full:https://registry.npmjs.org/readable-stream cache-miss
485 silly fetch manifest aproba@^1.0.3 || ^2.0.0
486 silly packumentCache full:https://registry.npmjs.org/aproba cache-miss
487 silly fetch manifest strip-ansi@^6.0.1
488 silly packumentCache full:https://registry.npmjs.org/strip-ansi cache-miss
489 silly fetch manifest wide-align@^1.1.5
490 silly packumentCache full:https://registry.npmjs.org/wide-align cache-miss
491 silly fetch manifest has-unicode@^2.0.1
492 silly packumentCache full:https://registry.npmjs.org/has-unicode cache-miss
493 silly fetch manifest signal-exit@^3.0.7
494 silly packumentCache full:https://registry.npmjs.org/signal-exit cache-miss
495 http fetch GET 200 https://registry.npmjs.org/wide-align 137ms (cache miss)
496 silly packumentCache full:https://registry.npmjs.org/wide-align set size:undefined disposed:false
497 silly fetch manifest string-width@^4.2.3
498 silly packumentCache full:https://registry.npmjs.org/string-width cache-miss
499 http fetch GET 200 https://registry.npmjs.org/delegates 146ms (cache miss)
500 silly packumentCache full:https://registry.npmjs.org/delegates set size:undefined disposed:false
501 silly fetch manifest color-support@^1.1.3
502 silly packumentCache full:https://registry.npmjs.org/color-support cache-miss
503 http fetch GET 200 https://registry.npmjs.org/has-unicode 146ms (cache miss)
504 silly packumentCache full:https://registry.npmjs.org/has-unicode set size:undefined disposed:false
505 http fetch GET 200 https://registry.npmjs.org/readable-stream 152ms (cache miss)
506 silly packumentCache full:https://registry.npmjs.org/readable-stream set size:undefined disposed:false
507 http fetch GET 200 https://registry.npmjs.org/aproba 182ms (cache miss)
508 silly packumentCache full:https://registry.npmjs.org/aproba set size:undefined disposed:false
509 http fetch GET 200 https://registry.npmjs.org/signal-exit 178ms (cache miss)
510 silly packumentCache full:https://registry.npmjs.org/signal-exit set size:undefined disposed:false
511 http fetch GET 200 https://registry.npmjs.org/strip-ansi 192ms (cache miss)
512 silly packumentCache full:https://registry.npmjs.org/strip-ansi set size:undefined disposed:false
513 http fetch GET 200 https://registry.npmjs.org/color-support 93ms (cache miss)
514 silly packumentCache full:https://registry.npmjs.org/color-support set size:undefined disposed:false
515 http fetch GET 200 https://registry.npmjs.org/string-width 106ms (cache miss)
516 silly packumentCache full:https://registry.npmjs.org/string-width set size:undefined disposed:false
517 silly placeDep ROOT delegates@1.0.0 OK for: are-we-there-yet@3.0.1 want: ^1.0.0
518 silly placeDep ROOT readable-stream@3.6.2 OK for: are-we-there-yet@3.0.1 want: ^3.6.0
519 silly fetch manifest string_decoder@^1.1.1
520 silly packumentCache full:https://registry.npmjs.org/string_decoder cache-miss
521 silly fetch manifest util-deprecate@^1.0.1
522 silly packumentCache full:https://registry.npmjs.org/util-deprecate cache-miss
523 http fetch GET 200 https://registry.npmjs.org/util-deprecate 107ms (cache miss)
524 silly packumentCache full:https://registry.npmjs.org/util-deprecate set size:undefined disposed:false
525 http fetch GET 200 https://registry.npmjs.org/string_decoder 113ms (cache miss)
526 silly packumentCache full:https://registry.npmjs.org/string_decoder set size:undefined disposed:false
527 silly placeDep ROOT aproba@2.0.0 OK for: gauge@4.0.4 want: ^1.0.3 || ^2.0.0
528 silly placeDep ROOT color-support@1.1.3 OK for: gauge@4.0.4 want: ^1.1.3
529 silly placeDep ROOT has-unicode@2.0.1 OK for: gauge@4.0.4 want: ^2.0.1
530 silly placeDep ROOT signal-exit@3.0.7 OK for: gauge@4.0.4 want: ^3.0.7
531 silly placeDep ROOT string-width@4.2.3 OK for: gauge@4.0.4 want: ^4.2.3
532 silly placeDep ROOT strip-ansi@6.0.1 OK for: gauge@4.0.4 want: ^6.0.1
533 silly placeDep ROOT wide-align@1.1.5 OK for: gauge@4.0.4 want: ^1.1.5
534 silly fetch manifest emoji-regex@^8.0.0
535 silly packumentCache full:https://registry.npmjs.org/emoji-regex cache-miss
536 silly fetch manifest is-fullwidth-code-point@^3.0.0
537 silly packumentCache full:https://registry.npmjs.org/is-fullwidth-code-point cache-miss
538 silly fetch manifest ansi-regex@^5.0.1
539 silly packumentCache full:https://registry.npmjs.org/ansi-regex cache-miss
540 http fetch GET 200 https://registry.npmjs.org/emoji-regex 158ms (cache miss)
541 silly packumentCache full:https://registry.npmjs.org/emoji-regex set size:undefined disposed:false
542 http fetch GET 200 https://registry.npmjs.org/is-fullwidth-code-point 160ms (cache miss)
543 silly packumentCache full:https://registry.npmjs.org/is-fullwidth-code-point set size:undefined disposed:false
544 http fetch GET 200 https://registry.npmjs.org/ansi-regex 158ms (cache miss)
545 silly packumentCache full:https://registry.npmjs.org/ansi-regex set size:undefined disposed:false
546 silly placeDep ROOT aggregate-error@3.1.0 OK for: p-map@4.0.0 want: ^3.0.0
547 silly fetch manifest clean-stack@^2.0.0
548 silly packumentCache full:https://registry.npmjs.org/clean-stack cache-miss
549 silly fetch manifest indent-string@^4.0.0
550 silly packumentCache full:https://registry.npmjs.org/indent-string cache-miss
551 http fetch GET 200 https://registry.npmjs.org/clean-stack 311ms (cache miss)
552 silly packumentCache full:https://registry.npmjs.org/clean-stack set size:undefined disposed:false
553 http fetch GET 200 https://registry.npmjs.org/indent-string 314ms (cache miss)
554 silly packumentCache full:https://registry.npmjs.org/indent-string set size:undefined disposed:false
555 silly placeDep ROOT clean-stack@2.2.0 OK for: aggregate-error@3.1.0 want: ^2.0.0
556 silly placeDep ROOT indent-string@4.0.0 OK for: aggregate-error@3.1.0 want: ^4.0.0
557 silly placeDep ROOT detect-libc@2.0.3 OK for: prebuild-install@7.1.2 want: ^2.0.0
558 silly placeDep ROOT expand-template@2.0.3 OK for: prebuild-install@7.1.2 want: ^2.0.3
559 silly placeDep ROOT github-from-package@0.0.0 OK for: prebuild-install@7.1.2 want: 0.0.0
560 silly placeDep ROOT minimist@1.2.8 OK for: prebuild-install@7.1.2 want: ^1.2.3
561 silly placeDep ROOT mkdirp-classic@0.5.3 OK for: prebuild-install@7.1.2 want: ^0.5.3
562 silly placeDep ROOT napi-build-utils@1.0.2 OK for: prebuild-install@7.1.2 want: ^1.0.1
563 silly placeDep ROOT node-abi@3.71.0 OK for: prebuild-install@7.1.2 want: ^3.3.0
564 silly placeDep ROOT pump@3.0.2 OK for: prebuild-install@7.1.2 want: ^3.0.0
565 silly placeDep ROOT rc@1.2.8 OK for: prebuild-install@7.1.2 want: ^1.2.7
566 silly placeDep ROOT simple-get@4.0.1 OK for: prebuild-install@7.1.2 want: ^4.0.0
567 silly placeDep ROOT tar-fs@2.1.1 OK for: prebuild-install@7.1.2 want: ^2.0.0
568 silly placeDep ROOT tunnel-agent@0.6.0 OK for: prebuild-install@7.1.2 want: ^0.6.0
569 silly fetch manifest end-of-stream@^1.1.0
570 silly packumentCache full:https://registry.npmjs.org/end-of-stream cache-miss
571 silly fetch manifest deep-extend@^0.6.0
572 silly packumentCache full:https://registry.npmjs.org/deep-extend cache-miss
573 silly fetch manifest ini@~1.3.0
574 silly packumentCache full:https://registry.npmjs.org/ini cache-miss
575 silly fetch manifest strip-json-comments@~2.0.1
576 silly packumentCache full:https://registry.npmjs.org/strip-json-comments cache-miss
577 silly fetch manifest decompress-response@^6.0.0
578 silly packumentCache full:https://registry.npmjs.org/decompress-response cache-miss
579 silly fetch manifest simple-concat@^1.0.0
580 silly packumentCache full:https://registry.npmjs.org/simple-concat cache-miss
581 silly fetch manifest chownr@^1.1.1
582 silly packumentCache full:https://registry.npmjs.org/chownr cache-miss
583 http fetch GET 200 https://registry.npmjs.org/chownr 50ms (cache hit)
584 silly packumentCache full:https://registry.npmjs.org/chownr set size:22157 disposed:false
585 silly fetch manifest tar-stream@^2.1.4
586 silly packumentCache full:https://registry.npmjs.org/tar-stream cache-miss
587 http fetch GET 200 https://registry.npmjs.org/end-of-stream 108ms (cache miss)
588 silly packumentCache full:https://registry.npmjs.org/end-of-stream set size:undefined disposed:false
589 silly fetch manifest safe-buffer@^5.0.1
590 silly packumentCache full:https://registry.npmjs.org/safe-buffer cache-miss
591 http fetch GET 200 https://registry.npmjs.org/decompress-response 111ms (cache miss)
592 silly packumentCache full:https://registry.npmjs.org/decompress-response set size:undefined disposed:false
593 http fetch GET 200 https://registry.npmjs.org/ini 127ms (cache miss)
594 silly packumentCache full:https://registry.npmjs.org/ini set size:undefined disposed:false
595 http fetch GET 200 https://registry.npmjs.org/strip-json-comments 174ms (cache miss)
596 silly packumentCache full:https://registry.npmjs.org/strip-json-comments set size:undefined disposed:false
597 http fetch GET 200 https://registry.npmjs.org/tar-stream 131ms (cache miss)
598 silly packumentCache full:https://registry.npmjs.org/tar-stream set size:undefined disposed:false
599 http fetch GET 200 https://registry.npmjs.org/deep-extend 198ms (cache miss)
600 silly packumentCache full:https://registry.npmjs.org/deep-extend set size:undefined disposed:false
601 http fetch GET 200 https://registry.npmjs.org/simple-concat 202ms (cache miss)
602 silly packumentCache full:https://registry.npmjs.org/simple-concat set size:undefined disposed:false
603 http fetch GET 200 https://registry.npmjs.org/safe-buffer 137ms (cache miss)
604 silly packumentCache full:https://registry.npmjs.org/safe-buffer set size:undefined disposed:false
605 silly placeDep ROOT err-code@2.0.3 OK for: promise-retry@2.0.1 want: ^2.0.2
606 silly placeDep ROOT retry@0.12.0 OK for: promise-retry@2.0.1 want: ^0.12.0
607 silly placeDep ROOT end-of-stream@1.4.4 OK for: pump@3.0.2 want: ^1.1.0
608 silly placeDep ROOT deep-extend@0.6.0 OK for: rc@1.2.8 want: ^0.6.0
609 silly placeDep ROOT ini@1.3.8 OK for: rc@1.2.8 want: ~1.3.0
610 silly placeDep ROOT strip-json-comments@2.0.1 OK for: rc@1.2.8 want: ~2.0.1
611 silly placeDep ROOT string_decoder@1.3.0 OK for: readable-stream@3.6.2 want: ^1.1.1
612 silly placeDep ROOT util-deprecate@1.0.2 OK for: readable-stream@3.6.2 want: ^1.0.1
613 silly fetch manifest safe-buffer@~5.2.0
614 silly packumentCache full:https://registry.npmjs.org/safe-buffer cache-miss
615 http fetch GET 200 https://registry.npmjs.org/safe-buffer 39ms (cache hit)
616 silly packumentCache full:https://registry.npmjs.org/safe-buffer set size:41183 disposed:false
617 silly placeDep ROOT decompress-response@6.0.0 OK for: simple-get@4.0.1 want: ^6.0.0
618 silly placeDep ROOT simple-concat@1.0.1 OK for: simple-get@4.0.1 want: ^1.0.0
619 silly fetch manifest mimic-response@^3.1.0
620 silly packumentCache full:https://registry.npmjs.org/mimic-response cache-miss
621 http fetch GET 200 https://registry.npmjs.org/mimic-response 133ms (cache miss)
622 silly packumentCache full:https://registry.npmjs.org/mimic-response set size:undefined disposed:false
623 silly placeDep ROOT mimic-response@3.1.0 OK for: decompress-response@6.0.0 want: ^3.1.0
624 silly placeDep ROOT socks@2.8.3 OK for: socks-proxy-agent@6.2.1 want: ^2.6.2
625 silly fetch manifest ip-address@^9.0.5
626 silly packumentCache full:https://registry.npmjs.org/ip-address cache-miss
627 silly fetch manifest smart-buffer@^4.2.0
628 silly packumentCache full:https://registry.npmjs.org/smart-buffer cache-miss
629 http fetch GET 200 https://registry.npmjs.org/ip-address 117ms (cache miss)
630 silly packumentCache full:https://registry.npmjs.org/ip-address set size:undefined disposed:false
631 http fetch GET 200 https://registry.npmjs.org/smart-buffer 120ms (cache miss)
632 silly packumentCache full:https://registry.npmjs.org/smart-buffer set size:undefined disposed:false
633 silly placeDep ROOT ip-address@9.0.5 OK for: socks@2.8.3 want: ^9.0.5
634 silly placeDep ROOT smart-buffer@4.2.0 OK for: socks@2.8.3 want: ^4.2.0
635 silly fetch manifest jsbn@1.1.0
636 silly packumentCache full:https://registry.npmjs.org/jsbn cache-miss
637 silly fetch manifest sprintf-js@^1.1.3
638 silly packumentCache full:https://registry.npmjs.org/sprintf-js cache-miss
639 http fetch GET 200 https://registry.npmjs.org/sprintf-js 107ms (cache miss)
640 silly packumentCache full:https://registry.npmjs.org/sprintf-js set size:undefined disposed:false
641 http fetch GET 200 https://registry.npmjs.org/jsbn 109ms (cache miss)
642 silly packumentCache full:https://registry.npmjs.org/jsbn set size:undefined disposed:false
643 silly placeDep ROOT jsbn@1.1.0 OK for: ip-address@9.0.5 want: 1.1.0
644 silly placeDep ROOT sprintf-js@1.1.3 OK for: ip-address@9.0.5 want: ^1.1.3
645 silly placeDep ROOT safe-buffer@5.2.1 OK for: string_decoder@1.3.0 want: ~5.2.0
646 silly placeDep ROOT emoji-regex@8.0.0 OK for: string-width@4.2.3 want: ^8.0.0
647 silly placeDep ROOT is-fullwidth-code-point@3.0.0 OK for: string-width@4.2.3 want: ^3.0.0
648 silly placeDep ROOT ansi-regex@5.0.1 OK for: strip-ansi@6.0.1 want: ^5.0.1
649 silly placeDep node_modules/tar minipass@5.0.0 OK for: tar@6.2.1 want: ^5.0.0
650 silly placeDep node_modules/tar-fs chownr@1.1.4 OK for: tar-fs@2.1.1 want: ^1.1.1
651 silly placeDep ROOT tar-stream@2.2.0 OK for: tar-fs@2.1.1 want: ^2.1.4
652 silly fetch manifest bl@^4.0.3
653 silly packumentCache full:https://registry.npmjs.org/bl cache-miss
654 silly fetch manifest fs-constants@^1.0.0
655 silly packumentCache full:https://registry.npmjs.org/fs-constants cache-miss
656 http fetch GET 200 https://registry.npmjs.org/bl 163ms (cache miss)
657 silly packumentCache full:https://registry.npmjs.org/bl set size:undefined disposed:false
658 http fetch GET 200 https://registry.npmjs.org/fs-constants 167ms (cache miss)
659 silly packumentCache full:https://registry.npmjs.org/fs-constants set size:undefined disposed:false
660 silly placeDep ROOT bl@4.1.0 OK for: tar-stream@2.2.0 want: ^4.0.3
661 silly placeDep ROOT fs-constants@1.0.0 OK for: tar-stream@2.2.0 want: ^1.0.0
662 silly fetch manifest buffer@^5.5.0
663 silly packumentCache full:https://registry.npmjs.org/buffer cache-miss
664 http fetch GET 200 https://registry.npmjs.org/buffer 235ms (cache miss)
665 silly packumentCache full:https://registry.npmjs.org/buffer set size:undefined disposed:false
666 silly placeDep ROOT buffer@5.7.1 OK for: bl@4.1.0 want: ^5.5.0
667 silly fetch manifest base64-js@^1.3.1
668 silly packumentCache full:https://registry.npmjs.org/base64-js cache-miss
669 silly fetch manifest ieee754@^1.1.13
670 silly packumentCache full:https://registry.npmjs.org/ieee754 cache-miss
671 http fetch GET 200 https://registry.npmjs.org/base64-js 119ms (cache miss)
672 silly packumentCache full:https://registry.npmjs.org/base64-js set size:undefined disposed:false
673 http fetch GET 200 https://registry.npmjs.org/ieee754 122ms (cache miss)
674 silly packumentCache full:https://registry.npmjs.org/ieee754 set size:undefined disposed:false
675 silly placeDep ROOT base64-js@1.5.1 OK for: buffer@5.7.1 want: ^1.3.1
676 silly placeDep ROOT ieee754@1.2.1 OK for: buffer@5.7.1 want: ^1.1.13
677 silly placeDep ROOT unique-slug@2.0.2 OK for: unique-filename@1.1.1 want: ^2.0.0
678 silly fetch manifest imurmurhash@^0.1.4
679 silly packumentCache full:https://registry.npmjs.org/imurmurhash cache-miss
680 http fetch GET 200 https://registry.npmjs.org/imurmurhash 156ms (cache miss)
681 silly packumentCache full:https://registry.npmjs.org/imurmurhash set size:undefined disposed:false
682 silly placeDep ROOT imurmurhash@0.1.4 OK for: unique-slug@2.0.2 want: ^0.1.4
683 silly placeDep ROOT isexe@2.0.0 OK for: which@2.0.2 want: ^2.0.0
684 silly reify moves {}
685 silly tarball no local data for base64-js@https://registry.npmjs.org/base64-js/-/base64-js-1.5.1.tgz. Extracting by manifest.
686 silly tarball no local data for imurmurhash@https://registry.npmjs.org/imurmurhash/-/imurmurhash-0.1.4.tgz. Extracting by manifest.
687 silly tarball no local data for isexe@https://registry.npmjs.org/isexe/-/isexe-2.0.0.tgz. Extracting by manifest.
688 silly tarball no local data for ansi-regex@https://registry.npmjs.org/ansi-regex/-/ansi-regex-5.0.1.tgz. Extracting by manifest.
689 silly tarball no local data for bl@https://registry.npmjs.org/bl/-/bl-4.1.0.tgz. Extracting by manifest.
690 silly tarball no local data for tar-stream@https://registry.npmjs.org/tar-stream/-/tar-stream-2.2.0.tgz. Extracting by manifest.
691 silly tarball no local data for ieee754@https://registry.npmjs.org/ieee754/-/ieee754-1.2.1.tgz. Extracting by manifest.
692 silly tarball no local data for unique-slug@https://registry.npmjs.org/unique-slug/-/unique-slug-2.0.2.tgz. Extracting by manifest.
693 silly tarball no local data for fs-constants@https://registry.npmjs.org/fs-constants/-/fs-constants-1.0.0.tgz. Extracting by manifest.
694 silly tarball no local data for buffer@https://registry.npmjs.org/buffer/-/buffer-5.7.1.tgz. Extracting by manifest.
695 silly tarball no local data for emoji-regex@https://registry.npmjs.org/emoji-regex/-/emoji-regex-8.0.0.tgz. Extracting by manifest.
696 silly tarball no local data for simple-concat@https://registry.npmjs.org/simple-concat/-/simple-concat-1.0.1.tgz. Extracting by manifest.
697 silly tarball no local data for jsbn@https://registry.npmjs.org/jsbn/-/jsbn-1.1.0.tgz. Extracting by manifest.
698 silly tarball no local data for safe-buffer@https://registry.npmjs.org/safe-buffer/-/safe-buffer-5.2.1.tgz. Extracting by manifest.
699 silly tarball no local data for smart-buffer@https://registry.npmjs.org/smart-buffer/-/smart-buffer-4.2.0.tgz. Extracting by manifest.
700 silly tarball no local data for mimic-response@https://registry.npmjs.org/mimic-response/-/mimic-response-3.1.0.tgz. Extracting by manifest.
701 silly tarball no local data for is-fullwidth-code-point@https://registry.npmjs.org/is-fullwidth-code-point/-/is-fullwidth-code-point-3.0.0.tgz. Extracting by manifest.
702 silly tarball no local data for strip-json-comments@https://registry.npmjs.org/strip-json-comments/-/strip-json-comments-2.0.1.tgz. Extracting by manifest.
703 silly tarball no local data for ini@https://registry.npmjs.org/ini/-/ini-1.3.8.tgz. Extracting by manifest.
704 silly tarball no local data for decompress-response@https://registry.npmjs.org/decompress-response/-/decompress-response-6.0.0.tgz. Extracting by manifest.
705 silly tarball no local data for util-deprecate@https://registry.npmjs.org/util-deprecate/-/util-deprecate-1.0.2.tgz. Extracting by manifest.
706 silly tarball no local data for retry@https://registry.npmjs.org/retry/-/retry-0.12.0.tgz. Extracting by manifest.
707 silly tarball no local data for string_decoder@https://registry.npmjs.org/string_decoder/-/string_decoder-1.3.0.tgz. Extracting by manifest.
708 silly tarball no local data for deep-extend@https://registry.npmjs.org/deep-extend/-/deep-extend-0.6.0.tgz. Extracting by manifest.
709 silly tarball no local data for err-code@https://registry.npmjs.org/err-code/-/err-code-2.0.3.tgz. Extracting by manifest.
710 silly tarball no local data for ip-address@https://registry.npmjs.org/ip-address/-/ip-address-9.0.5.tgz. Extracting by manifest.
711 silly tarball no local data for sprintf-js@https://registry.npmjs.org/sprintf-js/-/sprintf-js-1.1.3.tgz. Extracting by manifest.
712 silly tarball no local data for end-of-stream@https://registry.npmjs.org/end-of-stream/-/end-of-stream-1.4.4.tgz. Extracting by manifest.
713 silly tarball no local data for rc@https://registry.npmjs.org/rc/-/rc-1.2.8.tgz. Extracting by manifest.
714 silly tarball no local data for simple-get@https://registry.npmjs.org/simple-get/-/simple-get-4.0.1.tgz. Extracting by manifest.
715 silly tarball no local data for socks@https://registry.npmjs.org/socks/-/socks-2.8.3.tgz. Extracting by manifest.
716 silly tarball no local data for tunnel-agent@https://registry.npmjs.org/tunnel-agent/-/tunnel-agent-0.6.0.tgz. Extracting by manifest.
717 silly tarball no local data for tar-fs@https://registry.npmjs.org/tar-fs/-/tar-fs-2.1.1.tgz. Extracting by manifest.
718 silly tarball no local data for github-from-package@https://registry.npmjs.org/github-from-package/-/github-from-package-0.0.0.tgz. Extracting by manifest.
719 silly tarball no local data for minimist@https://registry.npmjs.org/minimist/-/minimist-1.2.8.tgz. Extracting by manifest.
720 silly tarball no local data for expand-template@https://registry.npmjs.org/expand-template/-/expand-template-2.0.3.tgz. Extracting by manifest.
721 silly tarball no local data for indent-string@https://registry.npmjs.org/indent-string/-/indent-string-4.0.0.tgz. Extracting by manifest.
722 silly tarball no local data for pump@https://registry.npmjs.org/pump/-/pump-3.0.2.tgz. Extracting by manifest.
723 silly tarball no local data for aggregate-error@https://registry.npmjs.org/aggregate-error/-/aggregate-error-3.1.0.tgz. Extracting by manifest.
724 silly tarball no local data for wide-align@https://registry.npmjs.org/wide-align/-/wide-align-1.1.5.tgz. Extracting by manifest.
725 silly tarball no local data for clean-stack@https://registry.npmjs.org/clean-stack/-/clean-stack-2.2.0.tgz. Extracting by manifest.
726 silly tarball no local data for detect-libc@https://registry.npmjs.org/detect-libc/-/detect-libc-2.0.3.tgz. Extracting by manifest.
727 silly tarball no local data for strip-ansi@https://registry.npmjs.org/strip-ansi/-/strip-ansi-6.0.1.tgz. Extracting by manifest.
728 silly tarball no local data for string-width@https://registry.npmjs.org/string-width/-/string-width-4.2.3.tgz. Extracting by manifest.
729 silly tarball no local data for mkdirp-classic@https://registry.npmjs.org/mkdirp-classic/-/mkdirp-classic-0.5.3.tgz. Extracting by manifest.
730 silly tarball no local data for delegates@https://registry.npmjs.org/delegates/-/delegates-1.0.0.tgz. Extracting by manifest.
731 silly tarball no local data for napi-build-utils@https://registry.npmjs.org/napi-build-utils/-/napi-build-utils-1.0.2.tgz. Extracting by manifest.
732 silly tarball no local data for readable-stream@https://registry.npmjs.org/readable-stream/-/readable-stream-3.6.2.tgz. Extracting by manifest.
733 silly tarball no local data for aproba@https://registry.npmjs.org/aproba/-/aproba-2.0.0.tgz. Extracting by manifest.
734 silly tarball no local data for console-control-strings@https://registry.npmjs.org/console-control-strings/-/console-control-strings-1.1.0.tgz. Extracting by manifest.
735 silly tarball no local data for node-abi@https://registry.npmjs.org/node-abi/-/node-abi-3.71.0.tgz. Extracting by manifest.
736 silly tarball no local data for gauge@https://registry.npmjs.org/gauge/-/gauge-4.0.4.tgz. Extracting by manifest.
737 silly tarball no local data for safer-buffer@https://registry.npmjs.org/safer-buffer/-/safer-buffer-2.1.2.tgz. Extracting by manifest.
738 silly tarball no local data for are-we-there-yet@https://registry.npmjs.org/are-we-there-yet/-/are-we-there-yet-3.0.1.tgz. Extracting by manifest.
739 silly tarball no local data for set-blocking@https://registry.npmjs.org/set-blocking/-/set-blocking-2.0.0.tgz. Extracting by manifest.
740 silly tarball no local data for minizlib@https://registry.npmjs.org/minizlib/-/minizlib-2.1.2.tgz. Extracting by manifest.
741 silly tarball no local data for minipass-sized@https://registry.npmjs.org/minipass-sized/-/minipass-sized-1.0.3.tgz. Extracting by manifest.
742 silly tarball no local data for abbrev@https://registry.npmjs.org/abbrev/-/abbrev-1.1.1.tgz. Extracting by manifest.
743 silly tarball no local data for encoding@https://registry.npmjs.org/encoding/-/encoding-0.1.13.tgz. Extracting by manifest.
744 silly tarball no local data for color-support@https://registry.npmjs.org/color-support/-/color-support-1.1.3.tgz. Extracting by manifest.
745 silly tarball no local data for has-unicode@https://registry.npmjs.org/has-unicode/-/has-unicode-2.0.1.tgz. Extracting by manifest.
746 silly tarball no local data for concat-map@https://registry.npmjs.org/concat-map/-/concat-map-0.0.1.tgz. Extracting by manifest.
747 silly tarball no local data for signal-exit@https://registry.npmjs.org/signal-exit/-/signal-exit-3.0.7.tgz. Extracting by manifest.
748 silly tarball no local data for iconv-lite@https://registry.npmjs.org/iconv-lite/-/iconv-lite-0.6.3.tgz. Extracting by manifest.
749 silly tarball no local data for yallist@https://registry.npmjs.org/yallist/-/yallist-4.0.0.tgz. Extracting by manifest.
750 silly tarball no local data for balanced-match@https://registry.npmjs.org/balanced-match/-/balanced-match-1.0.2.tgz. Extracting by manifest.
751 silly tarball no local data for brace-expansion@https://registry.npmjs.org/brace-expansion/-/brace-expansion-1.1.11.tgz. Extracting by manifest.
752 silly tarball no local data for debug@https://registry.npmjs.org/debug/-/debug-4.4.0.tgz. Extracting by manifest.
753 silly tarball no local data for agent-base@https://registry.npmjs.org/agent-base/-/agent-base-6.0.2.tgz. Extracting by manifest.
754 silly tarball no local data for ms@https://registry.npmjs.org/ms/-/ms-2.1.3.tgz. Extracting by manifest.
755 silly tarball no local data for unique-filename@https://registry.npmjs.org/unique-filename/-/unique-filename-1.1.1.tgz. Extracting by manifest.
756 silly tarball no local data for promise-inflight@https://registry.npmjs.org/promise-inflight/-/promise-inflight-1.0.1.tgz. Extracting by manifest.
757 silly tarball no local data for p-map@https://registry.npmjs.org/p-map/-/p-map-4.0.0.tgz. Extracting by manifest.
758 silly tarball no local data for @gar/promisify@https://registry.npmjs.org/@gar/promisify/-/promisify-1.1.3.tgz. Extracting by manifest.
759 silly tarball no local data for infer-owner@https://registry.npmjs.org/infer-owner/-/infer-owner-1.0.4.tgz. Extracting by manifest.
760 silly tarball no local data for mkdirp@https://registry.npmjs.org/mkdirp/-/mkdirp-1.0.4.tgz. Extracting by manifest.
761 silly tarball no local data for chownr@https://registry.npmjs.org/chownr/-/chownr-2.0.0.tgz. Extracting by manifest.
762 silly tarball no local data for @tootallnate/once@https://registry.npmjs.org/@tootallnate/once/-/once-1.1.2.tgz. Extracting by manifest.
763 silly tarball no local data for socks-proxy-agent@https://registry.npmjs.org/socks-proxy-agent/-/socks-proxy-agent-6.2.1.tgz. Extracting by manifest.
764 silly tarball no local data for fs-minipass@https://registry.npmjs.org/fs-minipass/-/fs-minipass-2.1.0.tgz. Extracting by manifest.
765 silly tarball no local data for @npmcli/fs@https://registry.npmjs.org/@npmcli/fs/-/fs-1.1.1.tgz. Extracting by manifest.
766 silly tarball no local data for ssri@https://registry.npmjs.org/ssri/-/ssri-8.0.1.tgz. Extracting by manifest.
767 silly tarball no local data for humanize-ms@https://registry.npmjs.org/humanize-ms/-/humanize-ms-1.2.1.tgz. Extracting by manifest.
768 silly tarball no local data for @npmcli/move-file@https://registry.npmjs.org/@npmcli/move-file/-/move-file-1.1.2.tgz. Extracting by manifest.
769 silly tarball no local data for promise-retry@https://registry.npmjs.org/promise-retry/-/promise-retry-2.0.1.tgz. Extracting by manifest.
770 silly tarball no local data for negotiator@https://registry.npmjs.org/negotiator/-/negotiator-0.6.4.tgz. Extracting by manifest.
771 silly tarball no local data for minipass-flush@https://registry.npmjs.org/minipass-flush/-/minipass-flush-1.0.5.tgz. Extracting by manifest.
772 silly tarball no local data for minipass@https://registry.npmjs.org/minipass/-/minipass-3.3.6.tgz. Extracting by manifest.
773 silly tarball no local data for lru-cache@https://registry.npmjs.org/lru-cache/-/lru-cache-6.0.0.tgz. Extracting by manifest.
774 silly tarball no local data for minipass-fetch@https://registry.npmjs.org/minipass-fetch/-/minipass-fetch-1.4.1.tgz. Extracting by manifest.
775 silly tarball no local data for minipass-collect@https://registry.npmjs.org/minipass-collect/-/minipass-collect-1.0.2.tgz. Extracting by manifest.
776 silly tarball no local data for is-lambda@https://registry.npmjs.org/is-lambda/-/is-lambda-1.0.1.tgz. Extracting by manifest.
777 silly tarball no local data for http-proxy-agent@https://registry.npmjs.org/http-proxy-agent/-/http-proxy-agent-4.0.1.tgz. Extracting by manifest.
778 silly tarball no local data for http-cache-semantics@https://registry.npmjs.org/http-cache-semantics/-/http-cache-semantics-4.1.1.tgz. Extracting by manifest.
779 silly tarball no local data for minipass-pipeline@https://registry.npmjs.org/minipass-pipeline/-/minipass-pipeline-1.2.4.tgz. Extracting by manifest.
780 silly tarball no local data for https-proxy-agent@https://registry.npmjs.org/https-proxy-agent/-/https-proxy-agent-5.0.1.tgz. Extracting by manifest.
781 silly tarball no local data for cacache@https://registry.npmjs.org/cacache/-/cacache-15.3.0.tgz. Extracting by manifest.
782 silly tarball no local data for path-is-absolute@https://registry.npmjs.org/path-is-absolute/-/path-is-absolute-1.0.1.tgz. Extracting by manifest.
783 silly tarball no local data for agentkeepalive@https://registry.npmjs.org/agentkeepalive/-/agentkeepalive-4.5.0.tgz. Extracting by manifest.
784 silly tarball no local data for minimatch@https://registry.npmjs.org/minimatch/-/minimatch-3.1.2.tgz. Extracting by manifest.
785 silly tarball no local data for which@https://registry.npmjs.org/which/-/which-2.0.2.tgz. Extracting by manifest.
786 silly tarball no local data for wrappy@https://registry.npmjs.org/wrappy/-/wrappy-1.0.2.tgz. Extracting by manifest.
787 silly tarball no local data for inflight@https://registry.npmjs.org/inflight/-/inflight-1.0.6.tgz. Extracting by manifest.
788 silly tarball no local data for inherits@https://registry.npmjs.org/inherits/-/inherits-2.0.4.tgz. Extracting by manifest.
789 silly tarball no local data for semver@https://registry.npmjs.org/semver/-/semver-7.6.3.tgz. Extracting by manifest.
790 silly tarball no local data for once@https://registry.npmjs.org/once/-/once-1.4.0.tgz. Extracting by manifest.
791 silly tarball no local data for rimraf@https://registry.npmjs.org/rimraf/-/rimraf-3.0.2.tgz. Extracting by manifest.
792 silly tarball no local data for npmlog@https://registry.npmjs.org/npmlog/-/npmlog-6.0.2.tgz. Extracting by manifest.
793 silly tarball no local data for fs.realpath@https://registry.npmjs.org/fs.realpath/-/fs.realpath-1.0.0.tgz. Extracting by manifest.
794 silly tarball no local data for glob@https://registry.npmjs.org/glob/-/glob-7.2.3.tgz. Extracting by manifest.
795 silly tarball no local data for make-fetch-happen@https://registry.npmjs.org/make-fetch-happen/-/make-fetch-happen-9.1.0.tgz. Extracting by manifest.
796 silly tarball no local data for graceful-fs@https://registry.npmjs.org/graceful-fs/-/graceful-fs-4.2.11.tgz. Extracting by manifest.
797 silly tarball no local data for nopt@https://registry.npmjs.org/nopt/-/nopt-5.0.0.tgz. Extracting by manifest.
798 silly tarball no local data for file-uri-to-path@https://registry.npmjs.org/file-uri-to-path/-/file-uri-to-path-1.0.0.tgz. Extracting by manifest.
799 silly tarball no local data for tar@https://registry.npmjs.org/tar/-/tar-6.2.1.tgz. Extracting by manifest.
800 silly tarball no local data for prebuild-install@https://registry.npmjs.org/prebuild-install/-/prebuild-install-7.1.2.tgz. Extracting by manifest.
801 silly tarball no local data for node-addon-api@https://registry.npmjs.org/node-addon-api/-/node-addon-api-7.1.1.tgz. Extracting by manifest.
802 silly tarball no local data for node-gyp@https://registry.npmjs.org/node-gyp/-/node-gyp-8.4.1.tgz. Extracting by manifest.
803 silly tarball no local data for sqlite3@https://registry.npmjs.org/sqlite3/-/sqlite3-5.1.7.tgz. Extracting by manifest.
804 silly tarball no local data for node-red-node-sqlite@https://registry.npmjs.org/node-red-node-sqlite/-/node-red-node-sqlite-1.1.0.tgz. Extracting by manifest.
805 silly tarball no local data for env-paths@https://registry.npmjs.org/env-paths/-/env-paths-2.2.1.tgz. Extracting by manifest.
806 silly tarball no local data for bindings@https://registry.npmjs.org/bindings/-/bindings-1.5.0.tgz. Extracting by manifest.
807 silly tarball no local data for chownr@https://registry.npmjs.org/chownr/-/chownr-1.1.4.tgz. Extracting by manifest.
808 silly tarball no local data for minipass@https://registry.npmjs.org/minipass/-/minipass-5.0.0.tgz. Extracting by manifest.
809 http fetch GET 200 https://registry.npmjs.org/isexe/-/isexe-2.0.0.tgz 451ms (cache miss)
810 http fetch GET 200 https://registry.npmjs.org/base64-js/-/base64-js-1.5.1.tgz 454ms (cache miss)
811 http fetch GET 200 https://registry.npmjs.org/fs-constants/-/fs-constants-1.0.0.tgz 628ms (cache miss)
812 http fetch GET 200 https://registry.npmjs.org/tar-stream/-/tar-stream-2.2.0.tgz 702ms (cache miss)
813 http fetch GET 200 https://registry.npmjs.org/mimic-response/-/mimic-response-3.1.0.tgz 762ms (cache miss)
814 http fetch GET 200 https://registry.npmjs.org/ieee754/-/ieee754-1.2.1.tgz 853ms (cache miss)
815 http fetch GET 200 https://registry.npmjs.org/is-fullwidth-code-point/-/is-fullwidth-code-point-3.0.0.tgz 851ms (cache miss)
816 http fetch GET 200 https://registry.npmjs.org/ansi-regex/-/ansi-regex-5.0.1.tgz 865ms (cache miss)
817 http fetch GET 200 https://registry.npmjs.org/imurmurhash/-/imurmurhash-0.1.4.tgz 878ms (cache miss)
818 http fetch GET 200 https://registry.npmjs.org/ini/-/ini-1.3.8.tgz 997ms (cache miss)
819 http fetch GET 200 https://registry.npmjs.org/decompress-response/-/decompress-response-6.0.0.tgz 1137ms (cache miss)
820 http fetch GET 200 https://registry.npmjs.org/string_decoder/-/string_decoder-1.3.0.tgz 1231ms (cache miss)
821 http fetch GET 200 https://registry.npmjs.org/strip-json-comments/-/strip-json-comments-2.0.1.tgz 1241ms (cache miss)
822 http fetch GET 200 https://registry.npmjs.org/util-deprecate/-/util-deprecate-1.0.2.tgz 1241ms (cache miss)
823 http fetch GET 200 https://registry.npmjs.org/err-code/-/err-code-2.0.3.tgz 1442ms (cache miss)
824 http fetch GET 200 https://registry.npmjs.org/unique-slug/-/unique-slug-2.0.2.tgz 1570ms (cache miss)
825 http fetch GET 200 https://registry.npmjs.org/retry/-/retry-0.12.0.tgz 1612ms (cache miss)
826 http fetch GET 200 https://registry.npmjs.org/end-of-stream/-/end-of-stream-1.4.4.tgz 1695ms (cache miss)
827 http fetch GET 200 https://registry.npmjs.org/deep-extend/-/deep-extend-0.6.0.tgz 1787ms (cache miss)
828 http fetch GET 200 https://registry.npmjs.org/simple-concat/-/simple-concat-1.0.1.tgz 1826ms (cache miss)
829 http fetch GET 200 https://registry.npmjs.org/simple-get/-/simple-get-4.0.1.tgz 1979ms (cache miss)
830 http fetch GET 200 https://registry.npmjs.org/tunnel-agent/-/tunnel-agent-0.6.0.tgz 2011ms (cache miss)
831 http fetch GET 200 https://registry.npmjs.org/sprintf-js/-/sprintf-js-1.1.3.tgz 2061ms (cache miss)
832 http fetch GET 200 https://registry.npmjs.org/rc/-/rc-1.2.8.tgz 2062ms (cache miss)
833 http fetch GET 200 https://registry.npmjs.org/emoji-regex/-/emoji-regex-8.0.0.tgz 2295ms (cache miss)
834 http fetch GET 200 https://registry.npmjs.org/pump/-/pump-3.0.2.tgz 2568ms (cache miss)
835 http fetch GET 200 https://registry.npmjs.org/clean-stack/-/clean-stack-2.2.0.tgz 2622ms (cache miss)
836 http fetch GET 200 https://registry.npmjs.org/expand-template/-/expand-template-2.0.3.tgz 2952ms (cache miss)
837 http fetch GET 200 https://registry.npmjs.org/strip-ansi/-/strip-ansi-6.0.1.tgz 3079ms (cache miss)
838 http fetch GET 200 https://registry.npmjs.org/color-support/-/color-support-1.1.3.tgz 3142ms (cache miss)
839 http fetch GET 200 https://registry.npmjs.org/set-blocking/-/set-blocking-2.0.0.tgz 3164ms (cache miss)
840 http fetch GET 200 https://registry.npmjs.org/mkdirp-classic/-/mkdirp-classic-0.5.3.tgz 3210ms (cache miss)
841 http fetch GET 200 https://registry.npmjs.org/napi-build-utils/-/napi-build-utils-1.0.2.tgz 3218ms (cache miss)
842 http fetch GET 200 https://registry.npmjs.org/gauge/-/gauge-4.0.4.tgz 3233ms (cache miss)
843 http fetch GET 200 https://registry.npmjs.org/indent-string/-/indent-string-4.0.0.tgz 3248ms (cache miss)
844 http fetch GET 200 https://registry.npmjs.org/string-width/-/string-width-4.2.3.tgz 3250ms (cache miss)
845 http fetch GET 200 https://registry.npmjs.org/aggregate-error/-/aggregate-error-3.1.0.tgz 3255ms (cache miss)
846 http fetch GET 200 https://registry.npmjs.org/wide-align/-/wide-align-1.1.5.tgz 3271ms (cache miss)
847 http fetch GET 200 https://registry.npmjs.org/safer-buffer/-/safer-buffer-2.1.2.tgz 3283ms (cache miss)
848 http fetch GET 200 https://registry.npmjs.org/abbrev/-/abbrev-1.1.1.tgz 3282ms (cache miss)
849 http fetch GET 200 https://registry.npmjs.org/minizlib/-/minizlib-2.1.2.tgz 3287ms (cache miss)
850 http fetch GET 200 https://registry.npmjs.org/node-abi/-/node-abi-3.71.0.tgz 3313ms (cache miss)
851 http fetch GET 200 https://registry.npmjs.org/fs-minipass/-/fs-minipass-2.1.0.tgz 3308ms (cache miss)
852 http fetch GET 200 https://registry.npmjs.org/signal-exit/-/signal-exit-3.0.7.tgz 3338ms (cache miss)
853 http fetch GET 200 https://registry.npmjs.org/github-from-package/-/github-from-package-0.0.0.tgz 3369ms (cache miss)
854 http fetch GET 200 https://registry.npmjs.org/yallist/-/yallist-4.0.0.tgz 3365ms (cache miss)
855 http fetch GET 200 https://registry.npmjs.org/console-control-strings/-/console-control-strings-1.1.0.tgz 3427ms (cache miss)
856 http fetch GET 200 https://registry.npmjs.org/minipass-flush/-/minipass-flush-1.0.5.tgz 3400ms (cache miss)
857 http fetch GET 200 https://registry.npmjs.org/are-we-there-yet/-/are-we-there-yet-3.0.1.tgz 3433ms (cache miss)
858 warn deprecated are-we-there-yet@3.0.1: This package is no longer supported.
859 http fetch GET 200 https://registry.npmjs.org/humanize-ms/-/humanize-ms-1.2.1.tgz 3408ms (cache miss)
860 http fetch GET 200 https://registry.npmjs.org/debug/-/debug-4.4.0.tgz 3425ms (cache miss)
861 http fetch GET 200 https://registry.npmjs.org/concat-map/-/concat-map-0.0.1.tgz 3463ms (cache miss)
862 http fetch GET 200 https://registry.npmjs.org/encoding/-/encoding-0.1.13.tgz 3486ms (cache miss)
863 http fetch GET 200 https://registry.npmjs.org/is-lambda/-/is-lambda-1.0.1.tgz 3468ms (cache miss)
864 http fetch GET 200 https://registry.npmjs.org/ms/-/ms-2.1.3.tgz 3517ms (cache miss)
865 http fetch GET 200 https://registry.npmjs.org/delegates/-/delegates-1.0.0.tgz 3540ms (cache miss)
866 http fetch GET 200 https://registry.npmjs.org/detect-libc/-/detect-libc-2.0.3.tgz 3554ms (cache miss)
867 http fetch GET 200 https://registry.npmjs.org/chownr/-/chownr-2.0.0.tgz 3524ms (cache miss)
868 http fetch GET 200 https://registry.npmjs.org/minipass-collect/-/minipass-collect-1.0.2.tgz 3515ms (cache miss)
869 http fetch GET 200 https://registry.npmjs.org/@tootallnate/once/-/once-1.1.2.tgz 3529ms (cache miss)
870 http fetch GET 200 https://registry.npmjs.org/brace-expansion/-/brace-expansion-1.1.11.tgz 3550ms (cache miss)
871 http fetch GET 200 https://registry.npmjs.org/has-unicode/-/has-unicode-2.0.1.tgz 3559ms (cache miss)
872 http fetch GET 200 https://registry.npmjs.org/balanced-match/-/balanced-match-1.0.2.tgz 3599ms (cache miss)
873 http fetch GET 200 https://registry.npmjs.org/promise-inflight/-/promise-inflight-1.0.1.tgz 3606ms (cache miss)
874 http fetch GET 200 https://registry.npmjs.org/promise-retry/-/promise-retry-2.0.1.tgz 3602ms (cache miss)
875 http fetch GET 200 https://registry.npmjs.org/@gar/promisify/-/promisify-1.1.3.tgz 3613ms (cache miss)
876 http fetch GET 200 https://registry.npmjs.org/infer-owner/-/infer-owner-1.0.4.tgz 3613ms (cache miss)
877 http fetch GET 200 https://registry.npmjs.org/@npmcli/move-file/-/move-file-1.1.2.tgz 3609ms (cache miss)
878 warn deprecated @npmcli/move-file@1.1.2: This functionality has been moved to @npmcli/fs
879 http fetch GET 200 https://registry.npmjs.org/lru-cache/-/lru-cache-6.0.0.tgz 3616ms (cache miss)
880 http fetch GET 200 https://registry.npmjs.org/fs.realpath/-/fs.realpath-1.0.0.tgz 3629ms (cache miss)
881 http fetch GET 200 https://registry.npmjs.org/safe-buffer/-/safe-buffer-5.2.1.tgz 3731ms (cache miss)
882 http fetch GET 200 https://registry.npmjs.org/aproba/-/aproba-2.0.0.tgz 3703ms (cache miss)
883 http fetch GET 200 https://registry.npmjs.org/inherits/-/inherits-2.0.4.tgz 3664ms (cache miss)
884 http fetch GET 200 https://registry.npmjs.org/bindings/-/bindings-1.5.0.tgz 3662ms (cache miss)
885 http fetch GET 200 https://registry.npmjs.org/env-paths/-/env-paths-2.2.1.tgz 3675ms (cache miss)
886 http fetch GET 200 https://registry.npmjs.org/@npmcli/fs/-/fs-1.1.1.tgz 3721ms (cache miss)
887 http fetch GET 200 https://registry.npmjs.org/once/-/once-1.4.0.tgz 3699ms (cache miss)
888 http fetch GET 200 https://registry.npmjs.org/inflight/-/inflight-1.0.6.tgz 3704ms (cache miss)
889 warn deprecated inflight@1.0.6: This module is not supported, and leaks memory. Do not use it. Check out lru-cache if you want a good and tested way to coalesce async requests by a key value, which is much more comprehensive and powerful.
890 http fetch GET 200 https://registry.npmjs.org/p-map/-/p-map-4.0.0.tgz 3745ms (cache miss)
891 http fetch GET 200 https://registry.npmjs.org/wrappy/-/wrappy-1.0.2.tgz 3724ms (cache miss)
892 http fetch GET 200 https://registry.npmjs.org/https-proxy-agent/-/https-proxy-agent-5.0.1.tgz 3776ms (cache miss)
893 http fetch GET 200 https://registry.npmjs.org/path-is-absolute/-/path-is-absolute-1.0.1.tgz 3775ms (cache miss)
894 http fetch GET 200 https://registry.npmjs.org/buffer/-/buffer-5.7.1.tgz 3868ms (cache miss)
895 http fetch GET 200 https://registry.npmjs.org/minimatch/-/minimatch-3.1.2.tgz 3793ms (cache miss)
896 http fetch GET 200 https://registry.npmjs.org/npmlog/-/npmlog-6.0.2.tgz 3800ms (cache miss)
897 warn deprecated npmlog@6.0.2: This package is no longer supported.
898 http fetch GET 200 https://registry.npmjs.org/minipass-pipeline/-/minipass-pipeline-1.2.4.tgz 3826ms (cache miss)
899 http fetch GET 200 https://registry.npmjs.org/node-red-node-sqlite/-/node-red-node-sqlite-1.1.0.tgz 3802ms (cache miss)
900 http fetch GET 200 https://registry.npmjs.org/glob/-/glob-7.2.3.tgz 3826ms (cache miss)
901 warn deprecated glob@7.2.3: Glob versions prior to v9 are no longer supported
902 http fetch GET 200 https://registry.npmjs.org/http-proxy-agent/-/http-proxy-agent-4.0.1.tgz 3843ms (cache miss)
903 http fetch GET 200 https://registry.npmjs.org/jsbn/-/jsbn-1.1.0.tgz 3922ms (cache miss)
904 http fetch GET 200 https://registry.npmjs.org/bl/-/bl-4.1.0.tgz 3951ms (cache miss)
905 http fetch GET 200 https://registry.npmjs.org/socks-proxy-agent/-/socks-proxy-agent-6.2.1.tgz 3895ms (cache miss)
906 http fetch GET 200 https://registry.npmjs.org/agentkeepalive/-/agentkeepalive-4.5.0.tgz 3892ms (cache miss)
907 http fetch GET 200 https://registry.npmjs.org/nopt/-/nopt-5.0.0.tgz 3904ms (cache miss)
908 http fetch GET 200 https://registry.npmjs.org/rimraf/-/rimraf-3.0.2.tgz 3916ms (cache miss)
909 warn deprecated rimraf@3.0.2: Rimraf versions prior to v4 are no longer supported
910 http fetch GET 200 https://registry.npmjs.org/file-uri-to-path/-/file-uri-to-path-1.0.0.tgz 3918ms (cache miss)
911 http fetch GET 200 https://registry.npmjs.org/graceful-fs/-/graceful-fs-4.2.11.tgz 3924ms (cache miss)
912 http fetch GET 200 https://registry.npmjs.org/negotiator/-/negotiator-0.6.4.tgz 3947ms (cache miss)
913 http fetch GET 200 https://registry.npmjs.org/prebuild-install/-/prebuild-install-7.1.2.tgz 3934ms (cache miss)
914 http fetch GET 200 https://registry.npmjs.org/minipass/-/minipass-5.0.0.tgz 3904ms (cache miss)
915 http fetch GET 200 https://registry.npmjs.org/chownr/-/chownr-1.1.4.tgz 3956ms (cache miss)
916 warn deprecated gauge@4.0.4: This package is no longer supported.
917 http fetch GET 200 https://registry.npmjs.org/minipass/-/minipass-3.3.6.tgz 4033ms (cache miss)
918 http fetch GET 200 https://registry.npmjs.org/which/-/which-2.0.2.tgz 4061ms (cache miss)
919 http fetch GET 200 https://registry.npmjs.org/mkdirp/-/mkdirp-1.0.4.tgz 4086ms (cache miss)
920 http fetch GET 200 https://registry.npmjs.org/http-cache-semantics/-/http-cache-semantics-4.1.1.tgz 4073ms (cache miss)
921 http fetch GET 200 https://registry.npmjs.org/agent-base/-/agent-base-6.0.2.tgz 4113ms (cache miss)
922 http fetch GET 200 https://registry.npmjs.org/ssri/-/ssri-8.0.1.tgz 4140ms (cache miss)
923 http fetch GET 200 https://registry.npmjs.org/minipass-fetch/-/minipass-fetch-1.4.1.tgz 4206ms (cache miss)
924 http fetch GET 200 https://registry.npmjs.org/smart-buffer/-/smart-buffer-4.2.0.tgz 4335ms (cache miss)
925 http fetch GET 200 https://registry.npmjs.org/minipass-sized/-/minipass-sized-1.0.3.tgz 4371ms (cache miss)
926 http fetch GET 200 https://registry.npmjs.org/make-fetch-happen/-/make-fetch-happen-9.1.0.tgz 4383ms (cache miss)
927 http fetch GET 200 https://registry.npmjs.org/unique-filename/-/unique-filename-1.1.1.tgz 4490ms (cache miss)
928 http fetch GET 200 https://registry.npmjs.org/minimist/-/minimist-1.2.8.tgz 4588ms (cache miss)
929 http fetch GET 200 https://registry.npmjs.org/cacache/-/cacache-15.3.0.tgz 4625ms (cache miss)
930 http fetch GET 200 https://registry.npmjs.org/tar/-/tar-6.2.1.tgz 4636ms (cache miss)
931 http fetch GET 200 https://registry.npmjs.org/tar-fs/-/tar-fs-2.1.1.tgz 4710ms (cache miss)
932 http fetch GET 200 https://registry.npmjs.org/ip-address/-/ip-address-9.0.5.tgz 4795ms (cache miss)
933 http fetch GET 200 https://registry.npmjs.org/socks/-/socks-2.8.3.tgz 4833ms (cache miss)
934 http fetch GET 200 https://registry.npmjs.org/node-addon-api/-/node-addon-api-7.1.1.tgz 4779ms (cache miss)
935 http fetch GET 200 https://registry.npmjs.org/readable-stream/-/readable-stream-3.6.2.tgz 4884ms (cache miss)
936 http fetch GET 200 https://registry.npmjs.org/iconv-lite/-/iconv-lite-0.6.3.tgz 4875ms (cache miss)
937 http fetch GET 200 https://registry.npmjs.org/semver/-/semver-7.6.3.tgz 4920ms (cache miss)
938 http fetch GET 200 https://registry.npmjs.org/sqlite3/-/sqlite3-5.1.7.tgz 5130ms (cache miss)
939 http fetch GET 200 https://registry.npmjs.org/node-gyp/-/node-gyp-8.4.1.tgz 5385ms (cache miss)
940 info run sqlite3@5.1.7 install node_modules/sqlite3 prebuild-install -r napi || node-gyp rebuild
941 info run sqlite3@5.1.7 install { code: 0, signal: null }
942 silly ADD node_modules/isexe
943 silly ADD node_modules/imurmurhash
944 silly ADD node_modules/unique-slug
945 silly ADD node_modules/ieee754
946 silly ADD node_modules/base64-js
947 silly ADD node_modules/buffer
948 silly ADD node_modules/fs-constants
949 silly ADD node_modules/bl
950 silly ADD node_modules/tar-stream
951 silly ADD node_modules/ansi-regex
952 silly ADD node_modules/is-fullwidth-code-point
953 silly ADD node_modules/emoji-regex
954 silly ADD node_modules/safe-buffer
955 silly ADD node_modules/sprintf-js
956 silly ADD node_modules/jsbn
957 silly ADD node_modules/smart-buffer
958 silly ADD node_modules/ip-address
959 silly ADD node_modules/socks
960 silly ADD node_modules/mimic-response
961 silly ADD node_modules/simple-concat
962 silly ADD node_modules/decompress-response
963 silly ADD node_modules/util-deprecate
964 silly ADD node_modules/string_decoder
965 silly ADD node_modules/strip-json-comments
966 silly ADD node_modules/ini
967 silly ADD node_modules/deep-extend
968 silly ADD node_modules/end-of-stream
969 silly ADD node_modules/retry
970 silly ADD node_modules/err-code
971 silly ADD node_modules/tunnel-agent
972 silly ADD node_modules/tar-fs
973 silly ADD node_modules/tar-fs/node_modules/chownr
974 silly ADD node_modules/simple-get
975 silly ADD node_modules/rc
976 silly ADD node_modules/pump
977 silly ADD node_modules/node-abi
978 silly ADD node_modules/napi-build-utils
979 silly ADD node_modules/mkdirp-classic
980 silly ADD node_modules/minimist
981 silly ADD node_modules/github-from-package
982 silly ADD node_modules/expand-template
983 silly ADD node_modules/detect-libc
984 silly ADD node_modules/indent-string
985 silly ADD node_modules/clean-stack
986 silly ADD node_modules/aggregate-error
987 silly ADD node_modules/wide-align
988 silly ADD node_modules/strip-ansi
989 silly ADD node_modules/string-width
990 silly ADD node_modules/signal-exit
991 silly ADD node_modules/has-unicode
992 silly ADD node_modules/color-support
993 silly ADD node_modules/aproba
994 silly ADD node_modules/readable-stream
995 silly ADD node_modules/delegates
996 silly ADD node_modules/set-blocking
997 silly ADD node_modules/gauge
998 silly ADD node_modules/console-control-strings
999 silly ADD node_modules/are-we-there-yet
1000 silly ADD node_modules/abbrev
1001 silly ADD node_modules/safer-buffer
1002 silly ADD node_modules/iconv-lite
1003 silly ADD node_modules/minizlib
1004 silly ADD node_modules/minipass-sized
1005 silly ADD node_modules/encoding
1006 silly ADD node_modules/concat-map
1007 silly ADD node_modules/balanced-match
1008 silly ADD node_modules/brace-expansion
1009 silly ADD node_modules/yallist
1010 silly ADD node_modules/ms
1011 silly ADD node_modules/debug
1012 silly ADD node_modules/agent-base
1013 silly ADD node_modules/@tootallnate/once
1014 silly ADD node_modules/@gar/promisify
1015 silly ADD node_modules/unique-filename
1016 silly ADD node_modules/promise-inflight
1017 silly ADD node_modules/p-map
1018 silly ADD node_modules/mkdirp
1019 silly ADD node_modules/infer-owner
1020 silly ADD node_modules/fs-minipass
1021 silly ADD node_modules/chownr
1022 silly ADD node_modules/@npmcli/move-file
1023 silly ADD node_modules/@npmcli/fs
1024 silly ADD node_modules/humanize-ms
1025 silly ADD node_modules/ssri
1026 silly ADD node_modules/socks-proxy-agent
1027 silly ADD node_modules/promise-retry
1028 silly ADD node_modules/negotiator
1029 silly ADD node_modules/minipass-pipeline
1030 silly ADD node_modules/minipass-flush
1031 silly ADD node_modules/minipass-fetch
1032 silly ADD node_modules/minipass-collect
1033 silly ADD node_modules/minipass
1034 silly ADD node_modules/lru-cache
1035 silly ADD node_modules/is-lambda
1036 silly ADD node_modules/https-proxy-agent
1037 silly ADD node_modules/http-proxy-agent
1038 silly ADD node_modules/http-cache-semantics
1039 silly ADD node_modules/cacache
1040 silly ADD node_modules/agentkeepalive
1041 silly ADD node_modules/wrappy
1042 silly ADD node_modules/path-is-absolute
1043 silly ADD node_modules/once
1044 silly ADD node_modules/minimatch
1045 silly ADD node_modules/inherits
1046 silly ADD node_modules/inflight
1047 silly ADD node_modules/fs.realpath
1048 silly ADD node_modules/which
1049 silly ADD node_modules/semver
1050 silly ADD node_modules/rimraf
1051 silly ADD node_modules/npmlog
1052 silly ADD node_modules/nopt
1053 silly ADD node_modules/make-fetch-happen
1054 silly ADD node_modules/graceful-fs
1055 silly ADD node_modules/glob
1056 silly ADD node_modules/env-paths
1057 silly ADD node_modules/file-uri-to-path
1058 silly ADD node_modules/tar
1059 silly ADD node_modules/tar/node_modules/minipass
1060 silly ADD node_modules/prebuild-install
1061 silly ADD node_modules/node-gyp
1062 silly ADD node_modules/node-addon-api
1063 silly ADD node_modules/bindings
1064 silly ADD node_modules/sqlite3
1065 silly ADD node_modules/node-red-node-sqlite
1066 verbose cwd /data
1067 verbose os Linux 5.15.167.4-microsoft-standard-WSL2
1068 verbose node v20.18.0
1069 verbose npm  v10.8.2
1070 verbose exit 0
1071 info ok
