0 verbose cli /usr/local/bin/node /usr/local/bin/npm
1 info using npm@10.8.2
2 info using node@v20.17.0
3 silly config load:file:/usr/local/lib/node_modules/npm/npmrc
4 silly config load:file:/data/.npmrc
5 silly config load:file:/usr/src/node-red/.npmrc
6 silly config load:file:/usr/local/etc/npmrc
7 verbose title npm install node-red-node-random@0.4.1
8 verbose argv "install" "--no-audit" "--no-update-notifier" "--no-fund" "--save" "--save-prefix" "~" "--omit" "dev" "--engine-strict" "node-red-node-random@0.4.1"
9 verbose logfile logs-max:10 dir:/data/.npm/_logs/2024-11-27T21_40_58_176Z-
10 verbose logfile /data/.npm/_logs/2024-11-27T21_40_58_176Z-debug-0.log
11 silly packumentCache heap:2102394880 maxSize:525598720 maxEntrySize:262799360
12 silly logfile start cleaning logs, removing 1 files
13 silly logfile done cleaning log files
14 silly idealTree buildDeps
15 silly fetch manifest node-red-node-random@0.4.1
16 silly packumentCache full:https://registry.npmjs.org/node-red-node-random cache-miss
17 verbose shrinkwrap failed to load node_modules/.package-lock.json out of date, updated: node_modules/node-red-node-ui-table
18 http fetch GET 200 https://registry.npmjs.org/node-red-node-random 366ms (cache miss)
19 silly packumentCache full:https://registry.npmjs.org/node-red-node-random set size:undefined disposed:false
20 silly placeDep ROOT node-red-node-random@0.4.1 OK for: node-red-project@0.0.1 want: 0.4.1
21 silly reify moves {}
22 silly tarball no local data for node-red-node-random@https://registry.npmjs.org/node-red-node-random/-/node-red-node-random-0.4.1.tgz. Extracting by manifest.
23 http fetch GET 200 https://registry.npmjs.org/node-red-node-random/-/node-red-node-random-0.4.1.tgz 104ms (cache miss)
24 silly ADD node_modules/node-red-node-random
25 verbose cwd /data
26 verbose os Linux 6.10.4-linuxkit
27 verbose node v20.17.0
28 verbose npm  v10.8.2
29 verbose exit 0
30 info ok
