0 verbose cli /usr/local/bin/node /usr/local/bin/npm
1 info using npm@10.8.2
2 info using node@v20.17.0
3 silly config load:file:/usr/local/lib/node_modules/npm/npmrc
4 silly config load:file:/data/.npmrc
5 silly config load:file:/usr/src/node-red/.npmrc
6 silly config load:file:/usr/local/etc/npmrc
7 verbose title npm install node-red-node-ui-table@0.4.4
8 verbose argv "install" "--no-audit" "--no-update-notifier" "--no-fund" "--save" "--save-prefix" "~" "--omit" "dev" "--engine-strict" "node-red-node-ui-table@0.4.4"
9 verbose logfile logs-max:10 dir:/data/.npm/_logs/2024-11-27T21_22_36_666Z-
10 verbose logfile /data/.npm/_logs/2024-11-27T21_22_36_666Z-debug-0.log
11 silly packumentCache heap:2102394880 maxSize:525598720 maxEntrySize:262799360
12 silly logfile start cleaning logs, removing 1 files
13 silly logfile done cleaning log files
14 silly idealTree buildDeps
15 silly fetch manifest node-red-node-ui-table@0.4.4
16 silly packumentCache full:https://registry.npmjs.org/node-red-node-ui-table cache-miss
17 verbose shrinkwrap failed to load node_modules/.package-lock.json out of date, updated: node_modules
18 http fetch GET 200 https://registry.npmjs.org/node-red-node-ui-table 991ms (cache miss)
19 silly packumentCache full:https://registry.npmjs.org/node-red-node-ui-table set size:undefined disposed:false
20 silly fetch manifest node-red-dashboard@~3.6.0
21 silly packumentCache full:https://registry.npmjs.org/node-red-dashboard cache-miss
22 http fetch GET 200 https://registry.npmjs.org/node-red-dashboard 648ms (cache miss)
23 silly packumentCache full:https://registry.npmjs.org/node-red-dashboard set size:undefined disposed:false
24 silly placeDep ROOT node-red-node-ui-table@0.4.4 OK for: node-red-project@0.0.1 want: 0.4.4
25 silly reify moves {}
26 silly tarball no local data for node-red-node-ui-table@https://registry.npmjs.org/node-red-node-ui-table/-/node-red-node-ui-table-0.4.4.tgz. Extracting by manifest.
27 http fetch GET 200 https://registry.npmjs.org/node-red-node-ui-table/-/node-red-node-ui-table-0.4.4.tgz 198ms (cache miss)
28 silly ADD node_modules/node-red-node-ui-table
29 verbose cwd /data
30 verbose os Linux 6.10.4-linuxkit
31 verbose node v20.17.0
32 verbose npm  v10.8.2
33 verbose exit 0
34 info ok
