0 verbose cli /usr/local/bin/node /usr/local/bin/npm
1 info using npm@10.8.2
2 info using node@v20.17.0
3 silly config load:file:/usr/local/lib/node_modules/npm/npmrc
4 silly config load:file:/data/.npmrc
5 silly config load:file:/usr/src/node-red/.npmrc
6 silly config load:file:/usr/local/etc/npmrc
7 verbose title npm install node-red-node-sqlite@1.1.0
8 verbose argv "install" "--no-audit" "--no-update-notifier" "--no-fund" "--save" "--save-prefix" "~" "--omit" "dev" "--engine-strict" "node-red-node-sqlite@1.1.0"
9 verbose logfile logs-max:10 dir:/data/.npm/_logs/2024-11-27T15_28_22_866Z-
10 verbose logfile /data/.npm/_logs/2024-11-27T15_28_22_866Z-debug-0.log
11 silly packumentCache heap:2102394880 maxSize:525598720 maxEntrySize:262799360
12 silly logfile start cleaning logs, removing 2 files
13 silly logfile done cleaning log files
14 silly idealTree buildDeps
15 silly fetch manifest node-red-node-sqlite@1.1.0
16 silly packumentCache full:https://registry.npmjs.org/node-red-node-sqlite cache-miss
17 verbose shrinkwrap failed to load node_modules/.package-lock.json out of date, updated: node_modules/mime
18 http fetch GET 200 https://registry.npmjs.org/node-red-node-sqlite 262ms (cache miss)
19 silly packumentCache full:https://registry.npmjs.org/node-red-node-sqlite set size:undefined disposed:false
20 silly placeDep ROOT node-red-node-sqlite@1.1.0 OK for: node-red-project@0.0.1 want: 1.1.0
21 silly fetch manifest sqlite3@^5.1.6
22 silly packumentCache full:https://registry.npmjs.org/sqlite3 cache-miss
23 http fetch GET 200 https://registry.npmjs.org/sqlite3 111ms (cache miss)
24 silly packumentCache full:https://registry.npmjs.org/sqlite3 set size:undefined disposed:false
25 silly placeDep ROOT sqlite3@5.1.7 OK for: node-red-node-sqlite@1.1.0 want: ^5.1.6
26 silly fetch manifest bindings@^1.5.0
27 silly packumentCache full:https://registry.npmjs.org/bindings cache-miss
28 silly fetch manifest node-addon-api@^7.0.0
29 silly packumentCache full:https://registry.npmjs.org/node-addon-api cache-miss
30 silly fetch manifest prebuild-install@^7.1.1
31 silly packumentCache full:https://registry.npmjs.org/prebuild-install cache-miss
32 silly fetch manifest tar@^6.1.11
33 silly packumentCache full:https://registry.npmjs.org/tar cache-miss
34 silly fetch manifest node-gyp@8.x
35 silly packumentCache full:https://registry.npmjs.org/node-gyp cache-miss
36 http fetch GET 200 https://registry.npmjs.org/node-addon-api 138ms (cache miss)
37 silly packumentCache full:https://registry.npmjs.org/node-addon-api set size:undefined disposed:false
38 http fetch GET 200 https://registry.npmjs.org/bindings 147ms (cache miss)
39 silly packumentCache full:https://registry.npmjs.org/bindings set size:undefined disposed:false
40 http fetch GET 200 https://registry.npmjs.org/prebuild-install 163ms (cache miss)
41 silly packumentCache full:https://registry.npmjs.org/prebuild-install set size:undefined disposed:false
42 http fetch GET 200 https://registry.npmjs.org/node-gyp 173ms (cache miss)
43 silly packumentCache full:https://registry.npmjs.org/node-gyp set size:undefined disposed:false
44 http fetch GET 200 https://registry.npmjs.org/tar 192ms (cache miss)
45 silly packumentCache full:https://registry.npmjs.org/tar set size:undefined disposed:false
46 silly placeDep ROOT bindings@1.5.0 OK for: sqlite3@5.1.7 want: ^1.5.0
47 silly placeDep ROOT node-addon-api@7.1.1 OK for: sqlite3@5.1.7 want: ^7.0.0
48 silly placeDep ROOT node-gyp@8.4.1 OK for: sqlite3@5.1.7 want: 8.x
49 silly placeDep ROOT prebuild-install@7.1.2 OK for: sqlite3@5.1.7 want: ^7.1.1
50 silly placeDep ROOT tar@6.2.1 OK for: sqlite3@5.1.7 want: ^6.1.11
51 silly fetch manifest file-uri-to-path@1.0.0
52 silly packumentCache full:https://registry.npmjs.org/file-uri-to-path cache-miss
53 silly fetch manifest tar@^6.1.2
54 silly packumentCache full:https://registry.npmjs.org/tar cache-miss
55 silly fetch manifest glob@^7.1.4
56 silly packumentCache full:https://registry.npmjs.org/glob cache-miss
57 silly fetch manifest nopt@^5.0.0
58 silly packumentCache full:https://registry.npmjs.org/nopt cache-miss
59 silly fetch manifest which@^2.0.2
60 silly packumentCache full:https://registry.npmjs.org/which cache-miss
61 silly fetch manifest npmlog@^6.0.0
62 silly packumentCache full:https://registry.npmjs.org/npmlog cache-miss
63 silly fetch manifest rimraf@^3.0.2
64 silly packumentCache full:https://registry.npmjs.org/rimraf cache-miss
65 http fetch GET 200 https://registry.npmjs.org/tar 44ms (cache hit)
66 silly packumentCache full:https://registry.npmjs.org/tar set size:398957 disposed:false
67 silly fetch manifest semver@^7.3.5
68 silly packumentCache full:https://registry.npmjs.org/semver cache-miss
69 http fetch GET 200 https://registry.npmjs.org/which 105ms (cache miss)
70 silly packumentCache full:https://registry.npmjs.org/which set size:undefined disposed:false
71 silly fetch manifest env-paths@^2.2.0
72 silly packumentCache full:https://registry.npmjs.org/env-paths cache-miss
73 http fetch GET 200 https://registry.npmjs.org/npmlog 115ms (cache miss)
74 silly packumentCache full:https://registry.npmjs.org/npmlog set size:undefined disposed:false
75 silly fetch manifest graceful-fs@^4.2.6
76 silly packumentCache full:https://registry.npmjs.org/graceful-fs cache-miss
77 http fetch GET 200 https://registry.npmjs.org/file-uri-to-path 124ms (cache miss)
78 silly packumentCache full:https://registry.npmjs.org/file-uri-to-path set size:undefined disposed:false
79 silly fetch manifest make-fetch-happen@^9.1.0
80 silly packumentCache full:https://registry.npmjs.org/make-fetch-happen cache-miss
81 http fetch GET 200 https://registry.npmjs.org/nopt 135ms (cache miss)
82 silly packumentCache full:https://registry.npmjs.org/nopt set size:undefined disposed:false
83 silly fetch manifest detect-libc@^2.0.0
84 silly packumentCache full:https://registry.npmjs.org/detect-libc cache-miss
85 http fetch GET 200 https://registry.npmjs.org/glob 158ms (cache miss)
86 silly packumentCache full:https://registry.npmjs.org/glob set size:undefined disposed:false
87 silly fetch manifest expand-template@^2.0.3
88 silly packumentCache full:https://registry.npmjs.org/expand-template cache-miss
89 http fetch GET 200 https://registry.npmjs.org/env-paths 68ms (cache miss)
90 silly packumentCache full:https://registry.npmjs.org/env-paths set size:undefined disposed:false
91 silly fetch manifest github-from-package@0.0.0
92 silly packumentCache full:https://registry.npmjs.org/github-from-package cache-miss
93 http fetch GET 200 https://registry.npmjs.org/rimraf 188ms (cache miss)
94 silly packumentCache full:https://registry.npmjs.org/rimraf set size:undefined disposed:false
95 silly fetch manifest minimist@^1.2.3
96 silly packumentCache full:https://registry.npmjs.org/minimist cache-miss
97 http fetch GET 200 https://registry.npmjs.org/detect-libc 94ms (cache miss)
98 silly packumentCache full:https://registry.npmjs.org/detect-libc set size:undefined disposed:false
99 silly fetch manifest mkdirp-classic@^0.5.3
100 silly packumentCache full:https://registry.npmjs.org/mkdirp-classic cache-miss
101 http fetch GET 200 https://registry.npmjs.org/semver 192ms (cache miss)
102 silly packumentCache full:https://registry.npmjs.org/semver set size:undefined disposed:false
103 silly fetch manifest napi-build-utils@^1.0.1
104 silly packumentCache full:https://registry.npmjs.org/napi-build-utils cache-miss
105 http fetch GET 200 https://registry.npmjs.org/graceful-fs 129ms (cache miss)
106 silly packumentCache full:https://registry.npmjs.org/graceful-fs set size:undefined disposed:false
107 silly fetch manifest node-abi@^3.3.0
108 silly packumentCache full:https://registry.npmjs.org/node-abi cache-miss
109 http fetch GET 200 https://registry.npmjs.org/expand-template 91ms (cache miss)
110 silly packumentCache full:https://registry.npmjs.org/expand-template set size:undefined disposed:false
111 silly fetch manifest pump@^3.0.0
112 silly packumentCache full:https://registry.npmjs.org/pump cache-miss
113 http fetch GET 200 https://registry.npmjs.org/github-from-package 83ms (cache miss)
114 silly packumentCache full:https://registry.npmjs.org/github-from-package set size:undefined disposed:false
115 silly fetch manifest rc@^1.2.7
116 silly packumentCache full:https://registry.npmjs.org/rc cache-miss
117 http fetch GET 200 https://registry.npmjs.org/minimist 72ms (cache miss)
118 silly packumentCache full:https://registry.npmjs.org/minimist set size:undefined disposed:false
119 silly fetch manifest simple-get@^4.0.0
120 silly packumentCache full:https://registry.npmjs.org/simple-get cache-miss
121 http fetch GET 200 https://registry.npmjs.org/make-fetch-happen 155ms (cache miss)
122 silly packumentCache full:https://registry.npmjs.org/make-fetch-happen set size:undefined disposed:false
123 silly fetch manifest tar-fs@^2.0.0
124 silly packumentCache full:https://registry.npmjs.org/tar-fs cache-miss
125 http fetch GET 200 https://registry.npmjs.org/mkdirp-classic 78ms (cache miss)
126 silly packumentCache full:https://registry.npmjs.org/mkdirp-classic set size:undefined disposed:false
127 silly fetch manifest tunnel-agent@^0.6.0
128 silly packumentCache full:https://registry.npmjs.org/tunnel-agent cache-miss
129 http fetch GET 200 https://registry.npmjs.org/pump 66ms (cache miss)
130 silly packumentCache full:https://registry.npmjs.org/pump set size:undefined disposed:false
131 silly fetch manifest chownr@^2.0.0
132 silly packumentCache full:https://registry.npmjs.org/chownr cache-miss
133 http fetch GET 200 https://registry.npmjs.org/napi-build-utils 89ms (cache miss)
134 silly packumentCache full:https://registry.npmjs.org/napi-build-utils set size:undefined disposed:false
135 silly fetch manifest mkdirp@^1.0.3
136 silly packumentCache full:https://registry.npmjs.org/mkdirp cache-miss
137 http fetch GET 200 https://registry.npmjs.org/rc 84ms (cache miss)
138 silly packumentCache full:https://registry.npmjs.org/rc set size:undefined disposed:false
139 silly fetch manifest yallist@^4.0.0
140 silly packumentCache full:https://registry.npmjs.org/yallist cache-miss
141 http fetch GET 200 https://registry.npmjs.org/simple-get 100ms (cache miss)
142 silly packumentCache full:https://registry.npmjs.org/simple-get set size:undefined disposed:false
143 silly fetch manifest minipass@^5.0.0
144 silly packumentCache full:https://registry.npmjs.org/minipass cache-miss
145 http fetch GET 200 https://registry.npmjs.org/node-abi 125ms (cache miss)
146 silly packumentCache full:https://registry.npmjs.org/node-abi set size:undefined disposed:false
147 silly fetch manifest minizlib@^2.1.1
148 silly packumentCache full:https://registry.npmjs.org/minizlib cache-miss
149 http fetch GET 200 https://registry.npmjs.org/tunnel-agent 71ms (cache miss)
150 silly packumentCache full:https://registry.npmjs.org/tunnel-agent set size:undefined disposed:false
151 silly fetch manifest fs-minipass@^2.0.0
152 silly packumentCache full:https://registry.npmjs.org/fs-minipass cache-miss
153 http fetch GET 200 https://registry.npmjs.org/tar-fs 108ms (cache miss)
154 silly packumentCache full:https://registry.npmjs.org/tar-fs set size:undefined disposed:false
155 http fetch GET 200 https://registry.npmjs.org/chownr 81ms (cache miss)
156 silly packumentCache full:https://registry.npmjs.org/chownr set size:undefined disposed:false
157 http fetch GET 200 https://registry.npmjs.org/yallist 64ms (cache miss)
158 silly packumentCache full:https://registry.npmjs.org/yallist set size:undefined disposed:false
159 http fetch GET 200 https://registry.npmjs.org/minizlib 51ms (cache miss)
160 silly packumentCache full:https://registry.npmjs.org/minizlib set size:undefined disposed:false
161 http fetch GET 200 https://registry.npmjs.org/mkdirp 99ms (cache miss)
162 silly packumentCache full:https://registry.npmjs.org/mkdirp set size:undefined disposed:false
163 http fetch GET 200 https://registry.npmjs.org/fs-minipass 56ms (cache miss)
164 silly packumentCache full:https://registry.npmjs.org/fs-minipass set size:undefined disposed:false
165 http fetch GET 200 https://registry.npmjs.org/minipass 87ms (cache miss)
166 silly packumentCache full:https://registry.npmjs.org/minipass set size:undefined disposed:false
167 silly placeDep ROOT file-uri-to-path@1.0.0 OK for: bindings@1.5.0 want: 1.0.0
168 silly placeDep ROOT env-paths@2.2.1 OK for: node-gyp@8.4.1 want: ^2.2.0
169 silly placeDep ROOT glob@7.2.3 OK for: node-gyp@8.4.1 want: ^7.1.4
170 silly placeDep ROOT graceful-fs@4.2.11 OK for: node-gyp@8.4.1 want: ^4.2.6
171 silly placeDep ROOT make-fetch-happen@9.1.0 OK for: node-gyp@8.4.1 want: ^9.1.0
172 silly placeDep ROOT nopt@5.0.0 OK for: node-gyp@8.4.1 want: ^5.0.0
173 silly placeDep ROOT npmlog@6.0.2 OK for: node-gyp@8.4.1 want: ^6.0.0
174 silly placeDep ROOT rimraf@3.0.2 OK for: node-gyp@8.4.1 want: ^3.0.2
175 silly placeDep ROOT semver@7.6.3 OK for: node-gyp@8.4.1 want: ^7.3.5
176 silly placeDep ROOT which@2.0.2 OK for: node-gyp@8.4.1 want: ^2.0.2
177 silly fetch manifest once@^1.3.0
178 silly packumentCache full:https://registry.npmjs.org/once cache-miss
179 silly fetch manifest inflight@^1.0.4
180 silly packumentCache full:https://registry.npmjs.org/inflight cache-miss
181 silly fetch manifest minimatch@^3.1.1
182 silly packumentCache full:https://registry.npmjs.org/minimatch cache-miss
183 silly fetch manifest fs.realpath@^1.0.0
184 silly packumentCache full:https://registry.npmjs.org/fs.realpath cache-miss
185 silly fetch manifest path-is-absolute@^1.0.0
186 silly packumentCache full:https://registry.npmjs.org/path-is-absolute cache-miss
187 silly fetch manifest ssri@^8.0.0
188 silly packumentCache full:https://registry.npmjs.org/ssri cache-miss
189 silly fetch manifest cacache@^15.2.0
190 silly packumentCache full:https://registry.npmjs.org/cacache cache-miss
191 http fetch GET 200 https://registry.npmjs.org/inflight 68ms (cache miss)
192 silly packumentCache full:https://registry.npmjs.org/inflight set size:undefined disposed:false
193 silly fetch manifest minipass@^3.1.3
194 silly packumentCache full:https://registry.npmjs.org/minipass cache-miss
195 http fetch GET 200 https://registry.npmjs.org/once 73ms (cache miss)
196 silly packumentCache full:https://registry.npmjs.org/once set size:undefined disposed:false
197 silly fetch manifest is-lambda@^1.0.1
198 silly packumentCache full:https://registry.npmjs.org/is-lambda cache-miss
199 http fetch GET 200 https://registry.npmjs.org/fs.realpath 89ms (cache miss)
200 silly packumentCache full:https://registry.npmjs.org/fs.realpath set size:undefined disposed:false
201 silly fetch manifest lru-cache@^6.0.0
202 silly packumentCache full:https://registry.npmjs.org/lru-cache cache-miss
203 http fetch GET 200 https://registry.npmjs.org/path-is-absolute 98ms (cache miss)
204 silly packumentCache full:https://registry.npmjs.org/path-is-absolute set size:undefined disposed:false
205 silly fetch manifest promise-retry@^2.0.1
206 silly packumentCache full:https://registry.npmjs.org/promise-retry cache-miss
207 http fetch GET 200 https://registry.npmjs.org/minipass 39ms (cache hit)
208 silly packumentCache full:https://registry.npmjs.org/minipass set size:490195 disposed:false
209 silly fetch manifest agentkeepalive@^4.1.3
210 silly packumentCache full:https://registry.npmjs.org/agentkeepalive cache-miss
211 http fetch GET 200 https://registry.npmjs.org/ssri 117ms (cache miss)
212 silly packumentCache full:https://registry.npmjs.org/ssri set size:undefined disposed:false
213 silly fetch manifest minipass-fetch@^1.3.2
214 silly packumentCache full:https://registry.npmjs.org/minipass-fetch cache-miss
215 http fetch GET 200 https://registry.npmjs.org/cacache 124ms (cache miss)
216 silly packumentCache full:https://registry.npmjs.org/cacache set size:undefined disposed:false
217 silly fetch manifest minipass-flush@^1.0.5
218 silly packumentCache full:https://registry.npmjs.org/minipass-flush cache-miss
219 http fetch GET 200 https://registry.npmjs.org/minimatch 149ms (cache miss)
220 silly packumentCache full:https://registry.npmjs.org/minimatch set size:undefined disposed:false
221 silly fetch manifest http-proxy-agent@^4.0.1
222 silly packumentCache full:https://registry.npmjs.org/http-proxy-agent cache-miss
223 http fetch GET 200 https://registry.npmjs.org/is-lambda 88ms (cache miss)
224 silly packumentCache full:https://registry.npmjs.org/is-lambda set size:undefined disposed:false
225 silly fetch manifest minipass-collect@^1.0.2
226 silly packumentCache full:https://registry.npmjs.org/minipass-collect cache-miss
227 http fetch GET 200 https://registry.npmjs.org/promise-retry 77ms (cache miss)
228 silly packumentCache full:https://registry.npmjs.org/promise-retry set size:undefined disposed:false
229 silly fetch manifest https-proxy-agent@^5.0.0
230 silly packumentCache full:https://registry.npmjs.org/https-proxy-agent cache-miss
231 http fetch GET 200 https://registry.npmjs.org/minipass-fetch 64ms (cache miss)
232 silly packumentCache full:https://registry.npmjs.org/minipass-fetch set size:undefined disposed:false
233 silly fetch manifest minipass-pipeline@^1.2.4
234 silly packumentCache full:https://registry.npmjs.org/minipass-pipeline cache-miss
235 http fetch GET 200 https://registry.npmjs.org/agentkeepalive 87ms (cache miss)
236 silly packumentCache full:https://registry.npmjs.org/agentkeepalive set size:undefined disposed:false
237 silly fetch manifest socks-proxy-agent@^6.0.0
238 silly packumentCache full:https://registry.npmjs.org/socks-proxy-agent cache-miss
239 http fetch GET 200 https://registry.npmjs.org/lru-cache 124ms (cache miss)
240 silly packumentCache full:https://registry.npmjs.org/lru-cache set size:undefined disposed:false
241 silly fetch manifest http-cache-semantics@^4.1.0
242 silly packumentCache full:https://registry.npmjs.org/http-cache-semantics cache-miss
243 http fetch GET 200 https://registry.npmjs.org/minipass-collect 70ms (cache miss)
244 silly packumentCache full:https://registry.npmjs.org/minipass-collect set size:undefined disposed:false
245 silly fetch manifest abbrev@1
246 silly packumentCache full:https://registry.npmjs.org/abbrev cache-miss
247 http fetch GET 200 https://registry.npmjs.org/minipass-flush 104ms (cache miss)
248 silly packumentCache full:https://registry.npmjs.org/minipass-flush set size:undefined disposed:false
249 silly fetch manifest gauge@^4.0.3
250 silly packumentCache full:https://registry.npmjs.org/gauge cache-miss
251 http fetch GET 200 https://registry.npmjs.org/https-proxy-agent 84ms (cache miss)
252 silly packumentCache full:https://registry.npmjs.org/https-proxy-agent set size:undefined disposed:false
253 silly fetch manifest set-blocking@^2.0.0
254 silly packumentCache full:https://registry.npmjs.org/set-blocking cache-miss
255 http fetch GET 200 https://registry.npmjs.org/http-proxy-agent 119ms (cache miss)
256 silly packumentCache full:https://registry.npmjs.org/http-proxy-agent set size:undefined disposed:false
257 silly fetch manifest are-we-there-yet@^3.0.0
258 silly packumentCache full:https://registry.npmjs.org/are-we-there-yet cache-miss
259 http fetch GET 200 https://registry.npmjs.org/minipass-pipeline 87ms (cache miss)
260 silly packumentCache full:https://registry.npmjs.org/minipass-pipeline set size:undefined disposed:false
261 silly fetch manifest console-control-strings@^1.1.0
262 silly packumentCache full:https://registry.npmjs.org/console-control-strings cache-miss
263 http fetch GET 200 https://registry.npmjs.org/socks-proxy-agent 74ms (cache miss)
264 silly packumentCache full:https://registry.npmjs.org/socks-proxy-agent set size:undefined disposed:false
265 silly fetch manifest isexe@^2.0.0
266 silly packumentCache full:https://registry.npmjs.org/isexe cache-miss
267 http fetch GET 200 https://registry.npmjs.org/abbrev 70ms (cache miss)
268 silly packumentCache full:https://registry.npmjs.org/abbrev set size:undefined disposed:false
269 http fetch GET 200 https://registry.npmjs.org/http-cache-semantics 85ms (cache miss)
270 silly packumentCache full:https://registry.npmjs.org/http-cache-semantics set size:undefined disposed:false
271 http fetch GET 200 https://registry.npmjs.org/gauge 68ms (cache miss)
272 silly packumentCache full:https://registry.npmjs.org/gauge set size:undefined disposed:false
273 http fetch GET 200 https://registry.npmjs.org/set-blocking 47ms (cache miss)
274 silly packumentCache full:https://registry.npmjs.org/set-blocking set size:undefined disposed:false
275 http fetch GET 200 https://registry.npmjs.org/console-control-strings 47ms (cache miss)
276 silly packumentCache full:https://registry.npmjs.org/console-control-strings set size:undefined disposed:false
277 http fetch GET 200 https://registry.npmjs.org/isexe 61ms (cache miss)
278 silly packumentCache full:https://registry.npmjs.org/isexe set size:undefined disposed:false
279 http fetch GET 200 https://registry.npmjs.org/are-we-there-yet 71ms (cache miss)
280 silly packumentCache full:https://registry.npmjs.org/are-we-there-yet set size:undefined disposed:false
281 silly placeDep ROOT fs.realpath@1.0.0 OK for: glob@7.2.3 want: ^1.0.0
282 silly placeDep ROOT inflight@1.0.6 OK for: glob@7.2.3 want: ^1.0.4
283 silly placeDep ROOT minimatch@3.1.2 OK for: glob@7.2.3 want: ^3.1.1
284 silly placeDep ROOT once@1.4.0 OK for: glob@7.2.3 want: ^1.3.0
285 silly placeDep ROOT path-is-absolute@1.0.1 OK for: glob@7.2.3 want: ^1.0.0
286 silly fetch manifest wrappy@1
287 silly packumentCache full:https://registry.npmjs.org/wrappy cache-miss
288 silly fetch manifest brace-expansion@^1.1.7
289 silly packumentCache full:https://registry.npmjs.org/brace-expansion cache-miss
290 silly fetch manifest wrappy@1
291 silly packumentCache full:https://registry.npmjs.org/wrappy cache-miss
292 http fetch GET 200 https://registry.npmjs.org/brace-expansion 50ms (cache miss)
293 silly packumentCache full:https://registry.npmjs.org/brace-expansion set size:undefined disposed:false
294 http fetch GET 200 https://registry.npmjs.org/wrappy 55ms (cache miss)
295 silly packumentCache full:https://registry.npmjs.org/wrappy set size:undefined disposed:false
296 http fetch GET 200 https://registry.npmjs.org/wrappy 72ms (cache miss)
297 silly packumentCache full:https://registry.npmjs.org/wrappy set size:undefined disposed:false
298 silly placeDep ROOT wrappy@1.0.2 OK for: inflight@1.0.6 want: 1
299 silly placeDep ROOT agentkeepalive@4.5.0 OK for: make-fetch-happen@9.1.0 want: ^4.1.3
300 silly placeDep ROOT cacache@15.3.0 OK for: make-fetch-happen@9.1.0 want: ^15.2.0
301 silly placeDep ROOT http-cache-semantics@4.1.1 OK for: make-fetch-happen@9.1.0 want: ^4.1.0
302 silly placeDep ROOT http-proxy-agent@4.0.1 OK for: make-fetch-happen@9.1.0 want: ^4.0.1
303 silly placeDep ROOT https-proxy-agent@5.0.1 OK for: make-fetch-happen@9.1.0 want: ^5.0.0
304 silly placeDep ROOT is-lambda@1.0.1 OK for: make-fetch-happen@9.1.0 want: ^1.0.1
305 silly placeDep ROOT lru-cache@6.0.0 OK for: make-fetch-happen@9.1.0 want: ^6.0.0
306 silly placeDep ROOT minipass@3.3.6 OK for: make-fetch-happen@9.1.0 want: ^3.1.3
307 silly placeDep ROOT minipass-collect@1.0.2 OK for: make-fetch-happen@9.1.0 want: ^1.0.2
308 silly placeDep ROOT minipass-fetch@1.4.1 OK for: make-fetch-happen@9.1.0 want: ^1.3.2
309 silly placeDep ROOT minipass-flush@1.0.5 OK for: make-fetch-happen@9.1.0 want: ^1.0.5
310 silly placeDep ROOT minipass-pipeline@1.2.4 OK for: make-fetch-happen@9.1.0 want: ^1.2.4
311 silly placeDep ROOT promise-retry@2.0.1 OK for: make-fetch-happen@9.1.0 want: ^2.0.1
312 silly placeDep ROOT socks-proxy-agent@6.2.1 OK for: make-fetch-happen@9.1.0 want: ^6.0.0
313 silly placeDep ROOT ssri@8.0.1 OK for: make-fetch-happen@9.1.0 want: ^8.0.0
314 silly fetch manifest humanize-ms@^1.2.1
315 silly packumentCache full:https://registry.npmjs.org/humanize-ms cache-miss
316 silly fetch manifest ssri@^8.0.1
317 silly packumentCache full:https://registry.npmjs.org/ssri cache-miss
318 silly fetch manifest p-map@^4.0.0
319 silly packumentCache full:https://registry.npmjs.org/p-map cache-miss
320 silly fetch manifest minipass@^3.1.1
321 silly packumentCache full:https://registry.npmjs.org/minipass cache-hit
322 silly fetch manifest @npmcli/fs@^1.0.0
323 silly packumentCache full:https://registry.npmjs.org/@npmcli%2ffs cache-miss
324 silly fetch manifest infer-owner@^1.0.4
325 silly packumentCache full:https://registry.npmjs.org/infer-owner cache-miss
326 silly fetch manifest unique-filename@^1.1.1
327 silly packumentCache full:https://registry.npmjs.org/unique-filename cache-miss
328 silly fetch manifest promise-inflight@^1.0.1
329 silly packumentCache full:https://registry.npmjs.org/promise-inflight cache-miss
330 http fetch GET 200 https://registry.npmjs.org/ssri 31ms (cache hit)
331 silly packumentCache full:https://registry.npmjs.org/ssri set size:130395 disposed:false
332 silly fetch manifest @npmcli/move-file@^1.0.1
333 silly packumentCache full:https://registry.npmjs.org/@npmcli%2fmove-file cache-miss
334 http fetch GET 200 https://registry.npmjs.org/humanize-ms 79ms (cache miss)
335 silly packumentCache full:https://registry.npmjs.org/humanize-ms set size:undefined disposed:false
336 silly fetch manifest minipass-pipeline@^1.2.2
337 silly packumentCache full:https://registry.npmjs.org/minipass-pipeline cache-miss
338 http fetch GET 200 https://registry.npmjs.org/unique-filename 70ms (cache miss)
339 silly packumentCache full:https://registry.npmjs.org/unique-filename set size:undefined disposed:false
340 silly fetch manifest @tootallnate/once@1
341 silly packumentCache full:https://registry.npmjs.org/@tootallnate%2fonce cache-miss
342 http fetch GET 200 https://registry.npmjs.org/p-map 90ms (cache miss)
343 silly packumentCache full:https://registry.npmjs.org/p-map set size:undefined disposed:false
344 silly fetch manifest agent-base@6
345 silly packumentCache full:https://registry.npmjs.org/agent-base cache-miss
346 http fetch GET 200 https://registry.npmjs.org/infer-owner 89ms (cache miss)
347 silly packumentCache full:https://registry.npmjs.org/infer-owner set size:undefined disposed:false
348 silly fetch manifest debug@4
349 silly packumentCache full:https://registry.npmjs.org/debug cache-miss
350 http fetch GET 200 https://registry.npmjs.org/promise-inflight 88ms (cache miss)
351 silly packumentCache full:https://registry.npmjs.org/promise-inflight set size:undefined disposed:false
352 silly fetch manifest debug@4
353 silly packumentCache full:https://registry.npmjs.org/debug cache-miss
354 http fetch GET 200 https://registry.npmjs.org/minipass-pipeline 43ms (cache hit)
355 silly packumentCache full:https://registry.npmjs.org/minipass-pipeline set size:27941 disposed:false
356 silly fetch manifest agent-base@6
357 silly packumentCache full:https://registry.npmjs.org/agent-base cache-miss
358 http fetch GET 200 https://registry.npmjs.org/@npmcli%2ffs 123ms (cache miss)
359 silly packumentCache full:https://registry.npmjs.org/@npmcli%2ffs set size:undefined disposed:false
360 silly fetch manifest minizlib@^2.0.0
361 silly packumentCache full:https://registry.npmjs.org/minizlib cache-miss
362 http fetch GET 200 https://registry.npmjs.org/agent-base 54ms (cache miss)
363 silly packumentCache full:https://registry.npmjs.org/agent-base set size:undefined disposed:false
364 silly fetch manifest minipass-sized@^1.0.3
365 silly packumentCache full:https://registry.npmjs.org/minipass-sized cache-miss
366 http fetch GET 200 https://registry.npmjs.org/@npmcli%2fmove-file 116ms (cache miss)
367 silly packumentCache full:https://registry.npmjs.org/@npmcli%2fmove-file set size:undefined disposed:false
368 silly fetch manifest encoding@^0.1.12
369 silly packumentCache full:https://registry.npmjs.org/encoding cache-miss
370 http fetch GET 200 https://registry.npmjs.org/minizlib 43ms (cache hit)
371 silly packumentCache full:https://registry.npmjs.org/minizlib set size:57871 disposed:false
372 silly fetch manifest err-code@^2.0.2
373 silly packumentCache full:https://registry.npmjs.org/err-code cache-miss
374 http fetch GET 200 https://registry.npmjs.org/@tootallnate%2fonce 96ms (cache miss)
375 silly packumentCache full:https://registry.npmjs.org/@tootallnate%2fonce set size:undefined disposed:false
376 silly fetch manifest retry@^0.12.0
377 silly packumentCache full:https://registry.npmjs.org/retry cache-miss
378 http fetch GET 200 https://registry.npmjs.org/agent-base 70ms (cache miss)
379 silly packumentCache full:https://registry.npmjs.org/agent-base set size:undefined disposed:false
380 silly fetch manifest debug@^4.3.3
381 silly packumentCache full:https://registry.npmjs.org/debug cache-miss
382 http fetch GET 200 https://registry.npmjs.org/debug 109ms (cache miss)
383 silly packumentCache full:https://registry.npmjs.org/debug set size:undefined disposed:false
384 silly fetch manifest socks@^2.6.2
385 silly packumentCache full:https://registry.npmjs.org/socks cache-miss
386 http fetch GET 200 https://registry.npmjs.org/debug 120ms (cache miss)
387 silly packumentCache full:https://registry.npmjs.org/debug set size:undefined disposed:false
388 silly fetch manifest agent-base@^6.0.2
389 silly packumentCache full:https://registry.npmjs.org/agent-base cache-miss
390 http fetch GET 200 https://registry.npmjs.org/encoding 70ms (cache miss)
391 silly packumentCache full:https://registry.npmjs.org/encoding set size:undefined disposed:false
392 http fetch GET 200 https://registry.npmjs.org/minipass-sized 81ms (cache miss)
393 silly packumentCache full:https://registry.npmjs.org/minipass-sized set size:undefined disposed:false
394 http fetch GET 200 https://registry.npmjs.org/retry 55ms (cache miss)
395 silly packumentCache full:https://registry.npmjs.org/retry set size:undefined disposed:false
396 http fetch GET 200 https://registry.npmjs.org/agent-base 17ms (cache hit)
397 silly packumentCache full:https://registry.npmjs.org/agent-base set size:61059 disposed:false
398 http fetch GET 200 https://registry.npmjs.org/err-code 78ms (cache miss)
399 silly packumentCache full:https://registry.npmjs.org/err-code set size:undefined disposed:false
400 http fetch GET 200 https://registry.npmjs.org/socks 48ms (cache miss)
401 silly packumentCache full:https://registry.npmjs.org/socks set size:undefined disposed:false
402 http fetch GET 200 https://registry.npmjs.org/debug 86ms (cache miss)
403 silly packumentCache full:https://registry.npmjs.org/debug set size:undefined disposed:false
404 silly placeDep ROOT humanize-ms@1.2.1 OK for: agentkeepalive@4.5.0 want: ^1.2.1
405 silly placeDep ROOT @npmcli/fs@1.1.1 OK for: cacache@15.3.0 want: ^1.0.0
406 silly placeDep ROOT @npmcli/move-file@1.1.2 OK for: cacache@15.3.0 want: ^1.0.1
407 silly placeDep ROOT chownr@2.0.0 OK for: cacache@15.3.0 want: ^2.0.0
408 silly placeDep ROOT fs-minipass@2.1.0 OK for: cacache@15.3.0 want: ^2.0.0
409 silly placeDep ROOT infer-owner@1.0.4 OK for: cacache@15.3.0 want: ^1.0.4
410 silly placeDep ROOT mkdirp@1.0.4 OK for: cacache@15.3.0 want: ^1.0.3
411 silly placeDep ROOT p-map@4.0.0 OK for: cacache@15.3.0 want: ^4.0.0
412 silly placeDep ROOT promise-inflight@1.0.1 OK for: cacache@15.3.0 want: ^1.0.1
413 silly placeDep ROOT unique-filename@1.1.1 OK for: cacache@15.3.0 want: ^1.1.1
414 silly fetch manifest @gar/promisify@^1.0.1
415 silly packumentCache full:https://registry.npmjs.org/@gar%2fpromisify cache-miss
416 silly fetch manifest mkdirp@^1.0.4
417 silly packumentCache full:https://registry.npmjs.org/mkdirp cache-miss
418 silly fetch manifest aggregate-error@^3.0.0
419 silly packumentCache full:https://registry.npmjs.org/aggregate-error cache-miss
420 silly fetch manifest unique-slug@^2.0.0
421 silly packumentCache full:https://registry.npmjs.org/unique-slug cache-miss
422 http fetch GET 200 https://registry.npmjs.org/mkdirp 13ms (cache hit)
423 silly packumentCache full:https://registry.npmjs.org/mkdirp set size:116455 disposed:false
424 http fetch GET 200 https://registry.npmjs.org/aggregate-error 38ms (cache miss)
425 silly packumentCache full:https://registry.npmjs.org/aggregate-error set size:undefined disposed:false
426 http fetch GET 200 https://registry.npmjs.org/unique-slug 44ms (cache miss)
427 silly packumentCache full:https://registry.npmjs.org/unique-slug set size:undefined disposed:false
428 http fetch GET 200 https://registry.npmjs.org/@gar%2fpromisify 61ms (cache miss)
429 silly packumentCache full:https://registry.npmjs.org/@gar%2fpromisify set size:undefined disposed:false
430 silly placeDep ROOT @gar/promisify@1.1.3 OK for: @npmcli/fs@1.1.1 want: ^1.0.1
431 silly placeDep ROOT @tootallnate/once@1.1.2 OK for: http-proxy-agent@4.0.1 want: 1
432 silly placeDep ROOT agent-base@6.0.2 OK for: http-proxy-agent@4.0.1 want: 6
433 silly placeDep node_modules/http-proxy-agent debug@4.3.7 OK for: http-proxy-agent@4.0.1 want: 4
434 silly fetch manifest ms@^2.1.3
435 silly packumentCache full:https://registry.npmjs.org/ms cache-miss
436 http fetch GET 200 https://registry.npmjs.org/ms 50ms (cache miss)
437 silly packumentCache full:https://registry.npmjs.org/ms set size:undefined disposed:false
438 silly placeDep node_modules/agent-base debug@4.3.7 OK for: agent-base@6.0.2 want: 4
439 silly placeDep node_modules/https-proxy-agent debug@4.3.7 OK for: https-proxy-agent@5.0.1 want: 4
440 silly placeDep ROOT yallist@4.0.0 OK for: lru-cache@6.0.0 want: ^4.0.0
441 silly placeDep ROOT brace-expansion@1.1.11 OK for: minimatch@3.1.2 want: ^1.1.7
442 silly fetch manifest balanced-match@^1.0.0
443 silly packumentCache full:https://registry.npmjs.org/balanced-match cache-miss
444 silly fetch manifest concat-map@0.0.1
445 silly packumentCache full:https://registry.npmjs.org/concat-map cache-miss
446 http fetch GET 200 https://registry.npmjs.org/concat-map 67ms (cache miss)
447 silly packumentCache full:https://registry.npmjs.org/concat-map set size:undefined disposed:false
448 http fetch GET 200 https://registry.npmjs.org/balanced-match 71ms (cache miss)
449 silly packumentCache full:https://registry.npmjs.org/balanced-match set size:undefined disposed:false
450 silly placeDep ROOT balanced-match@1.0.2 OK for: brace-expansion@1.1.11 want: ^1.0.0
451 silly placeDep ROOT concat-map@0.0.1 OK for: brace-expansion@1.1.11 want: 0.0.1
452 silly placeDep ROOT encoding@0.1.13 OK for: minipass-fetch@1.4.1 want: ^0.1.12
453 silly placeDep ROOT minipass-sized@1.0.3 OK for: minipass-fetch@1.4.1 want: ^1.0.3
454 silly placeDep ROOT minizlib@2.1.2 OK for: minipass-fetch@1.4.1 want: ^2.0.0
455 silly fetch manifest iconv-lite@^0.6.2
456 silly packumentCache full:https://registry.npmjs.org/iconv-lite cache-miss
457 http fetch GET 200 https://registry.npmjs.org/iconv-lite 52ms (cache miss)
458 silly packumentCache full:https://registry.npmjs.org/iconv-lite set size:undefined disposed:false
459 silly placeDep ROOT iconv-lite@0.6.3 OK for: encoding@0.1.13 want: ^0.6.2
460 silly fetch manifest safer-buffer@>= 2.1.2 < 3.0.0
461 silly packumentCache full:https://registry.npmjs.org/safer-buffer cache-miss
462 http fetch GET 200 https://registry.npmjs.org/safer-buffer 34ms (cache miss)
463 silly packumentCache full:https://registry.npmjs.org/safer-buffer set size:undefined disposed:false
464 silly placeDep ROOT safer-buffer@2.1.2 OK for: iconv-lite@0.6.3 want: >= 2.1.2 < 3.0.0
465 silly placeDep ROOT abbrev@1.1.1 OK for: nopt@5.0.0 want: 1
466 silly placeDep ROOT are-we-there-yet@3.0.1 OK for: npmlog@6.0.2 want: ^3.0.0
467 silly placeDep ROOT console-control-strings@1.1.0 OK for: npmlog@6.0.2 want: ^1.1.0
468 silly placeDep ROOT gauge@4.0.4 OK for: npmlog@6.0.2 want: ^4.0.3
469 silly placeDep ROOT set-blocking@2.0.0 OK for: npmlog@6.0.2 want: ^2.0.0
470 silly fetch manifest delegates@^1.0.0
471 silly packumentCache full:https://registry.npmjs.org/delegates cache-miss
472 silly fetch manifest readable-stream@^3.6.0
473 silly packumentCache full:https://registry.npmjs.org/readable-stream cache-miss
474 silly fetch manifest aproba@^1.0.3 || ^2.0.0
475 silly packumentCache full:https://registry.npmjs.org/aproba cache-miss
476 silly fetch manifest strip-ansi@^6.0.1
477 silly packumentCache full:https://registry.npmjs.org/strip-ansi cache-miss
478 silly fetch manifest wide-align@^1.1.5
479 silly packumentCache full:https://registry.npmjs.org/wide-align cache-miss
480 silly fetch manifest has-unicode@^2.0.1
481 silly packumentCache full:https://registry.npmjs.org/has-unicode cache-miss
482 silly fetch manifest signal-exit@^3.0.7
483 silly packumentCache full:https://registry.npmjs.org/signal-exit cache-miss
484 http fetch GET 200 https://registry.npmjs.org/strip-ansi 52ms (cache miss)
485 silly packumentCache full:https://registry.npmjs.org/strip-ansi set size:undefined disposed:false
486 silly fetch manifest string-width@^4.2.3
487 silly packumentCache full:https://registry.npmjs.org/string-width cache-miss
488 http fetch GET 200 https://registry.npmjs.org/delegates 75ms (cache miss)
489 silly packumentCache full:https://registry.npmjs.org/delegates set size:undefined disposed:false
490 silly fetch manifest color-support@^1.1.3
491 silly packumentCache full:https://registry.npmjs.org/color-support cache-miss
492 http fetch GET 200 https://registry.npmjs.org/has-unicode 81ms (cache miss)
493 silly packumentCache full:https://registry.npmjs.org/has-unicode set size:undefined disposed:false
494 http fetch GET 200 https://registry.npmjs.org/wide-align 84ms (cache miss)
495 silly packumentCache full:https://registry.npmjs.org/wide-align set size:undefined disposed:false
496 http fetch GET 200 https://registry.npmjs.org/aproba 92ms (cache miss)
497 silly packumentCache full:https://registry.npmjs.org/aproba set size:undefined disposed:false
498 http fetch GET 200 https://registry.npmjs.org/signal-exit 91ms (cache miss)
499 silly packumentCache full:https://registry.npmjs.org/signal-exit set size:undefined disposed:false
500 http fetch GET 200 https://registry.npmjs.org/string-width 47ms (cache miss)
501 silly packumentCache full:https://registry.npmjs.org/string-width set size:undefined disposed:false
502 http fetch GET 200 https://registry.npmjs.org/readable-stream 109ms (cache miss)
503 silly packumentCache full:https://registry.npmjs.org/readable-stream set size:undefined disposed:false
504 http fetch GET 200 https://registry.npmjs.org/color-support 66ms (cache miss)
505 silly packumentCache full:https://registry.npmjs.org/color-support set size:undefined disposed:false
506 silly placeDep ROOT delegates@1.0.0 OK for: are-we-there-yet@3.0.1 want: ^1.0.0
507 silly placeDep ROOT readable-stream@3.6.2 OK for: are-we-there-yet@3.0.1 want: ^3.6.0
508 silly fetch manifest string_decoder@^1.1.1
509 silly packumentCache full:https://registry.npmjs.org/string_decoder cache-miss
510 silly fetch manifest util-deprecate@^1.0.1
511 silly packumentCache full:https://registry.npmjs.org/util-deprecate cache-miss
512 http fetch GET 200 https://registry.npmjs.org/util-deprecate 47ms (cache miss)
513 silly packumentCache full:https://registry.npmjs.org/util-deprecate set size:undefined disposed:false
514 http fetch GET 200 https://registry.npmjs.org/string_decoder 64ms (cache miss)
515 silly packumentCache full:https://registry.npmjs.org/string_decoder set size:undefined disposed:false
516 silly placeDep ROOT aproba@2.0.0 OK for: gauge@4.0.4 want: ^1.0.3 || ^2.0.0
517 silly placeDep ROOT color-support@1.1.3 OK for: gauge@4.0.4 want: ^1.1.3
518 silly placeDep ROOT has-unicode@2.0.1 OK for: gauge@4.0.4 want: ^2.0.1
519 silly placeDep ROOT signal-exit@3.0.7 OK for: gauge@4.0.4 want: ^3.0.7
520 silly placeDep ROOT string-width@4.2.3 OK for: gauge@4.0.4 want: ^4.2.3
521 silly placeDep ROOT strip-ansi@6.0.1 OK for: gauge@4.0.4 want: ^6.0.1
522 silly placeDep ROOT wide-align@1.1.5 OK for: gauge@4.0.4 want: ^1.1.5
523 silly fetch manifest emoji-regex@^8.0.0
524 silly packumentCache full:https://registry.npmjs.org/emoji-regex cache-miss
525 silly fetch manifest is-fullwidth-code-point@^3.0.0
526 silly packumentCache full:https://registry.npmjs.org/is-fullwidth-code-point cache-miss
527 silly fetch manifest ansi-regex@^5.0.1
528 silly packumentCache full:https://registry.npmjs.org/ansi-regex cache-miss
529 http fetch GET 200 https://registry.npmjs.org/is-fullwidth-code-point 42ms (cache miss)
530 silly packumentCache full:https://registry.npmjs.org/is-fullwidth-code-point set size:undefined disposed:false
531 http fetch GET 200 https://registry.npmjs.org/emoji-regex 56ms (cache miss)
532 silly packumentCache full:https://registry.npmjs.org/emoji-regex set size:undefined disposed:false
533 http fetch GET 200 https://registry.npmjs.org/ansi-regex 68ms (cache miss)
534 silly packumentCache full:https://registry.npmjs.org/ansi-regex set size:undefined disposed:false
535 silly placeDep ROOT aggregate-error@3.1.0 OK for: p-map@4.0.0 want: ^3.0.0
536 silly fetch manifest clean-stack@^2.0.0
537 silly packumentCache full:https://registry.npmjs.org/clean-stack cache-miss
538 silly fetch manifest indent-string@^4.0.0
539 silly packumentCache full:https://registry.npmjs.org/indent-string cache-miss
540 http fetch GET 200 https://registry.npmjs.org/clean-stack 87ms (cache miss)
541 silly packumentCache full:https://registry.npmjs.org/clean-stack set size:undefined disposed:false
542 http fetch GET 200 https://registry.npmjs.org/indent-string 89ms (cache miss)
543 silly packumentCache full:https://registry.npmjs.org/indent-string set size:undefined disposed:false
544 silly placeDep ROOT clean-stack@2.2.0 OK for: aggregate-error@3.1.0 want: ^2.0.0
545 silly placeDep ROOT indent-string@4.0.0 OK for: aggregate-error@3.1.0 want: ^4.0.0
546 silly placeDep ROOT detect-libc@2.0.3 OK for: prebuild-install@7.1.2 want: ^2.0.0
547 silly placeDep ROOT expand-template@2.0.3 OK for: prebuild-install@7.1.2 want: ^2.0.3
548 silly placeDep ROOT github-from-package@0.0.0 OK for: prebuild-install@7.1.2 want: 0.0.0
549 silly placeDep ROOT minimist@1.2.8 OK for: prebuild-install@7.1.2 want: ^1.2.3
550 silly placeDep ROOT mkdirp-classic@0.5.3 OK for: prebuild-install@7.1.2 want: ^0.5.3
551 silly placeDep ROOT napi-build-utils@1.0.2 OK for: prebuild-install@7.1.2 want: ^1.0.1
552 silly placeDep ROOT node-abi@3.71.0 OK for: prebuild-install@7.1.2 want: ^3.3.0
553 silly placeDep ROOT pump@3.0.2 OK for: prebuild-install@7.1.2 want: ^3.0.0
554 silly placeDep ROOT rc@1.2.8 OK for: prebuild-install@7.1.2 want: ^1.2.7
555 silly placeDep ROOT simple-get@4.0.1 OK for: prebuild-install@7.1.2 want: ^4.0.0
556 silly placeDep ROOT tar-fs@2.1.1 OK for: prebuild-install@7.1.2 want: ^2.0.0
557 silly placeDep ROOT tunnel-agent@0.6.0 OK for: prebuild-install@7.1.2 want: ^0.6.0
558 silly fetch manifest end-of-stream@^1.1.0
559 silly packumentCache full:https://registry.npmjs.org/end-of-stream cache-miss
560 silly fetch manifest deep-extend@^0.6.0
561 silly packumentCache full:https://registry.npmjs.org/deep-extend cache-miss
562 silly fetch manifest ini@~1.3.0
563 silly packumentCache full:https://registry.npmjs.org/ini cache-miss
564 silly fetch manifest strip-json-comments@~2.0.1
565 silly packumentCache full:https://registry.npmjs.org/strip-json-comments cache-miss
566 silly fetch manifest decompress-response@^6.0.0
567 silly packumentCache full:https://registry.npmjs.org/decompress-response cache-miss
568 silly fetch manifest simple-concat@^1.0.0
569 silly packumentCache full:https://registry.npmjs.org/simple-concat cache-miss
570 silly fetch manifest chownr@^1.1.1
571 silly packumentCache full:https://registry.npmjs.org/chownr cache-miss
572 http fetch GET 200 https://registry.npmjs.org/chownr 18ms (cache hit)
573 silly packumentCache full:https://registry.npmjs.org/chownr set size:22157 disposed:false
574 silly fetch manifest tar-stream@^2.1.4
575 silly packumentCache full:https://registry.npmjs.org/tar-stream cache-miss
576 http fetch GET 200 https://registry.npmjs.org/decompress-response 50ms (cache miss)
577 silly packumentCache full:https://registry.npmjs.org/decompress-response set size:undefined disposed:false
578 http fetch GET 200 https://registry.npmjs.org/strip-json-comments 54ms (cache miss)
579 silly packumentCache full:https://registry.npmjs.org/strip-json-comments set size:undefined disposed:false
580 http fetch GET 200 https://registry.npmjs.org/ini 68ms (cache miss)
581 silly packumentCache full:https://registry.npmjs.org/ini set size:undefined disposed:false
582 http fetch GET 200 https://registry.npmjs.org/simple-concat 69ms (cache miss)
583 silly packumentCache full:https://registry.npmjs.org/simple-concat set size:undefined disposed:false
584 http fetch GET 200 https://registry.npmjs.org/end-of-stream 76ms (cache miss)
585 silly packumentCache full:https://registry.npmjs.org/end-of-stream set size:undefined disposed:false
586 http fetch GET 200 https://registry.npmjs.org/tar-stream 72ms (cache miss)
587 silly packumentCache full:https://registry.npmjs.org/tar-stream set size:undefined disposed:false
588 http fetch GET 200 https://registry.npmjs.org/deep-extend 105ms (cache miss)
589 silly packumentCache full:https://registry.npmjs.org/deep-extend set size:undefined disposed:false
590 silly placeDep ROOT err-code@2.0.3 OK for: promise-retry@2.0.1 want: ^2.0.2
591 silly placeDep ROOT retry@0.12.0 OK for: promise-retry@2.0.1 want: ^0.12.0
592 silly placeDep ROOT end-of-stream@1.4.4 OK for: pump@3.0.2 want: ^1.1.0
593 silly placeDep ROOT deep-extend@0.6.0 OK for: rc@1.2.8 want: ^0.6.0
594 silly placeDep ROOT ini@1.3.8 OK for: rc@1.2.8 want: ~1.3.0
595 silly placeDep ROOT strip-json-comments@2.0.1 OK for: rc@1.2.8 want: ~2.0.1
596 silly placeDep ROOT string_decoder@1.3.0 OK for: readable-stream@3.6.2 want: ^1.1.1
597 silly placeDep ROOT util-deprecate@1.0.2 OK for: readable-stream@3.6.2 want: ^1.0.1
598 silly fetch manifest safe-buffer@~5.2.0
599 silly packumentCache full:https://registry.npmjs.org/safe-buffer cache-miss
600 http fetch GET 200 https://registry.npmjs.org/safe-buffer 73ms (cache miss)
601 silly packumentCache full:https://registry.npmjs.org/safe-buffer set size:undefined disposed:false
602 silly placeDep ROOT decompress-response@6.0.0 OK for: simple-get@4.0.1 want: ^6.0.0
603 silly placeDep ROOT simple-concat@1.0.1 OK for: simple-get@4.0.1 want: ^1.0.0
604 silly fetch manifest mimic-response@^3.1.0
605 silly packumentCache full:https://registry.npmjs.org/mimic-response cache-miss
606 http fetch GET 200 https://registry.npmjs.org/mimic-response 45ms (cache miss)
607 silly packumentCache full:https://registry.npmjs.org/mimic-response set size:undefined disposed:false
608 silly placeDep ROOT mimic-response@3.1.0 OK for: decompress-response@6.0.0 want: ^3.1.0
609 silly placeDep node_modules/socks-proxy-agent debug@4.3.7 OK for: socks-proxy-agent@6.2.1 want: ^4.3.3
610 silly placeDep ROOT socks@2.8.3 OK for: socks-proxy-agent@6.2.1 want: ^2.6.2
611 silly fetch manifest ip-address@^9.0.5
612 silly packumentCache full:https://registry.npmjs.org/ip-address cache-miss
613 silly fetch manifest smart-buffer@^4.2.0
614 silly packumentCache full:https://registry.npmjs.org/smart-buffer cache-miss
615 http fetch GET 200 https://registry.npmjs.org/smart-buffer 50ms (cache miss)
616 silly packumentCache full:https://registry.npmjs.org/smart-buffer set size:undefined disposed:false
617 http fetch GET 200 https://registry.npmjs.org/ip-address 59ms (cache miss)
618 silly packumentCache full:https://registry.npmjs.org/ip-address set size:undefined disposed:false
619 silly placeDep ROOT ip-address@9.0.5 OK for: socks@2.8.3 want: ^9.0.5
620 silly placeDep ROOT smart-buffer@4.2.0 OK for: socks@2.8.3 want: ^4.2.0
621 silly fetch manifest jsbn@1.1.0
622 silly packumentCache full:https://registry.npmjs.org/jsbn cache-miss
623 silly fetch manifest sprintf-js@^1.1.3
624 silly packumentCache full:https://registry.npmjs.org/sprintf-js cache-miss
625 http fetch GET 200 https://registry.npmjs.org/sprintf-js 51ms (cache miss)
626 silly packumentCache full:https://registry.npmjs.org/sprintf-js set size:undefined disposed:false
627 http fetch GET 200 https://registry.npmjs.org/jsbn 57ms (cache miss)
628 silly packumentCache full:https://registry.npmjs.org/jsbn set size:undefined disposed:false
629 silly placeDep ROOT jsbn@1.1.0 OK for: ip-address@9.0.5 want: 1.1.0
630 silly placeDep ROOT sprintf-js@1.1.3 OK for: ip-address@9.0.5 want: ^1.1.3
631 silly placeDep node_modules/string_decoder safe-buffer@5.2.1 OK for: string_decoder@1.3.0 want: ~5.2.0
632 silly placeDep ROOT emoji-regex@8.0.0 OK for: string-width@4.2.3 want: ^8.0.0
633 silly placeDep ROOT is-fullwidth-code-point@3.0.0 OK for: string-width@4.2.3 want: ^3.0.0
634 silly placeDep ROOT ansi-regex@5.0.1 OK for: strip-ansi@6.0.1 want: ^5.0.1
635 silly placeDep node_modules/tar minipass@5.0.0 OK for: tar@6.2.1 want: ^5.0.0
636 silly placeDep node_modules/tar-fs chownr@1.1.4 OK for: tar-fs@2.1.1 want: ^1.1.1
637 silly placeDep ROOT tar-stream@2.2.0 OK for: tar-fs@2.1.1 want: ^2.1.4
638 silly fetch manifest bl@^4.0.3
639 silly packumentCache full:https://registry.npmjs.org/bl cache-miss
640 silly fetch manifest fs-constants@^1.0.0
641 silly packumentCache full:https://registry.npmjs.org/fs-constants cache-miss
642 http fetch GET 200 https://registry.npmjs.org/fs-constants 49ms (cache miss)
643 silly packumentCache full:https://registry.npmjs.org/fs-constants set size:undefined disposed:false
644 http fetch GET 200 https://registry.npmjs.org/bl 61ms (cache miss)
645 silly packumentCache full:https://registry.npmjs.org/bl set size:undefined disposed:false
646 silly placeDep ROOT bl@4.1.0 OK for: tar-stream@2.2.0 want: ^4.0.3
647 silly placeDep ROOT fs-constants@1.0.0 OK for: tar-stream@2.2.0 want: ^1.0.0
648 silly fetch manifest buffer@^5.5.0
649 silly packumentCache full:https://registry.npmjs.org/buffer cache-miss
650 http fetch GET 200 https://registry.npmjs.org/buffer 65ms (cache miss)
651 silly packumentCache full:https://registry.npmjs.org/buffer set size:undefined disposed:false
652 silly placeDep ROOT buffer@5.7.1 OK for: bl@4.1.0 want: ^5.5.0
653 silly fetch manifest base64-js@^1.3.1
654 silly packumentCache full:https://registry.npmjs.org/base64-js cache-miss
655 silly fetch manifest ieee754@^1.1.13
656 silly packumentCache full:https://registry.npmjs.org/ieee754 cache-miss
657 http fetch GET 200 https://registry.npmjs.org/ieee754 38ms (cache miss)
658 silly packumentCache full:https://registry.npmjs.org/ieee754 set size:undefined disposed:false
659 http fetch GET 200 https://registry.npmjs.org/base64-js 58ms (cache miss)
660 silly packumentCache full:https://registry.npmjs.org/base64-js set size:undefined disposed:false
661 silly placeDep ROOT base64-js@1.5.1 OK for: buffer@5.7.1 want: ^1.3.1
662 silly placeDep ROOT ieee754@1.2.1 OK for: buffer@5.7.1 want: ^1.1.13
663 silly placeDep ROOT unique-slug@2.0.2 OK for: unique-filename@1.1.1 want: ^2.0.0
664 silly fetch manifest imurmurhash@^0.1.4
665 silly packumentCache full:https://registry.npmjs.org/imurmurhash cache-miss
666 http fetch GET 200 https://registry.npmjs.org/imurmurhash 49ms (cache miss)
667 silly packumentCache full:https://registry.npmjs.org/imurmurhash set size:undefined disposed:false
668 silly placeDep ROOT imurmurhash@0.1.4 OK for: unique-slug@2.0.2 want: ^0.1.4
669 silly placeDep ROOT isexe@2.0.0 OK for: which@2.0.2 want: ^2.0.0
670 silly placeDep node_modules/agent-base ms@2.1.3 OK for: debug@4.3.7 want: ^2.1.3
671 silly placeDep node_modules/http-proxy-agent ms@2.1.3 OK for: debug@4.3.7 want: ^2.1.3
672 silly placeDep node_modules/https-proxy-agent ms@2.1.3 OK for: debug@4.3.7 want: ^2.1.3
673 silly placeDep node_modules/socks-proxy-agent ms@2.1.3 OK for: debug@4.3.7 want: ^2.1.3
674 silly reify moves {}
675 silly tarball no local data for isexe@https://registry.npmjs.org/isexe/-/isexe-2.0.0.tgz. Extracting by manifest.
676 silly tarball no local data for buffer@https://registry.npmjs.org/buffer/-/buffer-5.7.1.tgz. Extracting by manifest.
677 silly tarball no local data for imurmurhash@https://registry.npmjs.org/imurmurhash/-/imurmurhash-0.1.4.tgz. Extracting by manifest.
678 silly tarball no local data for unique-slug@https://registry.npmjs.org/unique-slug/-/unique-slug-2.0.2.tgz. Extracting by manifest.
679 silly tarball no local data for ieee754@https://registry.npmjs.org/ieee754/-/ieee754-1.2.1.tgz. Extracting by manifest.
680 silly tarball no local data for tar-stream@https://registry.npmjs.org/tar-stream/-/tar-stream-2.2.0.tgz. Extracting by manifest.
681 silly tarball no local data for ansi-regex@https://registry.npmjs.org/ansi-regex/-/ansi-regex-5.0.1.tgz. Extracting by manifest.
682 silly tarball no local data for jsbn@https://registry.npmjs.org/jsbn/-/jsbn-1.1.0.tgz. Extracting by manifest.
683 silly tarball no local data for base64-js@https://registry.npmjs.org/base64-js/-/base64-js-1.5.1.tgz. Extracting by manifest.
684 silly tarball no local data for is-fullwidth-code-point@https://registry.npmjs.org/is-fullwidth-code-point/-/is-fullwidth-code-point-3.0.0.tgz. Extracting by manifest.
685 silly tarball no local data for bl@https://registry.npmjs.org/bl/-/bl-4.1.0.tgz. Extracting by manifest.
686 silly tarball no local data for emoji-regex@https://registry.npmjs.org/emoji-regex/-/emoji-regex-8.0.0.tgz. Extracting by manifest.
687 silly tarball no local data for mimic-response@https://registry.npmjs.org/mimic-response/-/mimic-response-3.1.0.tgz. Extracting by manifest.
688 silly tarball no local data for socks@https://registry.npmjs.org/socks/-/socks-2.8.3.tgz. Extracting by manifest.
689 silly tarball no local data for fs-constants@https://registry.npmjs.org/fs-constants/-/fs-constants-1.0.0.tgz. Extracting by manifest.
690 silly tarball no local data for decompress-response@https://registry.npmjs.org/decompress-response/-/decompress-response-6.0.0.tgz. Extracting by manifest.
691 silly tarball no local data for smart-buffer@https://registry.npmjs.org/smart-buffer/-/smart-buffer-4.2.0.tgz. Extracting by manifest.
692 silly tarball no local data for simple-concat@https://registry.npmjs.org/simple-concat/-/simple-concat-1.0.1.tgz. Extracting by manifest.
693 silly tarball no local data for sprintf-js@https://registry.npmjs.org/sprintf-js/-/sprintf-js-1.1.3.tgz. Extracting by manifest.
694 silly tarball no local data for util-deprecate@https://registry.npmjs.org/util-deprecate/-/util-deprecate-1.0.2.tgz. Extracting by manifest.
695 silly tarball no local data for string_decoder@https://registry.npmjs.org/string_decoder/-/string_decoder-1.3.0.tgz. Extracting by manifest.
696 silly tarball no local data for strip-json-comments@https://registry.npmjs.org/strip-json-comments/-/strip-json-comments-2.0.1.tgz. Extracting by manifest.
697 silly tarball no local data for err-code@https://registry.npmjs.org/err-code/-/err-code-2.0.3.tgz. Extracting by manifest.
698 silly tarball no local data for ini@https://registry.npmjs.org/ini/-/ini-1.3.8.tgz. Extracting by manifest.
699 silly tarball no local data for simple-get@https://registry.npmjs.org/simple-get/-/simple-get-4.0.1.tgz. Extracting by manifest.
700 silly tarball no local data for ip-address@https://registry.npmjs.org/ip-address/-/ip-address-9.0.5.tgz. Extracting by manifest.
701 silly tarball no local data for retry@https://registry.npmjs.org/retry/-/retry-0.12.0.tgz. Extracting by manifest.
702 silly tarball no local data for deep-extend@https://registry.npmjs.org/deep-extend/-/deep-extend-0.6.0.tgz. Extracting by manifest.
703 silly tarball no local data for node-abi@https://registry.npmjs.org/node-abi/-/node-abi-3.71.0.tgz. Extracting by manifest.
704 silly tarball no local data for end-of-stream@https://registry.npmjs.org/end-of-stream/-/end-of-stream-1.4.4.tgz. Extracting by manifest.
705 silly tarball no local data for napi-build-utils@https://registry.npmjs.org/napi-build-utils/-/napi-build-utils-1.0.2.tgz. Extracting by manifest.
706 silly tarball no local data for rc@https://registry.npmjs.org/rc/-/rc-1.2.8.tgz. Extracting by manifest.
707 silly tarball no local data for minimist@https://registry.npmjs.org/minimist/-/minimist-1.2.8.tgz. Extracting by manifest.
708 silly tarball no local data for tunnel-agent@https://registry.npmjs.org/tunnel-agent/-/tunnel-agent-0.6.0.tgz. Extracting by manifest.
709 silly tarball no local data for detect-libc@https://registry.npmjs.org/detect-libc/-/detect-libc-2.0.3.tgz. Extracting by manifest.
710 silly tarball no local data for pump@https://registry.npmjs.org/pump/-/pump-3.0.2.tgz. Extracting by manifest.
711 silly tarball no local data for tar-fs@https://registry.npmjs.org/tar-fs/-/tar-fs-2.1.1.tgz. Extracting by manifest.
712 silly tarball no local data for mkdirp-classic@https://registry.npmjs.org/mkdirp-classic/-/mkdirp-classic-0.5.3.tgz. Extracting by manifest.
713 silly tarball no local data for expand-template@https://registry.npmjs.org/expand-template/-/expand-template-2.0.3.tgz. Extracting by manifest.
714 silly tarball no local data for clean-stack@https://registry.npmjs.org/clean-stack/-/clean-stack-2.2.0.tgz. Extracting by manifest.
715 silly tarball no local data for github-from-package@https://registry.npmjs.org/github-from-package/-/github-from-package-0.0.0.tgz. Extracting by manifest.
716 silly tarball no local data for strip-ansi@https://registry.npmjs.org/strip-ansi/-/strip-ansi-6.0.1.tgz. Extracting by manifest.
717 silly tarball no local data for indent-string@https://registry.npmjs.org/indent-string/-/indent-string-4.0.0.tgz. Extracting by manifest.
718 silly tarball no local data for signal-exit@https://registry.npmjs.org/signal-exit/-/signal-exit-3.0.7.tgz. Extracting by manifest.
719 silly tarball no local data for has-unicode@https://registry.npmjs.org/has-unicode/-/has-unicode-2.0.1.tgz. Extracting by manifest.
720 silly tarball no local data for aggregate-error@https://registry.npmjs.org/aggregate-error/-/aggregate-error-3.1.0.tgz. Extracting by manifest.
721 silly tarball no local data for color-support@https://registry.npmjs.org/color-support/-/color-support-1.1.3.tgz. Extracting by manifest.
722 silly tarball no local data for wide-align@https://registry.npmjs.org/wide-align/-/wide-align-1.1.5.tgz. Extracting by manifest.
723 silly tarball no local data for readable-stream@https://registry.npmjs.org/readable-stream/-/readable-stream-3.6.2.tgz. Extracting by manifest.
724 silly tarball no local data for delegates@https://registry.npmjs.org/delegates/-/delegates-1.0.0.tgz. Extracting by manifest.
725 silly tarball no local data for abbrev@https://registry.npmjs.org/abbrev/-/abbrev-1.1.1.tgz. Extracting by manifest.
726 silly tarball no local data for string-width@https://registry.npmjs.org/string-width/-/string-width-4.2.3.tgz. Extracting by manifest.
727 silly tarball no local data for set-blocking@https://registry.npmjs.org/set-blocking/-/set-blocking-2.0.0.tgz. Extracting by manifest.
728 silly tarball no local data for gauge@https://registry.npmjs.org/gauge/-/gauge-4.0.4.tgz. Extracting by manifest.
729 silly tarball no local data for aproba@https://registry.npmjs.org/aproba/-/aproba-2.0.0.tgz. Extracting by manifest.
730 silly tarball no local data for console-control-strings@https://registry.npmjs.org/console-control-strings/-/console-control-strings-1.1.0.tgz. Extracting by manifest.
731 silly tarball no local data for iconv-lite@https://registry.npmjs.org/iconv-lite/-/iconv-lite-0.6.3.tgz. Extracting by manifest.
732 silly tarball no local data for minizlib@https://registry.npmjs.org/minizlib/-/minizlib-2.1.2.tgz. Extracting by manifest.
733 silly tarball no local data for are-we-there-yet@https://registry.npmjs.org/are-we-there-yet/-/are-we-there-yet-3.0.1.tgz. Extracting by manifest.
734 silly tarball no local data for minipass-sized@https://registry.npmjs.org/minipass-sized/-/minipass-sized-1.0.3.tgz. Extracting by manifest.
735 silly tarball no local data for encoding@https://registry.npmjs.org/encoding/-/encoding-0.1.13.tgz. Extracting by manifest.
736 silly tarball no local data for balanced-match@https://registry.npmjs.org/balanced-match/-/balanced-match-1.0.2.tgz. Extracting by manifest.
737 silly tarball no local data for @tootallnate/once@https://registry.npmjs.org/@tootallnate/once/-/once-1.1.2.tgz. Extracting by manifest.
738 silly tarball no local data for brace-expansion@https://registry.npmjs.org/brace-expansion/-/brace-expansion-1.1.11.tgz. Extracting by manifest.
739 silly tarball no local data for safer-buffer@https://registry.npmjs.org/safer-buffer/-/safer-buffer-2.1.2.tgz. Extracting by manifest.
740 silly tarball no local data for yallist@https://registry.npmjs.org/yallist/-/yallist-4.0.0.tgz. Extracting by manifest.
741 silly tarball no local data for agent-base@https://registry.npmjs.org/agent-base/-/agent-base-6.0.2.tgz. Extracting by manifest.
742 silly tarball no local data for unique-filename@https://registry.npmjs.org/unique-filename/-/unique-filename-1.1.1.tgz. Extracting by manifest.
743 silly tarball no local data for concat-map@https://registry.npmjs.org/concat-map/-/concat-map-0.0.1.tgz. Extracting by manifest.
744 silly tarball no local data for mkdirp@https://registry.npmjs.org/mkdirp/-/mkdirp-1.0.4.tgz. Extracting by manifest.
745 silly tarball no local data for @gar/promisify@https://registry.npmjs.org/@gar/promisify/-/promisify-1.1.3.tgz. Extracting by manifest.
746 silly tarball no local data for promise-inflight@https://registry.npmjs.org/promise-inflight/-/promise-inflight-1.0.1.tgz. Extracting by manifest.
747 silly tarball no local data for p-map@https://registry.npmjs.org/p-map/-/p-map-4.0.0.tgz. Extracting by manifest.
748 silly tarball no local data for fs-minipass@https://registry.npmjs.org/fs-minipass/-/fs-minipass-2.1.0.tgz. Extracting by manifest.
749 silly tarball no local data for @npmcli/move-file@https://registry.npmjs.org/@npmcli/move-file/-/move-file-1.1.2.tgz. Extracting by manifest.
750 silly tarball no local data for socks-proxy-agent@https://registry.npmjs.org/socks-proxy-agent/-/socks-proxy-agent-6.2.1.tgz. Extracting by manifest.
751 silly tarball no local data for ssri@https://registry.npmjs.org/ssri/-/ssri-8.0.1.tgz. Extracting by manifest.
752 silly tarball no local data for chownr@https://registry.npmjs.org/chownr/-/chownr-2.0.0.tgz. Extracting by manifest.
753 silly tarball no local data for infer-owner@https://registry.npmjs.org/infer-owner/-/infer-owner-1.0.4.tgz. Extracting by manifest.
754 silly tarball no local data for minipass-pipeline@https://registry.npmjs.org/minipass-pipeline/-/minipass-pipeline-1.2.4.tgz. Extracting by manifest.
755 silly tarball no local data for promise-retry@https://registry.npmjs.org/promise-retry/-/promise-retry-2.0.1.tgz. Extracting by manifest.
756 silly tarball no local data for minipass-fetch@https://registry.npmjs.org/minipass-fetch/-/minipass-fetch-1.4.1.tgz. Extracting by manifest.
757 silly tarball no local data for @npmcli/fs@https://registry.npmjs.org/@npmcli/fs/-/fs-1.1.1.tgz. Extracting by manifest.
758 silly tarball no local data for humanize-ms@https://registry.npmjs.org/humanize-ms/-/humanize-ms-1.2.1.tgz. Extracting by manifest.
759 silly tarball no local data for minipass-flush@https://registry.npmjs.org/minipass-flush/-/minipass-flush-1.0.5.tgz. Extracting by manifest.
760 silly tarball no local data for minipass@https://registry.npmjs.org/minipass/-/minipass-3.3.6.tgz. Extracting by manifest.
761 silly tarball no local data for minipass-collect@https://registry.npmjs.org/minipass-collect/-/minipass-collect-1.0.2.tgz. Extracting by manifest.
762 silly tarball no local data for is-lambda@https://registry.npmjs.org/is-lambda/-/is-lambda-1.0.1.tgz. Extracting by manifest.
763 silly tarball no local data for http-proxy-agent@https://registry.npmjs.org/http-proxy-agent/-/http-proxy-agent-4.0.1.tgz. Extracting by manifest.
764 silly tarball no local data for lru-cache@https://registry.npmjs.org/lru-cache/-/lru-cache-6.0.0.tgz. Extracting by manifest.
765 silly tarball no local data for https-proxy-agent@https://registry.npmjs.org/https-proxy-agent/-/https-proxy-agent-5.0.1.tgz. Extracting by manifest.
766 silly tarball no local data for http-cache-semantics@https://registry.npmjs.org/http-cache-semantics/-/http-cache-semantics-4.1.1.tgz. Extracting by manifest.
767 silly tarball no local data for cacache@https://registry.npmjs.org/cacache/-/cacache-15.3.0.tgz. Extracting by manifest.
768 silly tarball no local data for agentkeepalive@https://registry.npmjs.org/agentkeepalive/-/agentkeepalive-4.5.0.tgz. Extracting by manifest.
769 silly tarball no local data for wrappy@https://registry.npmjs.org/wrappy/-/wrappy-1.0.2.tgz. Extracting by manifest.
770 silly tarball no local data for path-is-absolute@https://registry.npmjs.org/path-is-absolute/-/path-is-absolute-1.0.1.tgz. Extracting by manifest.
771 silly tarball no local data for once@https://registry.npmjs.org/once/-/once-1.4.0.tgz. Extracting by manifest.
772 silly tarball no local data for minimatch@https://registry.npmjs.org/minimatch/-/minimatch-3.1.2.tgz. Extracting by manifest.
773 silly tarball no local data for inflight@https://registry.npmjs.org/inflight/-/inflight-1.0.6.tgz. Extracting by manifest.
774 silly tarball no local data for rimraf@https://registry.npmjs.org/rimraf/-/rimraf-3.0.2.tgz. Extracting by manifest.
775 silly tarball no local data for fs.realpath@https://registry.npmjs.org/fs.realpath/-/fs.realpath-1.0.0.tgz. Extracting by manifest.
776 silly tarball no local data for which@https://registry.npmjs.org/which/-/which-2.0.2.tgz. Extracting by manifest.
777 silly tarball no local data for npmlog@https://registry.npmjs.org/npmlog/-/npmlog-6.0.2.tgz. Extracting by manifest.
778 silly tarball no local data for semver@https://registry.npmjs.org/semver/-/semver-7.6.3.tgz. Extracting by manifest.
779 silly tarball no local data for nopt@https://registry.npmjs.org/nopt/-/nopt-5.0.0.tgz. Extracting by manifest.
780 silly tarball no local data for make-fetch-happen@https://registry.npmjs.org/make-fetch-happen/-/make-fetch-happen-9.1.0.tgz. Extracting by manifest.
781 silly tarball no local data for graceful-fs@https://registry.npmjs.org/graceful-fs/-/graceful-fs-4.2.11.tgz. Extracting by manifest.
782 silly tarball no local data for glob@https://registry.npmjs.org/glob/-/glob-7.2.3.tgz. Extracting by manifest.
783 silly tarball no local data for env-paths@https://registry.npmjs.org/env-paths/-/env-paths-2.2.1.tgz. Extracting by manifest.
784 silly tarball no local data for file-uri-to-path@https://registry.npmjs.org/file-uri-to-path/-/file-uri-to-path-1.0.0.tgz. Extracting by manifest.
785 silly tarball no local data for tar@https://registry.npmjs.org/tar/-/tar-6.2.1.tgz. Extracting by manifest.
786 silly tarball no local data for prebuild-install@https://registry.npmjs.org/prebuild-install/-/prebuild-install-7.1.2.tgz. Extracting by manifest.
787 silly tarball no local data for node-gyp@https://registry.npmjs.org/node-gyp/-/node-gyp-8.4.1.tgz. Extracting by manifest.
788 silly tarball no local data for bindings@https://registry.npmjs.org/bindings/-/bindings-1.5.0.tgz. Extracting by manifest.
789 silly tarball no local data for node-addon-api@https://registry.npmjs.org/node-addon-api/-/node-addon-api-7.1.1.tgz. Extracting by manifest.
790 silly tarball no local data for chownr@https://registry.npmjs.org/chownr/-/chownr-1.1.4.tgz. Extracting by manifest.
791 silly tarball no local data for safe-buffer@https://registry.npmjs.org/safe-buffer/-/safe-buffer-5.2.1.tgz. Extracting by manifest.
792 silly tarball no local data for sqlite3@https://registry.npmjs.org/sqlite3/-/sqlite3-5.1.7.tgz. Extracting by manifest.
793 silly tarball no local data for node-red-node-sqlite@https://registry.npmjs.org/node-red-node-sqlite/-/node-red-node-sqlite-1.1.0.tgz. Extracting by manifest.
794 silly tarball no local data for debug@https://registry.npmjs.org/debug/-/debug-4.3.7.tgz. Extracting by manifest.
795 silly tarball no local data for debug@https://registry.npmjs.org/debug/-/debug-4.3.7.tgz. Extracting by manifest.
796 silly tarball no local data for debug@https://registry.npmjs.org/debug/-/debug-4.3.7.tgz. Extracting by manifest.
797 silly tarball no local data for minipass@https://registry.npmjs.org/minipass/-/minipass-5.0.0.tgz. Extracting by manifest.
798 silly tarball no local data for debug@https://registry.npmjs.org/debug/-/debug-4.3.7.tgz. Extracting by manifest.
799 http fetch GET 200 https://registry.npmjs.org/unique-slug/-/unique-slug-2.0.2.tgz 1059ms (cache miss)
800 http fetch GET 200 https://registry.npmjs.org/ansi-regex/-/ansi-regex-5.0.1.tgz 1177ms (cache miss)
801 http fetch GET 200 https://registry.npmjs.org/ieee754/-/ieee754-1.2.1.tgz 1181ms (cache miss)
802 http fetch GET 200 https://registry.npmjs.org/imurmurhash/-/imurmurhash-0.1.4.tgz 1185ms (cache miss)
803 http fetch GET 200 https://registry.npmjs.org/simple-concat/-/simple-concat-1.0.1.tgz 1169ms (cache miss)
804 http fetch GET 200 https://registry.npmjs.org/tar-stream/-/tar-stream-2.2.0.tgz 1273ms (cache miss)
805 http fetch GET 200 https://registry.npmjs.org/buffer/-/buffer-5.7.1.tgz 1278ms (cache miss)
806 http fetch GET 200 https://registry.npmjs.org/util-deprecate/-/util-deprecate-1.0.2.tgz 1305ms (cache miss)
807 http fetch GET 200 https://registry.npmjs.org/strip-json-comments/-/strip-json-comments-2.0.1.tgz 1304ms (cache miss)
808 http fetch GET 200 https://registry.npmjs.org/isexe/-/isexe-2.0.0.tgz 1335ms (cache miss)
809 http fetch GET 200 https://registry.npmjs.org/sprintf-js/-/sprintf-js-1.1.3.tgz 1312ms (cache miss)
810 http fetch GET 200 https://registry.npmjs.org/simple-get/-/simple-get-4.0.1.tgz 1344ms (cache miss)
811 http fetch GET 200 https://registry.npmjs.org/decompress-response/-/decompress-response-6.0.0.tgz 1418ms (cache miss)
812 http fetch GET 200 https://registry.npmjs.org/string_decoder/-/string_decoder-1.3.0.tgz 1414ms (cache miss)
813 http fetch GET 200 https://registry.npmjs.org/err-code/-/err-code-2.0.3.tgz 1408ms (cache miss)
814 http fetch GET 200 https://registry.npmjs.org/retry/-/retry-0.12.0.tgz 1405ms (cache miss)
815 http fetch GET 200 https://registry.npmjs.org/end-of-stream/-/end-of-stream-1.4.4.tgz 1403ms (cache miss)
816 http fetch GET 200 https://registry.npmjs.org/node-abi/-/node-abi-3.71.0.tgz 1407ms (cache miss)
817 http fetch GET 200 https://registry.npmjs.org/tunnel-agent/-/tunnel-agent-0.6.0.tgz 1405ms (cache miss)
818 http fetch GET 200 https://registry.npmjs.org/mkdirp-classic/-/mkdirp-classic-0.5.3.tgz 1457ms (cache miss)
819 http fetch GET 200 https://registry.npmjs.org/mimic-response/-/mimic-response-3.1.0.tgz 1585ms (cache miss)
820 http fetch GET 200 https://registry.npmjs.org/deep-extend/-/deep-extend-0.6.0.tgz 1567ms (cache miss)
821 http fetch GET 200 https://registry.npmjs.org/base64-js/-/base64-js-1.5.1.tgz 1658ms (cache miss)
822 http fetch GET 200 https://registry.npmjs.org/ini/-/ini-1.3.8.tgz 1633ms (cache miss)
823 http fetch GET 200 https://registry.npmjs.org/napi-build-utils/-/napi-build-utils-1.0.2.tgz 1629ms (cache miss)
824 http fetch GET 200 https://registry.npmjs.org/is-fullwidth-code-point/-/is-fullwidth-code-point-3.0.0.tgz 1663ms (cache miss)
825 http fetch GET 200 https://registry.npmjs.org/tar-fs/-/tar-fs-2.1.1.tgz 1628ms (cache miss)
826 http fetch GET 200 https://registry.npmjs.org/clean-stack/-/clean-stack-2.2.0.tgz 1626ms (cache miss)
827 http fetch GET 200 https://registry.npmjs.org/expand-template/-/expand-template-2.0.3.tgz 1629ms (cache miss)
828 http fetch GET 200 https://registry.npmjs.org/set-blocking/-/set-blocking-2.0.0.tgz 1616ms (cache miss)
829 http fetch GET 200 https://registry.npmjs.org/rc/-/rc-1.2.8.tgz 1692ms (cache miss)
830 http fetch GET 200 https://registry.npmjs.org/fs-constants/-/fs-constants-1.0.0.tgz 1718ms (cache miss)
831 http fetch GET 200 https://registry.npmjs.org/wide-align/-/wide-align-1.1.5.tgz 1680ms (cache miss)
832 http fetch GET 200 https://registry.npmjs.org/strip-ansi/-/strip-ansi-6.0.1.tgz 1689ms (cache miss)
833 http fetch GET 200 https://registry.npmjs.org/brace-expansion/-/brace-expansion-1.1.11.tgz 1652ms (cache miss)
834 http fetch GET 200 https://registry.npmjs.org/balanced-match/-/balanced-match-1.0.2.tgz 1660ms (cache miss)
835 http fetch GET 200 https://registry.npmjs.org/aggregate-error/-/aggregate-error-3.1.0.tgz 1723ms (cache miss)
836 http fetch GET 200 https://registry.npmjs.org/emoji-regex/-/emoji-regex-8.0.0.tgz 1769ms (cache miss)
837 http fetch GET 200 https://registry.npmjs.org/color-support/-/color-support-1.1.3.tgz 1726ms (cache miss)
838 http fetch GET 200 https://registry.npmjs.org/abbrev/-/abbrev-1.1.1.tgz 1725ms (cache miss)
839 http fetch GET 200 https://registry.npmjs.org/signal-exit/-/signal-exit-3.0.7.tgz 1734ms (cache miss)
840 http fetch GET 200 https://registry.npmjs.org/promise-inflight/-/promise-inflight-1.0.1.tgz 1684ms (cache miss)
841 http fetch GET 200 https://registry.npmjs.org/unique-filename/-/unique-filename-1.1.1.tgz 1692ms (cache miss)
842 http fetch GET 200 https://registry.npmjs.org/pump/-/pump-3.0.2.tgz 1782ms (cache miss)
843 http fetch GET 200 https://registry.npmjs.org/has-unicode/-/has-unicode-2.0.1.tgz 1774ms (cache miss)
844 http fetch GET 200 https://registry.npmjs.org/indent-string/-/indent-string-4.0.0.tgz 1778ms (cache miss)
845 http fetch GET 200 https://registry.npmjs.org/@tootallnate/once/-/once-1.1.2.tgz 1749ms (cache miss)
846 http fetch GET 200 https://registry.npmjs.org/minizlib/-/minizlib-2.1.2.tgz 1766ms (cache miss)
847 http fetch GET 200 https://registry.npmjs.org/promise-retry/-/promise-retry-2.0.1.tgz 1734ms (cache miss)
848 http fetch GET 200 https://registry.npmjs.org/@gar/promisify/-/promisify-1.1.3.tgz 1753ms (cache miss)
849 http fetch GET 200 https://registry.npmjs.org/minipass-fetch/-/minipass-fetch-1.4.1.tgz 1737ms (cache miss)
850 http fetch GET 200 https://registry.npmjs.org/github-from-package/-/github-from-package-0.0.0.tgz 1822ms (cache miss)
851 http fetch GET 200 https://registry.npmjs.org/console-control-strings/-/console-control-strings-1.1.0.tgz 1804ms (cache miss)
852 http fetch GET 200 https://registry.npmjs.org/delegates/-/delegates-1.0.0.tgz 1815ms (cache miss)
853 http fetch GET 200 https://registry.npmjs.org/string-width/-/string-width-4.2.3.tgz 1814ms (cache miss)
854 http fetch GET 200 https://registry.npmjs.org/chownr/-/chownr-2.0.0.tgz 1782ms (cache miss)
855 http fetch GET 200 https://registry.npmjs.org/minipass-pipeline/-/minipass-pipeline-1.2.4.tgz 1781ms (cache miss)
856 http fetch GET 200 https://registry.npmjs.org/humanize-ms/-/humanize-ms-1.2.1.tgz 1772ms (cache miss)
857 http fetch GET 200 https://registry.npmjs.org/minipass-flush/-/minipass-flush-1.0.5.tgz 1772ms (cache miss)
858 http fetch GET 200 https://registry.npmjs.org/detect-libc/-/detect-libc-2.0.3.tgz 1863ms (cache miss)
859 http fetch GET 200 https://registry.npmjs.org/aproba/-/aproba-2.0.0.tgz 1840ms (cache miss)
860 http fetch GET 200 https://registry.npmjs.org/are-we-there-yet/-/are-we-there-yet-3.0.1.tgz 1837ms (cache miss)
861 warn deprecated are-we-there-yet@3.0.1: This package is no longer supported.
862 http fetch GET 200 https://registry.npmjs.org/encoding/-/encoding-0.1.13.tgz 1831ms (cache miss)
863 http fetch GET 200 https://registry.npmjs.org/yallist/-/yallist-4.0.0.tgz 1819ms (cache miss)
864 http fetch GET 200 https://registry.npmjs.org/fs-minipass/-/fs-minipass-2.1.0.tgz 1805ms (cache miss)
865 http fetch GET 200 https://registry.npmjs.org/concat-map/-/concat-map-0.0.1.tgz 1815ms (cache miss)
866 http fetch GET 200 https://registry.npmjs.org/socks-proxy-agent/-/socks-proxy-agent-6.2.1.tgz 1804ms (cache miss)
867 http fetch GET 200 https://registry.npmjs.org/@npmcli/move-file/-/move-file-1.1.2.tgz 1813ms (cache miss)
868 warn deprecated @npmcli/move-file@1.1.2: This functionality has been moved to @npmcli/fs
869 http fetch GET 200 https://registry.npmjs.org/infer-owner/-/infer-owner-1.0.4.tgz 1809ms (cache miss)
870 http fetch GET 200 https://registry.npmjs.org/inflight/-/inflight-1.0.6.tgz 1772ms (cache miss)
871 warn deprecated inflight@1.0.6: This module is not supported, and leaks memory. Do not use it. Check out lru-cache if you want a good and tested way to coalesce async requests by a key value, which is much more comprehensive and powerful.
872 http fetch GET 200 https://registry.npmjs.org/wrappy/-/wrappy-1.0.2.tgz 1778ms (cache miss)
873 http fetch GET 200 https://registry.npmjs.org/is-lambda/-/is-lambda-1.0.1.tgz 1797ms (cache miss)
874 http fetch GET 200 https://registry.npmjs.org/http-cache-semantics/-/http-cache-semantics-4.1.1.tgz 1785ms (cache miss)
875 http fetch GET 200 https://registry.npmjs.org/p-map/-/p-map-4.0.0.tgz 1829ms (cache miss)
876 http fetch GET 200 https://registry.npmjs.org/which/-/which-2.0.2.tgz 1781ms (cache miss)
877 http fetch GET 200 https://registry.npmjs.org/fs.realpath/-/fs.realpath-1.0.0.tgz 1783ms (cache miss)
878 http fetch GET 200 https://registry.npmjs.org/lru-cache/-/lru-cache-6.0.0.tgz 1812ms (cache miss)
879 http fetch GET 200 https://registry.npmjs.org/once/-/once-1.4.0.tgz 1799ms (cache miss)
880 http fetch GET 200 https://registry.npmjs.org/https-proxy-agent/-/https-proxy-agent-5.0.1.tgz 1817ms (cache miss)
881 http fetch GET 200 https://registry.npmjs.org/bindings/-/bindings-1.5.0.tgz 1797ms (cache miss)
882 http fetch GET 200 https://registry.npmjs.org/env-paths/-/env-paths-2.2.1.tgz 1802ms (cache miss)
883 http fetch GET 200 https://registry.npmjs.org/path-is-absolute/-/path-is-absolute-1.0.1.tgz 1825ms (cache miss)
884 http fetch GET 200 https://registry.npmjs.org/minipass-collect/-/minipass-collect-1.0.2.tgz 1846ms (cache miss)
885 http fetch GET 200 https://registry.npmjs.org/minimatch/-/minimatch-3.1.2.tgz 1830ms (cache miss)
886 http fetch GET 200 https://registry.npmjs.org/rimraf/-/rimraf-3.0.2.tgz 1830ms (cache miss)
887 warn deprecated rimraf@3.0.2: Rimraf versions prior to v4 are no longer supported
888 http fetch GET 200 https://registry.npmjs.org/debug/-/debug-4.3.7.tgz 1815ms (cache miss)
889 http fetch GET 200 https://registry.npmjs.org/minipass/-/minipass-3.3.6.tgz 1862ms (cache miss)
890 http fetch GET 200 https://registry.npmjs.org/glob/-/glob-7.2.3.tgz 1840ms (cache miss)
891 warn deprecated glob@7.2.3: Glob versions prior to v9 are no longer supported
892 http fetch GET 200 https://registry.npmjs.org/file-uri-to-path/-/file-uri-to-path-1.0.0.tgz 1841ms (cache miss)
893 http fetch GET 200 https://registry.npmjs.org/agentkeepalive/-/agentkeepalive-4.5.0.tgz 1857ms (cache miss)
894 http fetch GET 200 https://registry.npmjs.org/ssri/-/ssri-8.0.1.tgz 1899ms (cache miss)
895 http fetch GET 200 https://registry.npmjs.org/safe-buffer/-/safe-buffer-5.2.1.tgz 1846ms (cache miss)
896 http fetch GET 200 https://registry.npmjs.org/chownr/-/chownr-1.1.4.tgz 1848ms (cache miss)
897 http fetch GET 200 https://registry.npmjs.org/http-proxy-agent/-/http-proxy-agent-4.0.1.tgz 1885ms (cache miss)
898 http fetch GET 200 https://registry.npmjs.org/smart-buffer/-/smart-buffer-4.2.0.tgz 2005ms (cache miss)
899 http fetch GET 200 https://registry.npmjs.org/prebuild-install/-/prebuild-install-7.1.2.tgz 1864ms (cache miss)
900 http fetch GET 200 https://registry.npmjs.org/safer-buffer/-/safer-buffer-2.1.2.tgz 1943ms (cache miss)
901 http fetch GET 200 https://registry.npmjs.org/npmlog/-/npmlog-6.0.2.tgz 1878ms (cache miss)
902 warn deprecated npmlog@6.0.2: This package is no longer supported.
903 http fetch GET 200 https://registry.npmjs.org/debug/-/debug-4.3.7.tgz 1860ms (cache miss)
904 http fetch GET 200 https://registry.npmjs.org/debug/-/debug-4.3.7.tgz 1864ms (cache miss)
905 http fetch GET 200 https://registry.npmjs.org/jsbn/-/jsbn-1.1.0.tgz 2038ms (cache miss)
906 http fetch GET 200 https://registry.npmjs.org/bl/-/bl-4.1.0.tgz 2037ms (cache miss)
907 http fetch GET 200 https://registry.npmjs.org/agent-base/-/agent-base-6.0.2.tgz 1951ms (cache miss)
908 http fetch GET 200 https://registry.npmjs.org/mkdirp/-/mkdirp-1.0.4.tgz 1946ms (cache miss)
909 http fetch GET 200 https://registry.npmjs.org/minipass/-/minipass-5.0.0.tgz 1872ms (cache miss)
910 http fetch GET 200 https://registry.npmjs.org/graceful-fs/-/graceful-fs-4.2.11.tgz 1895ms (cache miss)
911 http fetch GET 200 https://registry.npmjs.org/minimist/-/minimist-1.2.8.tgz 2032ms (cache miss)
912 http fetch GET 200 https://registry.npmjs.org/nopt/-/nopt-5.0.0.tgz 1927ms (cache miss)
913 http fetch GET 200 https://registry.npmjs.org/node-red-node-sqlite/-/node-red-node-sqlite-1.1.0.tgz 1927ms (cache miss)
914 http fetch GET 200 https://registry.npmjs.org/cacache/-/cacache-15.3.0.tgz 1977ms (cache miss)
915 http fetch GET 200 https://registry.npmjs.org/debug/-/debug-4.3.7.tgz 1954ms (cache miss)
916 http fetch GET 200 https://registry.npmjs.org/minipass-sized/-/minipass-sized-1.0.3.tgz 2079ms (cache miss)
917 http fetch GET 200 https://registry.npmjs.org/gauge/-/gauge-4.0.4.tgz 2090ms (cache miss)
918 warn deprecated gauge@4.0.4: This package is no longer supported.
919 http fetch GET 200 https://registry.npmjs.org/make-fetch-happen/-/make-fetch-happen-9.1.0.tgz 2037ms (cache miss)
920 http fetch GET 200 https://registry.npmjs.org/@npmcli/fs/-/fs-1.1.1.tgz 2077ms (cache miss)
921 http fetch GET 200 https://registry.npmjs.org/tar/-/tar-6.2.1.tgz 2046ms (cache miss)
922 http fetch GET 200 https://registry.npmjs.org/node-addon-api/-/node-addon-api-7.1.1.tgz 2053ms (cache miss)
923 http fetch GET 200 https://registry.npmjs.org/readable-stream/-/readable-stream-3.6.2.tgz 2177ms (cache miss)
924 http fetch GET 200 https://registry.npmjs.org/ip-address/-/ip-address-9.0.5.tgz 2211ms (cache miss)
925 http fetch GET 200 https://registry.npmjs.org/socks/-/socks-2.8.3.tgz 2259ms (cache miss)
926 http fetch GET 200 https://registry.npmjs.org/semver/-/semver-7.6.3.tgz 2120ms (cache miss)
927 http fetch GET 200 https://registry.npmjs.org/iconv-lite/-/iconv-lite-0.6.3.tgz 2240ms (cache miss)
928 http fetch GET 200 https://registry.npmjs.org/sqlite3/-/sqlite3-5.1.7.tgz 2339ms (cache miss)
929 http fetch GET 200 https://registry.npmjs.org/node-gyp/-/node-gyp-8.4.1.tgz 2411ms (cache miss)
930 info run sqlite3@5.1.7 install node_modules/sqlite3 prebuild-install -r napi || node-gyp rebuild
931 info run sqlite3@5.1.7 install { code: 0, signal: null }
932 silly ADD node_modules/isexe
933 silly ADD node_modules/imurmurhash
934 silly ADD node_modules/unique-slug
935 silly ADD node_modules/ieee754
936 silly ADD node_modules/base64-js
937 silly ADD node_modules/buffer
938 silly ADD node_modules/fs-constants
939 silly ADD node_modules/bl
940 silly ADD node_modules/tar-stream
941 silly ADD node_modules/ansi-regex
942 silly ADD node_modules/is-fullwidth-code-point
943 silly ADD node_modules/emoji-regex
944 silly ADD node_modules/sprintf-js
945 silly ADD node_modules/jsbn
946 silly ADD node_modules/smart-buffer
947 silly ADD node_modules/ip-address
948 silly ADD node_modules/socks
949 silly ADD node_modules/mimic-response
950 silly ADD node_modules/simple-concat
951 silly ADD node_modules/decompress-response
952 silly ADD node_modules/util-deprecate
953 silly ADD node_modules/string_decoder
954 silly ADD node_modules/string_decoder/node_modules/safe-buffer
955 silly ADD node_modules/strip-json-comments
956 silly ADD node_modules/ini
957 silly ADD node_modules/deep-extend
958 silly ADD node_modules/end-of-stream
959 silly ADD node_modules/retry
960 silly ADD node_modules/err-code
961 silly ADD node_modules/tunnel-agent
962 silly ADD node_modules/tar-fs
963 silly ADD node_modules/tar-fs/node_modules/chownr
964 silly ADD node_modules/simple-get
965 silly ADD node_modules/rc
966 silly ADD node_modules/pump
967 silly ADD node_modules/node-abi
968 silly ADD node_modules/napi-build-utils
969 silly ADD node_modules/mkdirp-classic
970 silly ADD node_modules/minimist
971 silly ADD node_modules/github-from-package
972 silly ADD node_modules/expand-template
973 silly ADD node_modules/detect-libc
974 silly ADD node_modules/indent-string
975 silly ADD node_modules/clean-stack
976 silly ADD node_modules/aggregate-error
977 silly ADD node_modules/wide-align
978 silly ADD node_modules/strip-ansi
979 silly ADD node_modules/string-width
980 silly ADD node_modules/signal-exit
981 silly ADD node_modules/has-unicode
982 silly ADD node_modules/color-support
983 silly ADD node_modules/aproba
984 silly ADD node_modules/readable-stream
985 silly ADD node_modules/delegates
986 silly ADD node_modules/set-blocking
987 silly ADD node_modules/gauge
988 silly ADD node_modules/console-control-strings
989 silly ADD node_modules/are-we-there-yet
990 silly ADD node_modules/abbrev
991 silly ADD node_modules/safer-buffer
992 silly ADD node_modules/iconv-lite
993 silly ADD node_modules/minizlib
994 silly ADD node_modules/minipass-sized
995 silly ADD node_modules/encoding
996 silly ADD node_modules/concat-map
997 silly ADD node_modules/balanced-match
998 silly ADD node_modules/brace-expansion
999 silly ADD node_modules/yallist
1000 silly ADD node_modules/agent-base
1001 silly ADD node_modules/agent-base/node_modules/ms
1002 silly ADD node_modules/agent-base/node_modules/debug
1003 silly ADD node_modules/@tootallnate/once
1004 silly ADD node_modules/@gar/promisify
1005 silly ADD node_modules/unique-filename
1006 silly ADD node_modules/promise-inflight
1007 silly ADD node_modules/p-map
1008 silly ADD node_modules/mkdirp
1009 silly ADD node_modules/infer-owner
1010 silly ADD node_modules/fs-minipass
1011 silly ADD node_modules/chownr
1012 silly ADD node_modules/@npmcli/move-file
1013 silly ADD node_modules/@npmcli/fs
1014 silly ADD node_modules/humanize-ms
1015 silly ADD node_modules/ssri
1016 silly ADD node_modules/socks-proxy-agent
1017 silly ADD node_modules/socks-proxy-agent/node_modules/ms
1018 silly ADD node_modules/socks-proxy-agent/node_modules/debug
1019 silly ADD node_modules/promise-retry
1020 silly ADD node_modules/minipass-pipeline
1021 silly ADD node_modules/minipass-flush
1022 silly ADD node_modules/minipass-fetch
1023 silly ADD node_modules/minipass-collect
1024 silly ADD node_modules/minipass
1025 silly ADD node_modules/lru-cache
1026 silly ADD node_modules/is-lambda
1027 silly ADD node_modules/https-proxy-agent
1028 silly ADD node_modules/https-proxy-agent/node_modules/ms
1029 silly ADD node_modules/https-proxy-agent/node_modules/debug
1030 silly ADD node_modules/http-proxy-agent
1031 silly ADD node_modules/http-proxy-agent/node_modules/ms
1032 silly ADD node_modules/http-proxy-agent/node_modules/debug
1033 silly ADD node_modules/http-cache-semantics
1034 silly ADD node_modules/cacache
1035 silly ADD node_modules/agentkeepalive
1036 silly ADD node_modules/wrappy
1037 silly ADD node_modules/path-is-absolute
1038 silly ADD node_modules/once
1039 silly ADD node_modules/minimatch
1040 silly ADD node_modules/inflight
1041 silly ADD node_modules/fs.realpath
1042 silly ADD node_modules/which
1043 silly ADD node_modules/semver
1044 silly ADD node_modules/rimraf
1045 silly ADD node_modules/npmlog
1046 silly ADD node_modules/nopt
1047 silly ADD node_modules/make-fetch-happen
1048 silly ADD node_modules/graceful-fs
1049 silly ADD node_modules/glob
1050 silly ADD node_modules/env-paths
1051 silly ADD node_modules/file-uri-to-path
1052 silly ADD node_modules/tar
1053 silly ADD node_modules/tar/node_modules/minipass
1054 silly ADD node_modules/prebuild-install
1055 silly ADD node_modules/node-gyp
1056 silly ADD node_modules/node-addon-api
1057 silly ADD node_modules/bindings
1058 silly ADD node_modules/sqlite3
1059 silly ADD node_modules/node-red-node-sqlite
1060 verbose cwd /data
1061 verbose os Linux 6.10.4-linuxkit
1062 verbose node v20.17.0
1063 verbose npm  v10.8.2
1064 verbose exit 0
1065 info ok
